# JRE version: Java(TM) SE Runtime Environment (8.0_202-b08) (build 1.8.0_202-b08)
# Java VM: Java HotSpot(TM) 64-Bit Server VM (25.202-b08 mixed mode windows-amd64 compressed oops)
Heap:
 PSYoungGen      total 160256K, used 28383K [0x000000076cb00000, 0x0000000779100000, 0x00000007c0000000)
  eden space 121856K, 16% used [0x000000076cb00000,0x000000076de9a940,0x0000000774200000)
  from space 38400K, 21% used [0x0000000776b80000,0x000000077739d408,0x0000000779100000)
  to   space 40448K, 0% used [0x0000000774200000,0x0000000774200000,0x0000000776980000)
 ParOldGen       total 620032K, used 235683K [0x00000006c6000000, 0x00000006ebd80000, 0x000000076cb00000)
  object space 620032K, 38% used [0x00000006c6000000,0x00000006d4628cb0,0x00000006ebd80000)
 Metaspace       used 112159K, capacity 113416K, committed 114048K, reserved 1146880K
  class space    used 16926K, capacity 17225K, committed 17280K, reserved 1048576K
GC Heap History (10 events):
Event: 3309.580 GC heap before
{Heap before GC invocations=72 (full 4):
 PSYoungGen      total 137728K, used 137353K [0x000000076cb00000, 0x000000077a600000, 0x00000007c0000000)
  eden space 126976K, 100% used [0x000000076cb00000,0x0000000774700000,0x0000000774700000)
  from space 10752K, 96% used [0x0000000774800000,0x00000007752226f0,0x0000000775280000)
  to   space 48640K, 0% used [0x0000000777680000,0x0000000777680000,0x000000077a600000)
 ParOldGen       total 620032K, used 233432K [0x00000006c6000000, 0x00000006ebd80000, 0x000000076cb00000)
  object space 620032K, 37% used [0x00000006c6000000,0x00000006d43f60a8,0x00000006ebd80000)
 Metaspace       used 111958K, capacity 113138K, committed 114048K, reserved 1146880K
  class space    used 16913K, capacity 17184K, committed 17280K, reserved 1048576K
Event: 3309.590 GC heap after
Heap after GC invocations=72 (full 4):
 PSYoungGen      total 169472K, used 10717K [0x000000076cb00000, 0x000000077a100000, 0x00000007c0000000)
  eden space 125952K, 0% used [0x000000076cb00000,0x000000076cb00000,0x0000000774600000)
  from space 43520K, 24% used [0x0000000777680000,0x00000007780f75e8,0x000000077a100000)
  to   space 46592K, 0% used [0x0000000774600000,0x0000000774600000,0x0000000777380000)
 ParOldGen       total 620032K, used 233584K [0x00000006c6000000, 0x00000006ebd80000, 0x000000076cb00000)
  object space 620032K, 37% used [0x00000006c6000000,0x00000006d441c0a8,0x00000006ebd80000)
 Metaspace       used 111958K, capacity 113138K, committed 114048K, reserved 1146880K
  class space    used 16913K, capacity 17184K, committed 17280K, reserved 1048576K
}
Event: 3325.594 GC heap before
{Heap before GC invocations=73 (full 4):
 PSYoungGen      total 169472K, used 136669K [0x000000076cb00000, 0x000000077a100000, 0x00000007c0000000)
  eden space 125952K, 100% used [0x000000076cb00000,0x0000000774600000,0x0000000774600000)
  from space 43520K, 24% used [0x0000000777680000,0x00000007780f75e8,0x000000077a100000)
  to   space 46592K, 0% used [0x0000000774600000,0x0000000774600000,0x0000000777380000)
 ParOldGen       total 620032K, used 233630K [0x00000006c6000000, 0x00000006ebd80000, 0x000000076cb00000)
  object space 620032K, 37% used [0x00000006c6000000,0x00000006d44278e0,0x00000006ebd80000)
 Metaspace       used 111965K, capacity 113138K, committed 114048K, reserved 1146880K
  class space    used 16913K, capacity 17184K, committed 17280K, reserved 1048576K
Event: 3325.603 GC heap after
Heap after GC invocations=73 (full 4):
 PSYoungGen      total 135680K, used 10467K [0x000000076cb00000, 0x0000000779d00000, 0x00000007c0000000)
  eden space 124928K, 0% used [0x000000076cb00000,0x000000076cb00000,0x0000000774500000)
  from space 10752K, 97% used [0x0000000774600000,0x0000000775038d00,0x0000000775080000)
  to   space 45056K, 0% used [0x0000000777100000,0x0000000777100000,0x0000000779d00000)
 ParOldGen       total 620032K, used 233718K [0x00000006c6000000, 0x00000006ebd80000, 0x000000076cb00000)
  object space 620032K, 37% used [0x00000006c6000000,0x00000006d443d8e0,0x00000006ebd80000)
 Metaspace       used 111965K, capacity 113138K, committed 114048K, reserved 1146880K
  class space    used 16913K, capacity 17184K, committed 17280K, reserved 1048576K
}
Event: 3835.068 GC heap before
{Heap before GC invocations=74 (full 4):
 PSYoungGen      total 135680K, used 135395K [0x000000076cb00000, 0x0000000779d00000, 0x00000007c0000000)
  eden space 124928K, 100% used [0x000000076cb00000,0x0000000774500000,0x0000000774500000)
  from space 10752K, 97% used [0x0000000774600000,0x0000000775038d00,0x0000000775080000)
  to   space 45056K, 0% used [0x0000000777100000,0x0000000777100000,0x0000000779d00000)
 ParOldGen       total 620032K, used 233723K [0x00000006c6000000, 0x00000006ebd80000, 0x000000076cb00000)
  object space 620032K, 37% used [0x00000006c6000000,0x00000006d443ece0,0x00000006ebd80000)
 Metaspace       used 112009K, capacity 113250K, committed 114048K, reserved 1146880K
  class space    used 16918K, capacity 17192K, committed 17280K, reserved 1048576K
Event: 3835.078 GC heap after
Heap after GC invocations=74 (full 4):
 PSYoungGen      total 163840K, used 11267K [0x000000076cb00000, 0x0000000779800000, 0x00000007c0000000)
  eden space 123904K, 0% used [0x000000076cb00000,0x000000076cb00000,0x0000000774400000)
  from space 39936K, 28% used [0x0000000777100000,0x0000000777c00d00,0x0000000779800000)
  to   space 43008K, 0% used [0x0000000774400000,0x0000000774400000,0x0000000776e00000)
 ParOldGen       total 620032K, used 233787K [0x00000006c6000000, 0x00000006ebd80000, 0x000000076cb00000)
  object space 620032K, 37% used [0x00000006c6000000,0x00000006d444ece0,0x00000006ebd80000)
 Metaspace       used 112009K, capacity 113250K, committed 114048K, reserved 1146880K
  class space    used 16918K, capacity 17192K, committed 17280K, reserved 1048576K
}
Event: 3862.432 GC heap before
{Heap before GC invocations=75 (full 4):
 PSYoungGen      total 163840K, used 135171K [0x000000076cb00000, 0x0000000779800000, 0x00000007c0000000)
  eden space 123904K, 100% used [0x000000076cb00000,0x0000000774400000,0x0000000774400000)
  from space 39936K, 28% used [0x0000000777100000,0x0000000777c00d00,0x0000000779800000)
  to   space 43008K, 0% used [0x0000000774400000,0x0000000774400000,0x0000000776e00000)
 ParOldGen       total 620032K, used 233787K [0x00000006c6000000, 0x00000006ebd80000, 0x000000076cb00000)
  object space 620032K, 37% used [0x00000006c6000000,0x00000006d444ece0,0x00000006ebd80000)
 Metaspace       used 112046K, capacity 113256K, committed 114048K, reserved 1146880K
  class space    used 16918K, capacity 17193K, committed 17280K, reserved 1048576K
Event: 3862.439 GC heap after
Heap after GC invocations=75 (full 4):
 PSYoungGen      total 132096K, used 9100K [0x000000076cb00000, 0x0000000779400000, 0x00000007c0000000)
  eden space 122880K, 0% used [0x000000076cb00000,0x000000076cb00000,0x0000000774300000)
  from space 9216K, 98% used [0x0000000774400000,0x0000000774ce33b8,0x0000000774d00000)
  to   space 41472K, 0% used [0x0000000776b80000,0x0000000776b80000,0x0000000779400000)
 ParOldGen       total 620032K, used 234355K [0x00000006c6000000, 0x00000006ebd80000, 0x000000076cb00000)
  object space 620032K, 37% used [0x00000006c6000000,0x00000006d44dcd00,0x00000006ebd80000)
 Metaspace       used 112046K, capacity 113256K, committed 114048K, reserved 1146880K
  class space    used 16918K, capacity 17193K, committed 17280K, reserved 1048576K
}
Event: 3893.700 GC heap before
{Heap before GC invocations=76 (full 4):
 PSYoungGen      total 132096K, used 131980K [0x000000076cb00000, 0x0000000779400000, 0x00000007c0000000)
  eden space 122880K, 100% used [0x000000076cb00000,0x0000000774300000,0x0000000774300000)
  from space 9216K, 98% used [0x0000000774400000,0x0000000774ce33b8,0x0000000774d00000)
  to   space 41472K, 0% used [0x0000000776b80000,0x0000000776b80000,0x0000000779400000)
 ParOldGen       total 620032K, used 234355K [0x00000006c6000000, 0x00000006ebd80000, 0x000000076cb00000)
  object space 620032K, 37% used [0x00000006c6000000,0x00000006d44dcd00,0x00000006ebd80000)
 Metaspace       used 112159K, capacity 113416K, committed 114048K, reserved 1146880K
  class space    used 16926K, capacity 17225K, committed 17280K, reserved 1048576K
Event: 3893.706 GC heap after
Heap after GC invocations=76 (full 4):
 PSYoungGen      total 160256K, used 8309K [0x000000076cb00000, 0x0000000779100000, 0x00000007c0000000)
  eden space 121856K, 0% used [0x000000076cb00000,0x000000076cb00000,0x0000000774200000)
  from space 38400K, 21% used [0x0000000776b80000,0x000000077739d408,0x0000000779100000)
  to   space 40448K, 0% used [0x0000000774200000,0x0000000774200000,0x0000000776980000)
 ParOldGen       total 620032K, used 235683K [0x00000006c6000000, 0x00000006ebd80000, 0x000000076cb00000)
  object space 620032K, 38% used [0x00000006c6000000,0x00000006d4628cb0,0x00000006ebd80000)
 Metaspace       used 112159K, capacity 113416K, committed 114048K, reserved 1146880K
  class space    used 16926K, capacity 17225K, committed 17280K, reserved 1048576K
}

