# JRE version: Java(TM) SE Runtime Environment (8.0_202-b08) (build 1.8.0_202-b08)
# Java VM: Java HotSpot(TM) 64-Bit Server VM (25.202-b08 mixed mode windows-amd64 compressed oops)
Heap:
 PSYoungGen      total 673792K, used 121705K [0x000000076cb00000, 0x000000079ab00000, 0x00000007c0000000)
  eden space 622592K, 12% used [0x000000076cb00000,0x00000007718abe28,0x0000000792b00000)
  from space 51200K, 82% used [0x0000000797900000,0x000000079a22e830,0x000000079ab00000)
  to   space 65536K, 0% used [0x0000000792b00000,0x0000000792b00000,0x0000000796b00000)
 ParOldGen       total 924160K, used 180489K [0x00000006c6000000, 0x00000006fe680000, 0x000000076cb00000)
  object space 924160K, 19% used [0x00000006c6000000,0x00000006d1042460,0x00000006fe680000)
 Metaspace       used 109239K, capacity 110312K, committed 111232K, reserved 1142784K
  class space    used 16729K, capacity 16983K, committed 17024K, reserved 1048576K
GC Heap History (10 events):
Event: 1616.136 GC heap before
{Heap before GC invocations=34 (full 4):
 PSYoungGen      total 731648K, used 731447K [0x000000076cb00000, 0x00000007a0f80000, 0x00000007c0000000)
  eden space 699904K, 100% used [0x000000076cb00000,0x0000000797680000,0x0000000797680000)
  from space 31744K, 99% used [0x0000000798780000,0x000000079a64df68,0x000000079a680000)
  to   space 78336K, 0% used [0x000000079c300000,0x000000079c300000,0x00000007a0f80000)
 ParOldGen       total 924160K, used 180447K [0x00000006c6000000, 0x00000006fe680000, 0x000000076cb00000)
  object space 924160K, 19% used [0x00000006c6000000,0x00000006d1037e38,0x00000006fe680000)
 Metaspace       used 108315K, capacity 109340K, committed 110464K, reserved 1142784K
  class space    used 16699K, capacity 16933K, committed 17024K, reserved 1048576K
Event: 1616.247 GC heap after
Heap after GC invocations=34 (full 4):
 PSYoungGen      total 738304K, used 37646K [0x000000076cb00000, 0x000000079f900000, 0x00000007c0000000)
  eden space 683008K, 0% used [0x000000076cb00000,0x000000076cb00000,0x0000000796600000)
  from space 55296K, 68% used [0x000000079c300000,0x000000079e7c3810,0x000000079f900000)
  to   space 75264K, 0% used [0x0000000796600000,0x0000000796600000,0x000000079af80000)
 ParOldGen       total 924160K, used 180455K [0x00000006c6000000, 0x00000006fe680000, 0x000000076cb00000)
  object space 924160K, 19% used [0x00000006c6000000,0x00000006d1039e38,0x00000006fe680000)
 Metaspace       used 108315K, capacity 109340K, committed 110464K, reserved 1142784K
  class space    used 16699K, capacity 16933K, committed 17024K, reserved 1048576K
}
Event: 1749.360 GC heap before
{Heap before GC invocations=35 (full 4):
 PSYoungGen      total 738304K, used 720654K [0x000000076cb00000, 0x000000079f900000, 0x00000007c0000000)
  eden space 683008K, 100% used [0x000000076cb00000,0x0000000796600000,0x0000000796600000)
  from space 55296K, 68% used [0x000000079c300000,0x000000079e7c3810,0x000000079f900000)
  to   space 75264K, 0% used [0x0000000796600000,0x0000000796600000,0x000000079af80000)
 ParOldGen       total 924160K, used 180457K [0x00000006c6000000, 0x00000006fe680000, 0x000000076cb00000)
  object space 924160K, 19% used [0x00000006c6000000,0x00000006d103a460,0x00000006fe680000)
 Metaspace       used 108493K, capacity 109574K, committed 110720K, reserved 1142784K
  class space    used 16704K, capacity 16940K, committed 17024K, reserved 1048576K
Event: 1749.406 GC heap after
Heap after GC invocations=35 (full 4):
 PSYoungGen      total 697344K, used 29952K [0x000000076cb00000, 0x000000079e380000, 0x00000007c0000000)
  eden space 667136K, 0% used [0x000000076cb00000,0x000000076cb00000,0x0000000795680000)
  from space 30208K, 99% used [0x0000000796600000,0x0000000798340048,0x0000000798380000)
  to   space 72192K, 0% used [0x0000000799d00000,0x0000000799d00000,0x000000079e380000)
 ParOldGen       total 924160K, used 180465K [0x00000006c6000000, 0x00000006fe680000, 0x000000076cb00000)
  object space 924160K, 19% used [0x00000006c6000000,0x00000006d103c460,0x00000006fe680000)
 Metaspace       used 108493K, capacity 109574K, committed 110720K, reserved 1142784K
  class space    used 16704K, capacity 16940K, committed 17024K, reserved 1048576K
}
Event: 2008.633 GC heap before
{Heap before GC invocations=36 (full 4):
 PSYoungGen      total 697344K, used 697088K [0x000000076cb00000, 0x000000079e380000, 0x00000007c0000000)
  eden space 667136K, 100% used [0x000000076cb00000,0x0000000795680000,0x0000000795680000)
  from space 30208K, 99% used [0x0000000796600000,0x0000000798340048,0x0000000798380000)
  to   space 72192K, 0% used [0x0000000799d00000,0x0000000799d00000,0x000000079e380000)
 ParOldGen       total 924160K, used 180465K [0x00000006c6000000, 0x00000006fe680000, 0x000000076cb00000)
  object space 924160K, 19% used [0x00000006c6000000,0x00000006d103c460,0x00000006fe680000)
 Metaspace       used 108706K, capacity 109804K, committed 110976K, reserved 1142784K
  class space    used 16707K, capacity 16973K, committed 17024K, reserved 1048576K
Event: 2008.682 GC heap after
Heap after GC invocations=36 (full 4):
 PSYoungGen      total 701440K, used 35275K [0x000000076cb00000, 0x000000079cd80000, 0x00000007c0000000)
  eden space 651776K, 0% used [0x000000076cb00000,0x000000076cb00000,0x0000000794780000)
  from space 49664K, 71% used [0x0000000799d00000,0x000000079bf72da8,0x000000079cd80000)
  to   space 68608K, 0% used [0x0000000794780000,0x0000000794780000,0x0000000798a80000)
 ParOldGen       total 924160K, used 180473K [0x00000006c6000000, 0x00000006fe680000, 0x000000076cb00000)
  object space 924160K, 19% used [0x00000006c6000000,0x00000006d103e460,0x00000006fe680000)
 Metaspace       used 108706K, capacity 109804K, committed 110976K, reserved 1142784K
  class space    used 16707K, capacity 16973K, committed 17024K, reserved 1048576K
}
Event: 2131.698 GC heap before
{Heap before GC invocations=37 (full 4):
 PSYoungGen      total 701440K, used 687051K [0x000000076cb00000, 0x000000079cd80000, 0x00000007c0000000)
  eden space 651776K, 100% used [0x000000076cb00000,0x0000000794780000,0x0000000794780000)
  from space 49664K, 71% used [0x0000000799d00000,0x000000079bf72da8,0x000000079cd80000)
  to   space 68608K, 0% used [0x0000000794780000,0x0000000794780000,0x0000000798a80000)
 ParOldGen       total 924160K, used 180473K [0x00000006c6000000, 0x00000006fe680000, 0x000000076cb00000)
  object space 924160K, 19% used [0x00000006c6000000,0x00000006d103e460,0x00000006fe680000)
 Metaspace       used 109100K, capacity 110212K, committed 111232K, reserved 1142784K
  class space    used 16724K, capacity 16977K, committed 17024K, reserved 1048576K
Event: 2131.735 GC heap after
Heap after GC invocations=37 (full 4):
 PSYoungGen      total 670208K, used 33159K [0x000000076cb00000, 0x000000079b900000, 0x00000007c0000000)
  eden space 636928K, 0% used [0x000000076cb00000,0x000000076cb00000,0x0000000793900000)
  from space 33280K, 99% used [0x0000000794780000,0x00000007967e1c98,0x0000000796800000)
  to   space 65536K, 0% used [0x0000000797900000,0x0000000797900000,0x000000079b900000)
 ParOldGen       total 924160K, used 180481K [0x00000006c6000000, 0x00000006fe680000, 0x000000076cb00000)
  object space 924160K, 19% used [0x00000006c6000000,0x00000006d1040460,0x00000006fe680000)
 Metaspace       used 109100K, capacity 110212K, committed 111232K, reserved 1142784K
  class space    used 16724K, capacity 16977K, committed 17024K, reserved 1048576K
}
Event: 2277.759 GC heap before
{Heap before GC invocations=38 (full 4):
 PSYoungGen      total 670208K, used 670087K [0x000000076cb00000, 0x000000079b900000, 0x00000007c0000000)
  eden space 636928K, 100% used [0x000000076cb00000,0x0000000793900000,0x0000000793900000)
  from space 33280K, 99% used [0x0000000794780000,0x00000007967e1c98,0x0000000796800000)
  to   space 65536K, 0% used [0x0000000797900000,0x0000000797900000,0x000000079b900000)
 ParOldGen       total 924160K, used 180481K [0x00000006c6000000, 0x00000006fe680000, 0x000000076cb00000)
  object space 924160K, 19% used [0x00000006c6000000,0x00000006d1040460,0x00000006fe680000)
 Metaspace       used 109227K, capacity 110312K, committed 111232K, reserved 1142784K
  class space    used 16729K, capacity 16983K, committed 17024K, reserved 1048576K
Event: 2277.828 GC heap after
Heap after GC invocations=38 (full 4):
 PSYoungGen      total 673792K, used 42170K [0x000000076cb00000, 0x000000079ab00000, 0x00000007c0000000)
  eden space 622592K, 0% used [0x000000076cb00000,0x000000076cb00000,0x0000000792b00000)
  from space 51200K, 82% used [0x0000000797900000,0x000000079a22e830,0x000000079ab00000)
  to   space 65536K, 0% used [0x0000000792b00000,0x0000000792b00000,0x0000000796b00000)
 ParOldGen       total 924160K, used 180489K [0x00000006c6000000, 0x00000006fe680000, 0x000000076cb00000)
  object space 924160K, 19% used [0x00000006c6000000,0x00000006d1042460,0x00000006fe680000)
 Metaspace       used 109227K, capacity 110312K, committed 111232K, reserved 1142784K
  class space    used 16729K, capacity 16983K, committed 17024K, reserved 1048576K
}

