# JRE version: Java(TM) SE Runtime Environment (8.0_202-b08) (build 1.8.0_202-b08)
# Java VM: Java HotSpot(TM) 64-Bit Server VM (25.202-b08 mixed mode windows-amd64 compressed oops)
Heap:
 PSYoungGen      total 382976K, used 9909K [0x000000076cb00000, 0x000000078c200000, 0x00000007c0000000)
  eden space 355840K, 2% used [0x000000076cb00000,0x000000076d4ad7e8,0x0000000782680000)
  from space 27136K, 0% used [0x0000000782680000,0x0000000782680000,0x0000000784100000)
  to   space 78848K, 0% used [0x0000000787500000,0x0000000787500000,0x000000078c200000)
 ParOldGen       total 1136640K, used 194776K [0x00000006c6000000, 0x000000070b600000, 0x000000076cb00000)
  object space 1136640K, 17% used [0x00000006c6000000,0x00000006d1e36290,0x000000070b600000)
 Metaspace       used 108335K, capacity 109416K, committed 110464K, reserved 1142784K
  class space    used 16846K, capacity 17131K, committed 17280K, reserved 1048576K
GC Heap History (10 events):
Event: 2187.240 GC heap before
{Heap before GC invocations=32 (full 5):
 PSYoungGen      total 428032K, used 353280K [0x000000076cb00000, 0x000000078bd00000, 0x00000007c0000000)
  eden space 353280K, 100% used [0x000000076cb00000,0x0000000782400000,0x0000000782400000)
  from space 74752K, 0% used [0x0000000787400000,0x0000000787400000,0x000000078bd00000)
  to   space 78336K, 0% used [0x0000000782400000,0x0000000782400000,0x0000000787080000)
 ParOldGen       total 1136640K, used 201596K [0x00000006c6000000, 0x000000070b600000, 0x000000076cb00000)
  object space 1136640K, 17% used [0x00000006c6000000,0x00000006d24df060,0x000000070b600000)
 Metaspace       used 108207K, capacity 109316K, committed 110080K, reserved 1142784K
  class space    used 16845K, capacity 17119K, committed 17152K, reserved 1048576K
Event: 2187.249 GC heap after
Heap after GC invocations=32 (full 5):
 PSYoungGen      total 431616K, used 4532K [0x000000076cb00000, 0x000000078c600000, 0x00000007c0000000)
  eden space 353280K, 0% used [0x000000076cb00000,0x000000076cb00000,0x0000000782400000)
  from space 78336K, 5% used [0x0000000782400000,0x000000078286d228,0x0000000787080000)
  to   space 80896K, 0% used [0x0000000787700000,0x0000000787700000,0x000000078c600000)
 ParOldGen       total 1136640K, used 201604K [0x00000006c6000000, 0x000000070b600000, 0x000000076cb00000)
  object space 1136640K, 17% used [0x00000006c6000000,0x00000006d24e1060,0x000000070b600000)
 Metaspace       used 108207K, capacity 109316K, committed 110080K, reserved 1142784K
  class space    used 16845K, capacity 17119K, committed 17152K, reserved 1048576K
}
Event: 2217.598 GC heap before
{Heap before GC invocations=33 (full 5):
 PSYoungGen      total 431616K, used 61272K [0x000000076cb00000, 0x000000078c600000, 0x00000007c0000000)
  eden space 353280K, 16% used [0x000000076cb00000,0x00000007702691a8,0x0000000782400000)
  from space 78336K, 5% used [0x0000000782400000,0x000000078286d228,0x0000000787080000)
  to   space 80896K, 0% used [0x0000000787700000,0x0000000787700000,0x000000078c600000)
 ParOldGen       total 1136640K, used 201604K [0x00000006c6000000, 0x000000070b600000, 0x000000076cb00000)
  object space 1136640K, 17% used [0x00000006c6000000,0x00000006d24e1060,0x000000070b600000)
 Metaspace       used 108286K, capacity 109380K, committed 110080K, reserved 1142784K
  class space    used 16854K, capacity 17119K, committed 17152K, reserved 1048576K
Event: 2217.602 GC heap after
Heap after GC invocations=33 (full 5):
 PSYoungGen      total 436736K, used 3768K [0x000000076cb00000, 0x000000078c900000, 0x00000007c0000000)
  eden space 355840K, 0% used [0x000000076cb00000,0x000000076cb00000,0x0000000782680000)
  from space 80896K, 4% used [0x0000000787700000,0x0000000787aae1b8,0x000000078c600000)
  to   space 82432K, 0% used [0x0000000782680000,0x0000000782680000,0x0000000787700000)
 ParOldGen       total 1136640K, used 201612K [0x00000006c6000000, 0x000000070b600000, 0x000000076cb00000)
  object space 1136640K, 17% used [0x00000006c6000000,0x00000006d24e3060,0x000000070b600000)
 Metaspace       used 108286K, capacity 109380K, committed 110080K, reserved 1142784K
  class space    used 16854K, capacity 17119K, committed 17152K, reserved 1048576K
}
Event: 2217.602 GC heap before
{Heap before GC invocations=34 (full 6):
 PSYoungGen      total 436736K, used 3768K [0x000000076cb00000, 0x000000078c900000, 0x00000007c0000000)
  eden space 355840K, 0% used [0x000000076cb00000,0x000000076cb00000,0x0000000782680000)
  from space 80896K, 4% used [0x0000000787700000,0x0000000787aae1b8,0x000000078c600000)
  to   space 82432K, 0% used [0x0000000782680000,0x0000000782680000,0x0000000787700000)
 ParOldGen       total 1136640K, used 201612K [0x00000006c6000000, 0x000000070b600000, 0x000000076cb00000)
  object space 1136640K, 17% used [0x00000006c6000000,0x00000006d24e3060,0x000000070b600000)
 Metaspace       used 108286K, capacity 109380K, committed 110080K, reserved 1142784K
  class space    used 16854K, capacity 17119K, committed 17152K, reserved 1048576K
Event: 2218.365 GC heap after
Heap after GC invocations=34 (full 6):
 PSYoungGen      total 436736K, used 0K [0x000000076cb00000, 0x000000078c900000, 0x00000007c0000000)
  eden space 355840K, 0% used [0x000000076cb00000,0x000000076cb00000,0x0000000782680000)
  from space 80896K, 0% used [0x0000000787700000,0x0000000787700000,0x000000078c600000)
  to   space 82432K, 0% used [0x0000000782680000,0x0000000782680000,0x0000000787700000)
 ParOldGen       total 1136640K, used 197799K [0x00000006c6000000, 0x000000070b600000, 0x000000076cb00000)
  object space 1136640K, 17% used [0x00000006c6000000,0x00000006d2129c70,0x000000070b600000)
 Metaspace       used 108274K, capacity 109364K, committed 110080K, reserved 1142784K
  class space    used 16853K, capacity 17117K, committed 17152K, reserved 1048576K
}
Event: 13338.440 GC heap before
{Heap before GC invocations=35 (full 6):
 PSYoungGen      total 436736K, used 178502K [0x000000076cb00000, 0x000000078c900000, 0x00000007c0000000)
  eden space 355840K, 50% used [0x000000076cb00000,0x0000000777951a60,0x0000000782680000)
  from space 80896K, 0% used [0x0000000787700000,0x0000000787700000,0x000000078c600000)
  to   space 82432K, 0% used [0x0000000782680000,0x0000000782680000,0x0000000787700000)
 ParOldGen       total 1136640K, used 197799K [0x00000006c6000000, 0x000000070b600000, 0x000000076cb00000)
  object space 1136640K, 17% used [0x00000006c6000000,0x00000006d2129c70,0x000000070b600000)
 Metaspace       used 108404K, capacity 109546K, committed 110464K, reserved 1142784K
  class space    used 16857K, capacity 17152K, committed 17280K, reserved 1048576K
Event: 13338.447 GC heap after
Heap after GC invocations=35 (full 6):
 PSYoungGen      total 382976K, used 26872K [0x000000076cb00000, 0x000000078c200000, 0x00000007c0000000)
  eden space 355840K, 0% used [0x000000076cb00000,0x000000076cb00000,0x0000000782680000)
  from space 27136K, 99% used [0x0000000782680000,0x00000007840be1f0,0x0000000784100000)
  to   space 78848K, 0% used [0x0000000787500000,0x0000000787500000,0x000000078c200000)
 ParOldGen       total 1136640K, used 197807K [0x00000006c6000000, 0x000000070b600000, 0x000000076cb00000)
  object space 1136640K, 17% used [0x00000006c6000000,0x00000006d212bc70,0x000000070b600000)
 Metaspace       used 108404K, capacity 109546K, committed 110464K, reserved 1142784K
  class space    used 16857K, capacity 17152K, committed 17280K, reserved 1048576K
}
Event: 13338.447 GC heap before
{Heap before GC invocations=36 (full 7):
 PSYoungGen      total 382976K, used 26872K [0x000000076cb00000, 0x000000078c200000, 0x00000007c0000000)
  eden space 355840K, 0% used [0x000000076cb00000,0x000000076cb00000,0x0000000782680000)
  from space 27136K, 99% used [0x0000000782680000,0x00000007840be1f0,0x0000000784100000)
  to   space 78848K, 0% used [0x0000000787500000,0x0000000787500000,0x000000078c200000)
 ParOldGen       total 1136640K, used 197807K [0x00000006c6000000, 0x000000070b600000, 0x000000076cb00000)
  object space 1136640K, 17% used [0x00000006c6000000,0x00000006d212bc70,0x000000070b600000)
 Metaspace       used 108404K, capacity 109546K, committed 110464K, reserved 1142784K
  class space    used 16857K, capacity 17152K, committed 17280K, reserved 1048576K
Event: 13338.991 GC heap after
Heap after GC invocations=36 (full 7):
 PSYoungGen      total 382976K, used 0K [0x000000076cb00000, 0x000000078c200000, 0x00000007c0000000)
  eden space 355840K, 0% used [0x000000076cb00000,0x000000076cb00000,0x0000000782680000)
  from space 27136K, 0% used [0x0000000782680000,0x0000000782680000,0x0000000784100000)
  to   space 78848K, 0% used [0x0000000787500000,0x0000000787500000,0x000000078c200000)
 ParOldGen       total 1136640K, used 194776K [0x00000006c6000000, 0x000000070b600000, 0x000000076cb00000)
  object space 1136640K, 17% used [0x00000006c6000000,0x00000006d1e36290,0x000000070b600000)
 Metaspace       used 108322K, capacity 109416K, committed 110464K, reserved 1142784K
  class space    used 16845K, capacity 17131K, committed 17280K, reserved 1048576K
}

