# JRE version: Java(TM) SE Runtime Environment (8.0_202-b08) (build 1.8.0_202-b08)
# Java VM: Java HotSpot(TM) 64-Bit Server VM (25.202-b08 mixed mode windows-amd64 compressed oops)
Heap:
 PSYoungGen      total 301056K, used 97796K [0x000000076cb00000, 0x0000000782500000, 0x00000007c0000000)
  eden space 253952K, 21% used [0x000000076cb00000,0x000000076ff255e8,0x000000077c300000)
  from space 47104K, 94% used [0x000000077f500000,0x000000078205bd48,0x0000000782300000)
  to   space 50176K, 0% used [0x000000077c300000,0x000000077c300000,0x000000077f400000)
 ParOldGen       total 731648K, used 237056K [0x00000006c6000000, 0x00000006f2a80000, 0x000000076cb00000)
  object space 731648K, 32% used [0x00000006c6000000,0x00000006d47803a0,0x00000006f2a80000)
 Metaspace       used 112048K, capacity 113278K, committed 113920K, reserved 1146880K
  class space    used 16762K, capacity 17036K, committed 17152K, reserved 1048576K
GC Heap History (10 events):
Event: 10904.230 GC heap before
{Heap before GC invocations=52 (full 4):
 PSYoungGen      total 308224K, used 307754K [0x000000076cb00000, 0x0000000783600000, 0x00000007c0000000)
  eden space 275456K, 100% used [0x000000076cb00000,0x000000077d800000,0x000000077d800000)
  from space 32768K, 98% used [0x000000077dc80000,0x000000077fc0aaa8,0x000000077fc80000)
  to   space 48128K, 0% used [0x0000000780700000,0x0000000780700000,0x0000000783600000)
 ParOldGen       total 731648K, used 227440K [0x00000006c6000000, 0x00000006f2a80000, 0x000000076cb00000)
  object space 731648K, 31% used [0x00000006c6000000,0x00000006d3e1c040,0x00000006f2a80000)
 Metaspace       used 110943K, capacity 112214K, committed 112640K, reserved 1144832K
  class space    used 16579K, capacity 16866K, committed 16896K, reserved 1048576K
Event: 10904.241 GC heap after
Heap after GC invocations=52 (full 4):
 PSYoungGen      total 312320K, used 33882K [0x000000076cb00000, 0x0000000782f80000, 0x00000007c0000000)
  eden space 270848K, 0% used [0x000000076cb00000,0x000000076cb00000,0x000000077d380000)
  from space 41472K, 81% used [0x0000000780700000,0x00000007828169c0,0x0000000782f80000)
  to   space 47104K, 0% used [0x000000077d380000,0x000000077d380000,0x0000000780180000)
 ParOldGen       total 731648K, used 227552K [0x00000006c6000000, 0x00000006f2a80000, 0x000000076cb00000)
  object space 731648K, 31% used [0x00000006c6000000,0x00000006d3e38040,0x00000006f2a80000)
 Metaspace       used 110943K, capacity 112214K, committed 112640K, reserved 1144832K
  class space    used 16579K, capacity 16866K, committed 16896K, reserved 1048576K
}
Event: 10928.129 GC heap before
{Heap before GC invocations=53 (full 4):
 PSYoungGen      total 312320K, used 304730K [0x000000076cb00000, 0x0000000782f80000, 0x00000007c0000000)
  eden space 270848K, 100% used [0x000000076cb00000,0x000000077d380000,0x000000077d380000)
  from space 41472K, 81% used [0x0000000780700000,0x00000007828169c0,0x0000000782f80000)
  to   space 47104K, 0% used [0x000000077d380000,0x000000077d380000,0x0000000780180000)
 ParOldGen       total 731648K, used 227552K [0x00000006c6000000, 0x00000006f2a80000, 0x000000076cb00000)
  object space 731648K, 31% used [0x00000006c6000000,0x00000006d3e38040,0x00000006f2a80000)
 Metaspace       used 111641K, capacity 112954K, committed 113408K, reserved 1144832K
  class space    used 16745K, capacity 17036K, committed 17152K, reserved 1048576K
Event: 10928.141 GC heap after
Heap after GC invocations=53 (full 4):
 PSYoungGen      total 305152K, used 38506K [0x000000076cb00000, 0x0000000782d00000, 0x00000007c0000000)
  eden space 266240K, 0% used [0x000000076cb00000,0x000000076cb00000,0x000000077cf00000)
  from space 38912K, 98% used [0x000000077d380000,0x000000077f91a990,0x000000077f980000)
  to   space 48128K, 0% used [0x000000077fe00000,0x000000077fe00000,0x0000000782d00000)
 ParOldGen       total 731648K, used 230290K [0x00000006c6000000, 0x00000006f2a80000, 0x000000076cb00000)
  object space 731648K, 31% used [0x00000006c6000000,0x00000006d40e4a68,0x00000006f2a80000)
 Metaspace       used 111641K, capacity 112954K, committed 113408K, reserved 1144832K
  class space    used 16745K, capacity 17036K, committed 17152K, reserved 1048576K
}
Event: 10953.585 GC heap before
{Heap before GC invocations=54 (full 4):
 PSYoungGen      total 305152K, used 304746K [0x000000076cb00000, 0x0000000782d00000, 0x00000007c0000000)
  eden space 266240K, 100% used [0x000000076cb00000,0x000000077cf00000,0x000000077cf00000)
  from space 38912K, 98% used [0x000000077d380000,0x000000077f91a990,0x000000077f980000)
  to   space 48128K, 0% used [0x000000077fe00000,0x000000077fe00000,0x0000000782d00000)
 ParOldGen       total 731648K, used 230290K [0x00000006c6000000, 0x00000006f2a80000, 0x000000076cb00000)
  object space 731648K, 31% used [0x00000006c6000000,0x00000006d40e4a68,0x00000006f2a80000)
 Metaspace       used 111799K, capacity 113086K, committed 113664K, reserved 1146880K
  class space    used 16752K, capacity 17036K, committed 17152K, reserved 1048576K
Event: 10953.595 GC heap after
Heap after GC invocations=54 (full 4):
 PSYoungGen      total 303104K, used 32923K [0x000000076cb00000, 0x0000000782600000, 0x00000007c0000000)
  eden space 262144K, 0% used [0x000000076cb00000,0x000000076cb00000,0x000000077cb00000)
  from space 40960K, 80% used [0x000000077fe00000,0x0000000781e26f50,0x0000000782600000)
  to   space 46592K, 0% used [0x000000077cb00000,0x000000077cb00000,0x000000077f880000)
 ParOldGen       total 731648K, used 233958K [0x00000006c6000000, 0x00000006f2a80000, 0x000000076cb00000)
  object space 731648K, 31% used [0x00000006c6000000,0x00000006d4479948,0x00000006f2a80000)
 Metaspace       used 111799K, capacity 113086K, committed 113664K, reserved 1146880K
  class space    used 16752K, capacity 17036K, committed 17152K, reserved 1048576K
}
Event: 10996.848 GC heap before
{Heap before GC invocations=55 (full 4):
 PSYoungGen      total 303104K, used 295067K [0x000000076cb00000, 0x0000000782600000, 0x00000007c0000000)
  eden space 262144K, 100% used [0x000000076cb00000,0x000000077cb00000,0x000000077cb00000)
  from space 40960K, 80% used [0x000000077fe00000,0x0000000781e26f50,0x0000000782600000)
  to   space 46592K, 0% used [0x000000077cb00000,0x000000077cb00000,0x000000077f880000)
 ParOldGen       total 731648K, used 233958K [0x00000006c6000000, 0x00000006f2a80000, 0x000000076cb00000)
  object space 731648K, 31% used [0x00000006c6000000,0x00000006d4479948,0x00000006f2a80000)
 Metaspace       used 112023K, capacity 113278K, committed 113920K, reserved 1146880K
  class space    used 16762K, capacity 17036K, committed 17152K, reserved 1048576K
Event: 10996.859 GC heap after
Heap after GC invocations=55 (full 4):
 PSYoungGen      total 296448K, used 37998K [0x000000076cb00000, 0x0000000782300000, 0x00000007c0000000)
  eden space 258048K, 0% used [0x000000076cb00000,0x000000076cb00000,0x000000077c700000)
  from space 38400K, 98% used [0x000000077cb00000,0x000000077f01ba78,0x000000077f080000)
  to   space 47104K, 0% used [0x000000077f500000,0x000000077f500000,0x0000000782300000)
 ParOldGen       total 731648K, used 234142K [0x00000006c6000000, 0x00000006f2a80000, 0x000000076cb00000)
  object space 731648K, 32% used [0x00000006c6000000,0x00000006d44a7948,0x00000006f2a80000)
 Metaspace       used 112023K, capacity 113278K, committed 113920K, reserved 1146880K
  class space    used 16762K, capacity 17036K, committed 17152K, reserved 1048576K
}
Event: 11228.906 GC heap before
{Heap before GC invocations=56 (full 4):
 PSYoungGen      total 296448K, used 296046K [0x000000076cb00000, 0x0000000782300000, 0x00000007c0000000)
  eden space 258048K, 100% used [0x000000076cb00000,0x000000077c700000,0x000000077c700000)
  from space 38400K, 98% used [0x000000077cb00000,0x000000077f01ba78,0x000000077f080000)
  to   space 47104K, 0% used [0x000000077f500000,0x000000077f500000,0x0000000782300000)
 ParOldGen       total 731648K, used 234142K [0x00000006c6000000, 0x00000006f2a80000, 0x000000076cb00000)
  object space 731648K, 32% used [0x00000006c6000000,0x00000006d44a7948,0x00000006f2a80000)
 Metaspace       used 112046K, capacity 113278K, committed 113920K, reserved 1146880K
  class space    used 16762K, capacity 17036K, committed 17152K, reserved 1048576K
Event: 11228.918 GC heap after
Heap after GC invocations=56 (full 4):
 PSYoungGen      total 301056K, used 44399K [0x000000076cb00000, 0x0000000782500000, 0x00000007c0000000)
  eden space 253952K, 0% used [0x000000076cb00000,0x000000076cb00000,0x000000077c300000)
  from space 47104K, 94% used [0x000000077f500000,0x000000078205bd48,0x0000000782300000)
  to   space 50176K, 0% used [0x000000077c300000,0x000000077c300000,0x000000077f400000)
 ParOldGen       total 731648K, used 237056K [0x00000006c6000000, 0x00000006f2a80000, 0x000000076cb00000)
  object space 731648K, 32% used [0x00000006c6000000,0x00000006d47803a0,0x00000006f2a80000)
 Metaspace       used 112046K, capacity 113278K, committed 113920K, reserved 1146880K
  class space    used 16762K, capacity 17036K, committed 17152K, reserved 1048576K
}

