# JRE version: Java(TM) SE Runtime Environment (8.0_202-b08) (build 1.8.0_202-b08)
# Java VM: Java HotSpot(TM) 64-Bit Server VM (25.202-b08 mixed mode windows-amd64 compressed oops)
Heap:
 PSYoungGen      total 632832K, used 187215K [0x000000076cb00000, 0x000000079da00000, 0x00000007c0000000)
  eden space 468480K, 34% used [0x000000076cb00000,0x0000000776af1a40,0x0000000789480000)
  from space 164352K, 14% used [0x0000000789480000,0x000000078ab62310,0x0000000793500000)
  to   space 157184K, 0% used [0x0000000794080000,0x0000000794080000,0x000000079da00000)
 ParOldGen       total 1102336K, used 192837K [0x00000006c6000000, 0x0000000709480000, 0x000000076cb00000)
  object space 1102336K, 17% used [0x00000006c6000000,0x00000006d1c515b0,0x0000000709480000)
 Metaspace       used 106417K, capacity 107442K, committed 108416K, reserved 1140736K
  class space    used 16426K, capacity 16684K, committed 16768K, reserved 1048576K
GC Heap History (10 events):
Event: 818.648 GC heap before
{Heap before GC invocations=28 (full 4):
 PSYoungGen      total 611840K, used 444611K [0x000000076cb00000, 0x000000079f980000, 0x00000007c0000000)
  eden space 426496K, 100% used [0x000000076cb00000,0x0000000786b80000,0x0000000786b80000)
  from space 185344K, 9% used [0x0000000786b80000,0x0000000787d30c68,0x0000000792080000)
  to   space 181248K, 0% used [0x0000000794880000,0x0000000794880000,0x000000079f980000)
 ParOldGen       total 1102336K, used 198491K [0x00000006c6000000, 0x0000000709480000, 0x000000076cb00000)
  object space 1102336K, 18% used [0x00000006c6000000,0x00000006d21d6e98,0x0000000709480000)
 Metaspace       used 100923K, capacity 101908K, committed 102784K, reserved 1136640K
  class space    used 15652K, capacity 15881K, committed 16000K, reserved 1048576K
Event: 818.657 GC heap after
Heap after GC invocations=28 (full 4):
 PSYoungGen      total 624128K, used 20633K [0x000000076cb00000, 0x000000079e600000, 0x00000007c0000000)
  eden space 462848K, 0% used [0x000000076cb00000,0x000000076cb00000,0x0000000788f00000)
  from space 161280K, 12% used [0x0000000794880000,0x0000000795ca64b0,0x000000079e600000)
  to   space 175616K, 0% used [0x0000000788f00000,0x0000000788f00000,0x0000000793a80000)
 ParOldGen       total 1102336K, used 198499K [0x00000006c6000000, 0x0000000709480000, 0x000000076cb00000)
  object space 1102336K, 18% used [0x00000006c6000000,0x00000006d21d8e98,0x0000000709480000)
 Metaspace       used 100923K, capacity 101908K, committed 102784K, reserved 1136640K
  class space    used 15652K, capacity 15881K, committed 16000K, reserved 1048576K
}
Event: 956.640 GC heap before
{Heap before GC invocations=29 (full 4):
 PSYoungGen      total 624128K, used 229732K [0x000000076cb00000, 0x000000079e600000, 0x00000007c0000000)
  eden space 462848K, 45% used [0x000000076cb00000,0x0000000779732c38,0x0000000788f00000)
  from space 161280K, 12% used [0x0000000794880000,0x0000000795ca64b0,0x000000079e600000)
  to   space 175616K, 0% used [0x0000000788f00000,0x0000000788f00000,0x0000000793a80000)
 ParOldGen       total 1102336K, used 198499K [0x00000006c6000000, 0x0000000709480000, 0x000000076cb00000)
  object space 1102336K, 18% used [0x00000006c6000000,0x00000006d21d8e98,0x0000000709480000)
 Metaspace       used 102708K, capacity 103722K, committed 104576K, reserved 1138688K
  class space    used 15901K, capacity 16154K, committed 16256K, reserved 1048576K
Event: 956.654 GC heap after
Heap after GC invocations=29 (full 4):
 PSYoungGen      total 482816K, used 19853K [0x000000076cb00000, 0x000000079db00000, 0x00000007c0000000)
  eden space 462848K, 0% used [0x000000076cb00000,0x000000076cb00000,0x0000000788f00000)
  from space 19968K, 99% used [0x0000000788f00000,0x000000078a263758,0x000000078a280000)
  to   space 169984K, 0% used [0x0000000793500000,0x0000000793500000,0x000000079db00000)
 ParOldGen       total 1102336K, used 198507K [0x00000006c6000000, 0x0000000709480000, 0x000000076cb00000)
  object space 1102336K, 18% used [0x00000006c6000000,0x00000006d21dae98,0x0000000709480000)
 Metaspace       used 102708K, capacity 103722K, committed 104576K, reserved 1138688K
  class space    used 15901K, capacity 16154K, committed 16256K, reserved 1048576K
}
Event: 956.654 GC heap before
{Heap before GC invocations=30 (full 5):
 PSYoungGen      total 482816K, used 19853K [0x000000076cb00000, 0x000000079db00000, 0x00000007c0000000)
  eden space 462848K, 0% used [0x000000076cb00000,0x000000076cb00000,0x0000000788f00000)
  from space 19968K, 99% used [0x0000000788f00000,0x000000078a263758,0x000000078a280000)
  to   space 169984K, 0% used [0x0000000793500000,0x0000000793500000,0x000000079db00000)
 ParOldGen       total 1102336K, used 198507K [0x00000006c6000000, 0x0000000709480000, 0x000000076cb00000)
  object space 1102336K, 18% used [0x00000006c6000000,0x00000006d21dae98,0x0000000709480000)
 Metaspace       used 102708K, capacity 103722K, committed 104576K, reserved 1138688K
  class space    used 15901K, capacity 16154K, committed 16256K, reserved 1048576K
Event: 957.131 GC heap after
Heap after GC invocations=30 (full 5):
 PSYoungGen      total 482816K, used 0K [0x000000076cb00000, 0x000000079db00000, 0x00000007c0000000)
  eden space 462848K, 0% used [0x000000076cb00000,0x000000076cb00000,0x0000000788f00000)
  from space 19968K, 0% used [0x0000000788f00000,0x0000000788f00000,0x000000078a280000)
  to   space 169984K, 0% used [0x0000000793500000,0x0000000793500000,0x000000079db00000)
 ParOldGen       total 1102336K, used 192821K [0x00000006c6000000, 0x0000000709480000, 0x000000076cb00000)
  object space 1102336K, 17% used [0x00000006c6000000,0x00000006d1c4d5b0,0x0000000709480000)
 Metaspace       used 102612K, capacity 103566K, committed 104576K, reserved 1138688K
  class space    used 15887K, capacity 16128K, committed 16256K, reserved 1048576K
}
Event: 2524.434 GC heap before
{Heap before GC invocations=31 (full 5):
 PSYoungGen      total 482816K, used 462848K [0x000000076cb00000, 0x000000079db00000, 0x00000007c0000000)
  eden space 462848K, 100% used [0x000000076cb00000,0x0000000788f00000,0x0000000788f00000)
  from space 19968K, 0% used [0x0000000788f00000,0x0000000788f00000,0x000000078a280000)
  to   space 169984K, 0% used [0x0000000793500000,0x0000000793500000,0x000000079db00000)
 ParOldGen       total 1102336K, used 192821K [0x00000006c6000000, 0x0000000709480000, 0x000000076cb00000)
  object space 1102336K, 17% used [0x00000006c6000000,0x00000006d1c4d5b0,0x0000000709480000)
 Metaspace       used 106056K, capacity 107074K, committed 108160K, reserved 1140736K
  class space    used 16417K, capacity 16676K, committed 16768K, reserved 1048576K
Event: 2524.454 GC heap after
Heap after GC invocations=31 (full 5):
 PSYoungGen      total 638464K, used 17791K [0x000000076cb00000, 0x000000079e700000, 0x00000007c0000000)
  eden space 468480K, 0% used [0x000000076cb00000,0x000000076cb00000,0x0000000789480000)
  from space 169984K, 10% used [0x0000000793500000,0x000000079465fe80,0x000000079db00000)
  to   space 164352K, 0% used [0x0000000789480000,0x0000000789480000,0x0000000793500000)
 ParOldGen       total 1102336K, used 192829K [0x00000006c6000000, 0x0000000709480000, 0x000000076cb00000)
  object space 1102336K, 17% used [0x00000006c6000000,0x00000006d1c4f5b0,0x0000000709480000)
 Metaspace       used 106056K, capacity 107074K, committed 108160K, reserved 1140736K
  class space    used 16417K, capacity 16676K, committed 16768K, reserved 1048576K
}
Event: 2668.458 GC heap before
{Heap before GC invocations=32 (full 5):
 PSYoungGen      total 638464K, used 486271K [0x000000076cb00000, 0x000000079e700000, 0x00000007c0000000)
  eden space 468480K, 100% used [0x000000076cb00000,0x0000000789480000,0x0000000789480000)
  from space 169984K, 10% used [0x0000000793500000,0x000000079465fe80,0x000000079db00000)
  to   space 164352K, 0% used [0x0000000789480000,0x0000000789480000,0x0000000793500000)
 ParOldGen       total 1102336K, used 192829K [0x00000006c6000000, 0x0000000709480000, 0x000000076cb00000)
  object space 1102336K, 17% used [0x00000006c6000000,0x00000006d1c4f5b0,0x0000000709480000)
 Metaspace       used 106334K, capacity 107436K, committed 108416K, reserved 1140736K
  class space    used 16422K, capacity 16683K, committed 16768K, reserved 1048576K
Event: 2668.476 GC heap after
Heap after GC invocations=32 (full 5):
 PSYoungGen      total 632832K, used 23432K [0x000000076cb00000, 0x000000079da00000, 0x00000007c0000000)
  eden space 468480K, 0% used [0x000000076cb00000,0x000000076cb00000,0x0000000789480000)
  from space 164352K, 14% used [0x0000000789480000,0x000000078ab62310,0x0000000793500000)
  to   space 157184K, 0% used [0x0000000794080000,0x0000000794080000,0x000000079da00000)
 ParOldGen       total 1102336K, used 192837K [0x00000006c6000000, 0x0000000709480000, 0x000000076cb00000)
  object space 1102336K, 17% used [0x00000006c6000000,0x00000006d1c515b0,0x0000000709480000)
 Metaspace       used 106334K, capacity 107436K, committed 108416K, reserved 1140736K
  class space    used 16422K, capacity 16683K, committed 16768K, reserved 1048576K
}

