# JRE version: Java(TM) SE Runtime Environment (8.0_202-b08) (build 1.8.0_202-b08)
# Java VM: Java HotSpot(TM) 64-Bit Server VM (25.202-b08 mixed mode windows-amd64 compressed oops)
Heap:
 PSYoungGen      total 956928K, used 220155K [0x000000076cb00000, 0x00000007ae200000, 0x00000007c0000000)
  eden space 917504K, 19% used [0x000000076cb00000,0x0000000777be5bd0,0x00000007a4b00000)
  from space 39424K, 98% used [0x00000007a6d00000,0x00000007a9319090,0x00000007a9380000)
  to   space 77312K, 0% used [0x00000007a9680000,0x00000007a9680000,0x00000007ae200000)
 ParOldGen       total 511488K, used 129304K [0x00000006c6000000, 0x00000006e5380000, 0x000000076cb00000)
  object space 511488K, 25% used [0x00000006c6000000,0x00000006cde46388,0x00000006e5380000)
 Metaspace       used 106229K, capacity 107260K, committed 108204K, reserved 1140736K
  class space    used 16248K, capacity 16487K, committed 16556K, reserved 1048576K
GC Heap History (10 events):
Event: 1064.383 GC heap before
{Heap before GC invocations=17 (full 4):
 PSYoungGen      total 852480K, used 780684K [0x000000076cb00000, 0x00000007a6a00000, 0x00000007c0000000)
  eden space 762880K, 100% used [0x000000076cb00000,0x000000079b400000,0x000000079b400000)
  from space 89600K, 19% used [0x00000007a1280000,0x00000007a23e3218,0x00000007a6a00000)
  to   space 93184K, 0% used [0x000000079b400000,0x000000079b400000,0x00000007a0f00000)
 ParOldGen       total 511488K, used 129264K [0x00000006c6000000, 0x00000006e5380000, 0x000000076cb00000)
  object space 511488K, 25% used [0x00000006c6000000,0x00000006cde3c388,0x00000006e5380000)
 Metaspace       used 103189K, capacity 104212K, committed 105388K, reserved 1138688K
  class space    used 16178K, capacity 16431K, committed 16556K, reserved 1048576K
Event: 1064.398 GC heap after
Heap after GC invocations=17 (full 4):
 PSYoungGen      total 856064K, used 22553K [0x000000076cb00000, 0x00000007ae580000, 0x00000007c0000000)
  eden space 762880K, 0% used [0x000000076cb00000,0x000000076cb00000,0x000000079b400000)
  from space 93184K, 24% used [0x000000079b400000,0x000000079ca065c8,0x00000007a0f00000)
  to   space 90112K, 0% used [0x00000007a8d80000,0x00000007a8d80000,0x00000007ae580000)
 ParOldGen       total 511488K, used 129272K [0x00000006c6000000, 0x00000006e5380000, 0x000000076cb00000)
  object space 511488K, 25% used [0x00000006c6000000,0x00000006cde3e388,0x00000006e5380000)
 Metaspace       used 103189K, capacity 104212K, committed 105388K, reserved 1138688K
  class space    used 16178K, capacity 16431K, committed 16556K, reserved 1048576K
}
Event: 1121.791 GC heap before
{Heap before GC invocations=18 (full 4):
 PSYoungGen      total 856064K, used 785433K [0x000000076cb00000, 0x00000007ae580000, 0x00000007c0000000)
  eden space 762880K, 100% used [0x000000076cb00000,0x000000079b400000,0x000000079b400000)
  from space 93184K, 24% used [0x000000079b400000,0x000000079ca065c8,0x00000007a0f00000)
  to   space 90112K, 0% used [0x00000007a8d80000,0x00000007a8d80000,0x00000007ae580000)
 ParOldGen       total 511488K, used 129272K [0x00000006c6000000, 0x00000006e5380000, 0x000000076cb00000)
  object space 511488K, 25% used [0x00000006c6000000,0x00000006cde3e388,0x00000006e5380000)
 Metaspace       used 104341K, capacity 105374K, committed 106412K, reserved 1138688K
  class space    used 16228K, capacity 16470K, committed 16556K, reserved 1048576K
Event: 1121.807 GC heap after
Heap after GC invocations=18 (full 4):
 PSYoungGen      total 927232K, used 29344K [0x000000076cb00000, 0x00000007ac480000, 0x00000007c0000000)
  eden space 870912K, 0% used [0x000000076cb00000,0x000000076cb00000,0x00000007a1d80000)
  from space 56320K, 52% used [0x00000007a8d80000,0x00000007aaa28298,0x00000007ac480000)
  to   space 85504K, 0% used [0x00000007a1d80000,0x00000007a1d80000,0x00000007a7100000)
 ParOldGen       total 511488K, used 129280K [0x00000006c6000000, 0x00000006e5380000, 0x000000076cb00000)
  object space 511488K, 25% used [0x00000006c6000000,0x00000006cde40388,0x00000006e5380000)
 Metaspace       used 104341K, capacity 105374K, committed 106412K, reserved 1138688K
  class space    used 16228K, capacity 16470K, committed 16556K, reserved 1048576K
}
Event: 1167.692 GC heap before
{Heap before GC invocations=19 (full 4):
 PSYoungGen      total 927232K, used 900256K [0x000000076cb00000, 0x00000007ac480000, 0x00000007c0000000)
  eden space 870912K, 100% used [0x000000076cb00000,0x00000007a1d80000,0x00000007a1d80000)
  from space 56320K, 52% used [0x00000007a8d80000,0x00000007aaa28298,0x00000007ac480000)
  to   space 85504K, 0% used [0x00000007a1d80000,0x00000007a1d80000,0x00000007a7100000)
 ParOldGen       total 511488K, used 129280K [0x00000006c6000000, 0x00000006e5380000, 0x000000076cb00000)
  object space 511488K, 25% used [0x00000006c6000000,0x00000006cde40388,0x00000006e5380000)
 Metaspace       used 105240K, capacity 106212K, committed 107180K, reserved 1140736K
  class space    used 16245K, capacity 16483K, committed 16556K, reserved 1048576K
Event: 1167.722 GC heap after
Heap after GC invocations=19 (full 4):
 PSYoungGen      total 956416K, used 42241K [0x000000076cb00000, 0x00000007b2300000, 0x00000007c0000000)
  eden space 870912K, 0% used [0x000000076cb00000,0x000000076cb00000,0x00000007a1d80000)
  from space 85504K, 49% used [0x00000007a1d80000,0x00000007a46c0610,0x00000007a7100000)
  to   space 83456K, 0% used [0x00000007ad180000,0x00000007ad180000,0x00000007b2300000)
 ParOldGen       total 511488K, used 129288K [0x00000006c6000000, 0x00000006e5380000, 0x000000076cb00000)
  object space 511488K, 25% used [0x00000006c6000000,0x00000006cde42388,0x00000006e5380000)
 Metaspace       used 105240K, capacity 106212K, committed 107180K, reserved 1140736K
  class space    used 16245K, capacity 16483K, committed 16556K, reserved 1048576K
}
Event: 1224.111 GC heap before
{Heap before GC invocations=20 (full 4):
 PSYoungGen      total 956416K, used 913153K [0x000000076cb00000, 0x00000007b2300000, 0x00000007c0000000)
  eden space 870912K, 100% used [0x000000076cb00000,0x00000007a1d80000,0x00000007a1d80000)
  from space 85504K, 49% used [0x00000007a1d80000,0x00000007a46c0610,0x00000007a7100000)
  to   space 83456K, 0% used [0x00000007ad180000,0x00000007ad180000,0x00000007b2300000)
 ParOldGen       total 511488K, used 129288K [0x00000006c6000000, 0x00000006e5380000, 0x000000076cb00000)
  object space 511488K, 25% used [0x00000006c6000000,0x00000006cde42388,0x00000006e5380000)
 Metaspace       used 105844K, capacity 106864K, committed 107948K, reserved 1140736K
  class space    used 16246K, capacity 16485K, committed 16556K, reserved 1048576K
Event: 1224.143 GC heap after
Heap after GC invocations=20 (full 4):
 PSYoungGen      total 1011200K, used 41655K [0x000000076cb00000, 0x00000007b0b00000, 0x00000007c0000000)
  eden space 952320K, 0% used [0x000000076cb00000,0x000000076cb00000,0x00000007a6d00000)
  from space 58880K, 70% used [0x00000007ad180000,0x00000007afa2dca0,0x00000007b0b00000)
  to   space 80896K, 0% used [0x00000007a6d00000,0x00000007a6d00000,0x00000007abc00000)
 ParOldGen       total 511488K, used 129296K [0x00000006c6000000, 0x00000006e5380000, 0x000000076cb00000)
  object space 511488K, 25% used [0x00000006c6000000,0x00000006cde44388,0x00000006e5380000)
 Metaspace       used 105844K, capacity 106864K, committed 107948K, reserved 1140736K
  class space    used 16246K, capacity 16485K, committed 16556K, reserved 1048576K
}
Event: 1276.092 GC heap before
{Heap before GC invocations=21 (full 4):
 PSYoungGen      total 1011200K, used 993975K [0x000000076cb00000, 0x00000007b0b00000, 0x00000007c0000000)
  eden space 952320K, 100% used [0x000000076cb00000,0x00000007a6d00000,0x00000007a6d00000)
  from space 58880K, 70% used [0x00000007ad180000,0x00000007afa2dca0,0x00000007b0b00000)
  to   space 80896K, 0% used [0x00000007a6d00000,0x00000007a6d00000,0x00000007abc00000)
 ParOldGen       total 511488K, used 129296K [0x00000006c6000000, 0x00000006e5380000, 0x000000076cb00000)
  object space 511488K, 25% used [0x00000006c6000000,0x00000006cde44388,0x00000006e5380000)
 Metaspace       used 106179K, capacity 107196K, committed 108204K, reserved 1140736K
  class space    used 16248K, capacity 16487K, committed 16556K, reserved 1048576K
Event: 1276.121 GC heap after
Heap after GC invocations=21 (full 4):
 PSYoungGen      total 956928K, used 39012K [0x000000076cb00000, 0x00000007ae200000, 0x00000007c0000000)
  eden space 917504K, 0% used [0x000000076cb00000,0x000000076cb00000,0x00000007a4b00000)
  from space 39424K, 98% used [0x00000007a6d00000,0x00000007a9319090,0x00000007a9380000)
  to   space 77312K, 0% used [0x00000007a9680000,0x00000007a9680000,0x00000007ae200000)
 ParOldGen       total 511488K, used 129304K [0x00000006c6000000, 0x00000006e5380000, 0x000000076cb00000)
  object space 511488K, 25% used [0x00000006c6000000,0x00000006cde46388,0x00000006e5380000)
 Metaspace       used 106179K, capacity 107196K, committed 108204K, reserved 1140736K
  class space    used 16248K, capacity 16487K, committed 16556K, reserved 1048576K
}

