# JRE version: Java(TM) SE Runtime Environment (8.0_202-b08) (build 1.8.0_202-b08)
# Java VM: Java HotSpot(TM) 64-Bit Server VM (25.202-b08 mixed mode windows-amd64 compressed oops)
Heap:
 PSYoungGen      total 321024K, used 309182K [0x000000076cb00000, 0x0000000786300000, 0x00000007c0000000)
  eden space 287744K, 95% used [0x000000076cb00000,0x000000077d888de0,0x000000077e400000)
  from space 33280K, 99% used [0x000000077e780000,0x00000007807e6a50,0x0000000780800000)
  to   space 65024K, 0% used [0x0000000782380000,0x0000000782380000,0x0000000786300000)
 ParOldGen       total 1020416K, used 119479K [0x00000006c6000000, 0x0000000704480000, 0x000000076cb00000)
  object space 1020416K, 11% used [0x00000006c6000000,0x00000006cd4adf10,0x0000000704480000)
 Metaspace       used 106941K, capacity 108142K, committed 109056K, reserved 1140736K
  class space    used 16609K, capacity 16894K, committed 16896K, reserved 1048576K
GC Heap History (10 events):
Event: 736.696 GC heap before
{Heap before GC invocations=19 (full 4):
 PSYoungGen      total 332800K, used 275613K [0x000000076cb00000, 0x0000000786500000, 0x00000007c0000000)
  eden space 262144K, 100% used [0x000000076cb00000,0x000000077cb00000,0x000000077cb00000)
  from space 70656K, 19% used [0x0000000782000000,0x0000000782d277f8,0x0000000786500000)
  to   space 78848K, 0% used [0x000000077cb00000,0x000000077cb00000,0x0000000781800000)
 ParOldGen       total 1020416K, used 119208K [0x00000006c6000000, 0x0000000704480000, 0x000000076cb00000)
  object space 1020416K, 11% used [0x00000006c6000000,0x00000006cd46a008,0x0000000704480000)
 Metaspace       used 101995K, capacity 103076K, committed 104064K, reserved 1136640K
  class space    used 16156K, capacity 16423K, committed 16512K, reserved 1048576K
Event: 736.711 GC heap after
Heap after GC invocations=19 (full 4):
 PSYoungGen      total 340992K, used 18609K [0x000000076cb00000, 0x0000000788c80000, 0x00000007c0000000)
  eden space 262144K, 0% used [0x000000076cb00000,0x000000076cb00000,0x000000077cb00000)
  from space 78848K, 23% used [0x000000077cb00000,0x000000077dd2c6c8,0x0000000781800000)
  to   space 76800K, 0% used [0x0000000784180000,0x0000000784180000,0x0000000788c80000)
 ParOldGen       total 1020416K, used 119216K [0x00000006c6000000, 0x0000000704480000, 0x000000076cb00000)
  object space 1020416K, 11% used [0x00000006c6000000,0x00000006cd46c008,0x0000000704480000)
 Metaspace       used 101995K, capacity 103076K, committed 104064K, reserved 1136640K
  class space    used 16156K, capacity 16423K, committed 16512K, reserved 1048576K
}
Event: 756.373 GC heap before
{Heap before GC invocations=20 (full 4):
 PSYoungGen      total 340992K, used 280753K [0x000000076cb00000, 0x0000000788c80000, 0x00000007c0000000)
  eden space 262144K, 100% used [0x000000076cb00000,0x000000077cb00000,0x000000077cb00000)
  from space 78848K, 23% used [0x000000077cb00000,0x000000077dd2c6c8,0x0000000781800000)
  to   space 76800K, 0% used [0x0000000784180000,0x0000000784180000,0x0000000788c80000)
 ParOldGen       total 1020416K, used 119216K [0x00000006c6000000, 0x0000000704480000, 0x000000076cb00000)
  object space 1020416K, 11% used [0x00000006c6000000,0x00000006cd46c008,0x0000000704480000)
 Metaspace       used 104143K, capacity 105270K, committed 106112K, reserved 1138688K
  class space    used 16401K, capacity 16682K, committed 16768K, reserved 1048576K
Event: 756.389 GC heap after
Heap after GC invocations=20 (full 4):
 PSYoungGen      total 360960K, used 19310K [0x000000076cb00000, 0x0000000787e80000, 0x00000007c0000000)
  eden space 298496K, 0% used [0x000000076cb00000,0x000000076cb00000,0x000000077ee80000)
  from space 62464K, 30% used [0x0000000784180000,0x000000078545b918,0x0000000787e80000)
  to   space 73728K, 0% used [0x000000077ee80000,0x000000077ee80000,0x0000000783680000)
 ParOldGen       total 1020416K, used 119455K [0x00000006c6000000, 0x0000000704480000, 0x000000076cb00000)
  object space 1020416K, 11% used [0x00000006c6000000,0x00000006cd4a7f10,0x0000000704480000)
 Metaspace       used 104143K, capacity 105270K, committed 106112K, reserved 1138688K
  class space    used 16401K, capacity 16682K, committed 16768K, reserved 1048576K
}
Event: 830.047 GC heap before
{Heap before GC invocations=21 (full 4):
 PSYoungGen      total 360960K, used 317806K [0x000000076cb00000, 0x0000000787e80000, 0x00000007c0000000)
  eden space 298496K, 100% used [0x000000076cb00000,0x000000077ee80000,0x000000077ee80000)
  from space 62464K, 30% used [0x0000000784180000,0x000000078545b918,0x0000000787e80000)
  to   space 73728K, 0% used [0x000000077ee80000,0x000000077ee80000,0x0000000783680000)
 ParOldGen       total 1020416K, used 119455K [0x00000006c6000000, 0x0000000704480000, 0x000000076cb00000)
  object space 1020416K, 11% used [0x00000006c6000000,0x00000006cd4a7f10,0x0000000704480000)
 Metaspace       used 105498K, capacity 106612K, committed 107520K, reserved 1140736K
  class space    used 16561K, capacity 16819K, committed 16896K, reserved 1048576K
Event: 830.059 GC heap after
Heap after GC invocations=21 (full 4):
 PSYoungGen      total 315904K, used 20576K [0x000000076cb00000, 0x0000000787600000, 0x00000007c0000000)
  eden space 294912K, 0% used [0x000000076cb00000,0x000000076cb00000,0x000000077eb00000)
  from space 20992K, 98% used [0x000000077ee80000,0x0000000780298328,0x0000000780300000)
  to   space 71168K, 0% used [0x0000000783080000,0x0000000783080000,0x0000000787600000)
 ParOldGen       total 1020416K, used 119463K [0x00000006c6000000, 0x0000000704480000, 0x000000076cb00000)
  object space 1020416K, 11% used [0x00000006c6000000,0x00000006cd4a9f10,0x0000000704480000)
 Metaspace       used 105498K, capacity 106612K, committed 107520K, reserved 1140736K
  class space    used 16561K, capacity 16819K, committed 16896K, reserved 1048576K
}
Event: 64888.265 GC heap before
{Heap before GC invocations=22 (full 4):
 PSYoungGen      total 315904K, used 315488K [0x000000076cb00000, 0x0000000787600000, 0x00000007c0000000)
  eden space 294912K, 100% used [0x000000076cb00000,0x000000077eb00000,0x000000077eb00000)
  from space 20992K, 98% used [0x000000077ee80000,0x0000000780298328,0x0000000780300000)
  to   space 71168K, 0% used [0x0000000783080000,0x0000000783080000,0x0000000787600000)
 ParOldGen       total 1020416K, used 119463K [0x00000006c6000000, 0x0000000704480000, 0x000000076cb00000)
  object space 1020416K, 11% used [0x00000006c6000000,0x00000006cd4a9f10,0x0000000704480000)
 Metaspace       used 106142K, capacity 107334K, committed 108288K, reserved 1140736K
  class space    used 16595K, capacity 16860K, committed 16896K, reserved 1048576K
Event: 64888.287 GC heap after
Heap after GC invocations=22 (full 4):
 PSYoungGen      total 350720K, used 26815K [0x000000076cb00000, 0x0000000786a80000, 0x00000007c0000000)
  eden space 291328K, 0% used [0x000000076cb00000,0x000000076cb00000,0x000000077e780000)
  from space 59392K, 45% used [0x0000000783080000,0x0000000784aaff90,0x0000000786a80000)
  to   space 67072K, 0% used [0x000000077e780000,0x000000077e780000,0x0000000782900000)
 ParOldGen       total 1020416K, used 119471K [0x00000006c6000000, 0x0000000704480000, 0x000000076cb00000)
  object space 1020416K, 11% used [0x00000006c6000000,0x00000006cd4abf10,0x0000000704480000)
 Metaspace       used 106142K, capacity 107334K, committed 108288K, reserved 1140736K
  class space    used 16595K, capacity 16860K, committed 16896K, reserved 1048576K
}
Event: 65024.410 GC heap before
{Heap before GC invocations=23 (full 4):
 PSYoungGen      total 350720K, used 318143K [0x000000076cb00000, 0x0000000786a80000, 0x00000007c0000000)
  eden space 291328K, 100% used [0x000000076cb00000,0x000000077e780000,0x000000077e780000)
  from space 59392K, 45% used [0x0000000783080000,0x0000000784aaff90,0x0000000786a80000)
  to   space 67072K, 0% used [0x000000077e780000,0x000000077e780000,0x0000000782900000)
 ParOldGen       total 1020416K, used 119471K [0x00000006c6000000, 0x0000000704480000, 0x000000076cb00000)
  object space 1020416K, 11% used [0x00000006c6000000,0x00000006cd4abf10,0x0000000704480000)
 Metaspace       used 106458K, capacity 107592K, committed 108544K, reserved 1140736K
  class space    used 16603K, capacity 16861K, committed 16896K, reserved 1048576K
Event: 65024.425 GC heap after
Heap after GC invocations=23 (full 4):
 PSYoungGen      total 321024K, used 33178K [0x000000076cb00000, 0x0000000786300000, 0x00000007c0000000)
  eden space 287744K, 0% used [0x000000076cb00000,0x000000076cb00000,0x000000077e400000)
  from space 33280K, 99% used [0x000000077e780000,0x00000007807e6a50,0x0000000780800000)
  to   space 65024K, 0% used [0x0000000782380000,0x0000000782380000,0x0000000786300000)
 ParOldGen       total 1020416K, used 119479K [0x00000006c6000000, 0x0000000704480000, 0x000000076cb00000)
  object space 1020416K, 11% used [0x00000006c6000000,0x00000006cd4adf10,0x0000000704480000)
 Metaspace       used 106458K, capacity 107592K, committed 108544K, reserved 1140736K
  class space    used 16603K, capacity 16861K, committed 16896K, reserved 1048576K
}

