# JRE version: Java(TM) SE Runtime Environment (8.0_202-b08) (build 1.8.0_202-b08)
# Java VM: Java HotSpot(TM) 64-Bit Server VM (25.202-b08 mixed mode windows-amd64 compressed oops)
Heap:
 PSYoungGen      total 478720K, used 274507K [0x000000076cb00000, 0x0000000796480000, 0x00000007c0000000)
  eden space 385536K, 57% used [0x000000076cb00000,0x000000077a43dad0,0x0000000784380000)
  from space 93184K, 55% used [0x0000000790980000,0x0000000793c553f8,0x0000000796480000)
  to   space 147968K, 0% used [0x0000000784380000,0x0000000784380000,0x000000078d400000)
 ParOldGen       total 1107968K, used 175391K [0x00000006c6000000, 0x0000000709a00000, 0x000000076cb00000)
  object space 1107968K, 15% used [0x00000006c6000000,0x00000006d0b47c40,0x0000000709a00000)
 Metaspace       used 101455K, capacity 102460K, committed 103168K, reserved 1136640K
  class space    used 15850K, capacity 16109K, committed 16128K, reserved 1048576K
GC Heap History (10 events):
Event: 137.686 GC heap before
{Heap before GC invocations=22 (full 3):
 PSYoungGen      total 471040K, used 315889K [0x000000076cb00000, 0x0000000793f00000, 0x00000007c0000000)
  eden space 347648K, 55% used [0x000000076cb00000,0x00000007788a7288,0x0000000781e80000)
  from space 123392K, 98% used [0x000000078a980000,0x0000000792055220,0x0000000792200000)
  to   space 142336K, 0% used [0x0000000781e80000,0x0000000781e80000,0x000000078a980000)
 ParOldGen       total 709120K, used 97260K [0x00000006c6000000, 0x00000006f1480000, 0x000000076cb00000)
  object space 709120K, 13% used [0x00000006c6000000,0x00000006cbefb2c8,0x00000006f1480000)
 Metaspace       used 96869K, capacity 97734K, committed 98560K, reserved 1132544K
  class space    used 15360K, capacity 15586K, committed 15616K, reserved 1048576K
Event: 137.719 GC heap after
Heap after GC invocations=22 (full 3):
 PSYoungGen      total 489984K, used 131552K [0x000000076cb00000, 0x0000000798480000, 0x00000007c0000000)
  eden space 347648K, 0% used [0x000000076cb00000,0x000000076cb00000,0x0000000781e80000)
  from space 142336K, 92% used [0x0000000781e80000,0x0000000789ef8360,0x000000078a980000)
  to   space 161280K, 0% used [0x000000078e700000,0x000000078e700000,0x0000000798480000)
 ParOldGen       total 709120K, used 97268K [0x00000006c6000000, 0x00000006f1480000, 0x000000076cb00000)
  object space 709120K, 13% used [0x00000006c6000000,0x00000006cbefd2c8,0x00000006f1480000)
 Metaspace       used 96869K, capacity 97734K, committed 98560K, reserved 1132544K
  class space    used 15360K, capacity 15586K, committed 15616K, reserved 1048576K
}
Event: 137.719 GC heap before
{Heap before GC invocations=23 (full 4):
 PSYoungGen      total 489984K, used 131552K [0x000000076cb00000, 0x0000000798480000, 0x00000007c0000000)
  eden space 347648K, 0% used [0x000000076cb00000,0x000000076cb00000,0x0000000781e80000)
  from space 142336K, 92% used [0x0000000781e80000,0x0000000789ef8360,0x000000078a980000)
  to   space 161280K, 0% used [0x000000078e700000,0x000000078e700000,0x0000000798480000)
 ParOldGen       total 709120K, used 97268K [0x00000006c6000000, 0x00000006f1480000, 0x000000076cb00000)
  object space 709120K, 13% used [0x00000006c6000000,0x00000006cbefd2c8,0x00000006f1480000)
 Metaspace       used 96869K, capacity 97734K, committed 98560K, reserved 1132544K
  class space    used 15360K, capacity 15586K, committed 15616K, reserved 1048576K
Event: 137.991 GC heap after
Heap after GC invocations=23 (full 4):
 PSYoungGen      total 489984K, used 0K [0x000000076cb00000, 0x0000000798480000, 0x00000007c0000000)
  eden space 347648K, 0% used [0x000000076cb00000,0x000000076cb00000,0x0000000781e80000)
  from space 142336K, 0% used [0x0000000781e80000,0x0000000781e80000,0x000000078a980000)
  to   space 161280K, 0% used [0x000000078e700000,0x000000078e700000,0x0000000798480000)
 ParOldGen       total 1107968K, used 175367K [0x00000006c6000000, 0x0000000709a00000, 0x000000076cb00000)
  object space 1107968K, 15% used [0x00000006c6000000,0x00000006d0b41c40,0x0000000709a00000)
 Metaspace       used 96779K, capacity 97590K, committed 98560K, reserved 1132544K
  class space    used 15344K, capacity 15558K, committed 15616K, reserved 1048576K
}
Event: 168.209 GC heap before
{Heap before GC invocations=24 (full 4):
 PSYoungGen      total 489984K, used 347648K [0x000000076cb00000, 0x0000000798480000, 0x00000007c0000000)
  eden space 347648K, 100% used [0x000000076cb00000,0x0000000781e80000,0x0000000781e80000)
  from space 142336K, 0% used [0x0000000781e80000,0x0000000781e80000,0x000000078a980000)
  to   space 161280K, 0% used [0x000000078e700000,0x000000078e700000,0x0000000798480000)
 ParOldGen       total 1107968K, used 175367K [0x00000006c6000000, 0x0000000709a00000, 0x000000076cb00000)
  object space 1107968K, 15% used [0x00000006c6000000,0x00000006d0b41c40,0x0000000709a00000)
 Metaspace       used 97870K, capacity 98822K, committed 99712K, reserved 1132544K
  class space    used 15413K, capacity 15638K, committed 15744K, reserved 1048576K
Event: 168.216 GC heap after
Heap after GC invocations=24 (full 4):
 PSYoungGen      total 549888K, used 13366K [0x000000076cb00000, 0x0000000798200000, 0x00000007c0000000)
  eden space 391168K, 0% used [0x000000076cb00000,0x000000076cb00000,0x0000000784900000)
  from space 158720K, 8% used [0x000000078e700000,0x000000078f40d820,0x0000000798200000)
  to   space 160256K, 0% used [0x0000000784900000,0x0000000784900000,0x000000078e580000)
 ParOldGen       total 1107968K, used 175375K [0x00000006c6000000, 0x0000000709a00000, 0x000000076cb00000)
  object space 1107968K, 15% used [0x00000006c6000000,0x00000006d0b43c40,0x0000000709a00000)
 Metaspace       used 97870K, capacity 98822K, committed 99712K, reserved 1132544K
  class space    used 15413K, capacity 15638K, committed 15744K, reserved 1048576K
}
Event: 378.948 GC heap before
{Heap before GC invocations=25 (full 4):
 PSYoungGen      total 549888K, used 404534K [0x000000076cb00000, 0x0000000798200000, 0x00000007c0000000)
  eden space 391168K, 100% used [0x000000076cb00000,0x0000000784900000,0x0000000784900000)
  from space 158720K, 8% used [0x000000078e700000,0x000000078f40d820,0x0000000798200000)
  to   space 160256K, 0% used [0x0000000784900000,0x0000000784900000,0x000000078e580000)
 ParOldGen       total 1107968K, used 175375K [0x00000006c6000000, 0x0000000709a00000, 0x000000076cb00000)
  object space 1107968K, 15% used [0x00000006c6000000,0x00000006d0b43c40,0x0000000709a00000)
 Metaspace       used 98707K, capacity 99620K, committed 100480K, reserved 1134592K
  class space    used 15462K, capacity 15707K, committed 15744K, reserved 1048576K
Event: 378.956 GC heap after
Heap after GC invocations=25 (full 4):
 PSYoungGen      total 551424K, used 20496K [0x000000076cb00000, 0x000000079a300000, 0x00000007c0000000)
  eden space 391168K, 0% used [0x000000076cb00000,0x000000076cb00000,0x0000000784900000)
  from space 160256K, 12% used [0x0000000784900000,0x0000000785d04250,0x000000078e580000)
  to   space 157184K, 0% used [0x0000000790980000,0x0000000790980000,0x000000079a300000)
 ParOldGen       total 1107968K, used 175383K [0x00000006c6000000, 0x0000000709a00000, 0x000000076cb00000)
  object space 1107968K, 15% used [0x00000006c6000000,0x00000006d0b45c40,0x0000000709a00000)
 Metaspace       used 98707K, capacity 99620K, committed 100480K, reserved 1134592K
  class space    used 15462K, capacity 15707K, committed 15744K, reserved 1048576K
}
Event: 46391.517 GC heap before
{Heap before GC invocations=26 (full 4):
 PSYoungGen      total 551424K, used 411664K [0x000000076cb00000, 0x000000079a300000, 0x00000007c0000000)
  eden space 391168K, 100% used [0x000000076cb00000,0x0000000784900000,0x0000000784900000)
  from space 160256K, 12% used [0x0000000784900000,0x0000000785d04250,0x000000078e580000)
  to   space 157184K, 0% used [0x0000000790980000,0x0000000790980000,0x000000079a300000)
 ParOldGen       total 1107968K, used 175383K [0x00000006c6000000, 0x0000000709a00000, 0x000000076cb00000)
  object space 1107968K, 15% used [0x00000006c6000000,0x00000006d0b45c40,0x0000000709a00000)
 Metaspace       used 100596K, capacity 101510K, committed 102400K, reserved 1136640K
  class space    used 15801K, capacity 16034K, committed 16128K, reserved 1048576K
Event: 46391.534 GC heap after
Heap after GC invocations=26 (full 4):
 PSYoungGen      total 478720K, used 52052K [0x000000076cb00000, 0x0000000796480000, 0x00000007c0000000)
  eden space 385536K, 0% used [0x000000076cb00000,0x000000076cb00000,0x0000000784380000)
  from space 93184K, 55% used [0x0000000790980000,0x0000000793c553f8,0x0000000796480000)
  to   space 147968K, 0% used [0x0000000784380000,0x0000000784380000,0x000000078d400000)
 ParOldGen       total 1107968K, used 175391K [0x00000006c6000000, 0x0000000709a00000, 0x000000076cb00000)
  object space 1107968K, 15% used [0x00000006c6000000,0x00000006d0b47c40,0x0000000709a00000)
 Metaspace       used 100596K, capacity 101510K, committed 102400K, reserved 1136640K
  class space    used 15801K, capacity 16034K, committed 16128K, reserved 1048576K
}

