# JRE version: Java(TM) SE Runtime Environment (8.0_202-b08) (build 1.8.0_202-b08)
# Java VM: Java HotSpot(TM) 64-Bit Server VM (25.202-b08 mixed mode windows-amd64 compressed oops)
Heap:
 PSYoungGen      total 394752K, used 211771K [0x000000076cb00000, 0x000000078be80000, 0x00000007c0000000)
  eden space 338432K, 45% used [0x000000076cb00000,0x00000007762f49a0,0x0000000781580000)
  from space 56320K, 99% used [0x0000000781a00000,0x00000007850da420,0x0000000785100000)
  to   space 86528K, 0% used [0x0000000786a00000,0x0000000786a00000,0x000000078be80000)
 ParOldGen       total 1085952K, used 142636K [0x00000006c6000000, 0x0000000708480000, 0x000000076cb00000)
  object space 1085952K, 13% used [0x00000006c6000000,0x00000006ceb4b108,0x0000000708480000)
 Metaspace       used 105337K, capacity 106434K, committed 107264K, reserved 1140736K
  class space    used 16101K, capacity 16382K, committed 16384K, reserved 1048576K
GC Heap History (10 events):
Event: 1517.644 GC heap before
{Heap before GC invocations=33 (full 4):
 PSYoungGen      total 435200K, used 404211K [0x000000076cb00000, 0x000000078c600000, 0x00000007c0000000)
  eden space 361472K, 100% used [0x000000076cb00000,0x0000000782c00000,0x0000000782c00000)
  from space 73728K, 57% used [0x0000000787e00000,0x000000078a7bcce8,0x000000078c600000)
  to   space 78848K, 0% used [0x0000000782c00000,0x0000000782c00000,0x0000000787900000)
 ParOldGen       total 1085952K, used 142114K [0x00000006c6000000, 0x0000000708480000, 0x000000076cb00000)
  object space 1085952K, 13% used [0x00000006c6000000,0x00000006ceac8938,0x0000000708480000)
 Metaspace       used 104726K, capacity 105774K, committed 106496K, reserved 1138688K
  class space    used 16088K, capacity 16368K, committed 16384K, reserved 1048576K
Event: 1517.660 GC heap after
Heap after GC invocations=33 (full 4):
 PSYoungGen      total 401920K, used 44775K [0x000000076cb00000, 0x000000078c180000, 0x00000007c0000000)
  eden space 356864K, 0% used [0x000000076cb00000,0x000000076cb00000,0x0000000782780000)
  from space 45056K, 99% used [0x0000000782c00000,0x00000007857b9f18,0x0000000785800000)
  to   space 78848K, 0% used [0x0000000787480000,0x0000000787480000,0x000000078c180000)
 ParOldGen       total 1085952K, used 142122K [0x00000006c6000000, 0x0000000708480000, 0x000000076cb00000)
  object space 1085952K, 13% used [0x00000006c6000000,0x00000006ceaca938,0x0000000708480000)
 Metaspace       used 104726K, capacity 105774K, committed 106496K, reserved 1138688K
  class space    used 16088K, capacity 16368K, committed 16384K, reserved 1048576K
}
Event: 1535.772 GC heap before
{Heap before GC invocations=34 (full 4):
 PSYoungGen      total 401920K, used 401639K [0x000000076cb00000, 0x000000078c180000, 0x00000007c0000000)
  eden space 356864K, 100% used [0x000000076cb00000,0x0000000782780000,0x0000000782780000)
  from space 45056K, 99% used [0x0000000782c00000,0x00000007857b9f18,0x0000000785800000)
  to   space 78848K, 0% used [0x0000000787480000,0x0000000787480000,0x000000078c180000)
 ParOldGen       total 1085952K, used 142122K [0x00000006c6000000, 0x0000000708480000, 0x000000076cb00000)
  object space 1085952K, 13% used [0x00000006c6000000,0x00000006ceaca938,0x0000000708480000)
 Metaspace       used 104808K, capacity 105902K, committed 106752K, reserved 1140736K
  class space    used 16089K, capacity 16368K, committed 16384K, reserved 1048576K
Event: 1535.794 GC heap after
Heap after GC invocations=34 (full 4):
 PSYoungGen      total 431104K, used 56552K [0x000000076cb00000, 0x000000078c500000, 0x00000007c0000000)
  eden space 352256K, 0% used [0x000000076cb00000,0x000000076cb00000,0x0000000782300000)
  from space 78848K, 71% used [0x0000000787480000,0x000000078abba0e8,0x000000078c180000)
  to   space 82944K, 0% used [0x0000000782300000,0x0000000782300000,0x0000000787400000)
 ParOldGen       total 1085952K, used 142130K [0x00000006c6000000, 0x0000000708480000, 0x000000076cb00000)
  object space 1085952K, 13% used [0x00000006c6000000,0x00000006ceacc938,0x0000000708480000)
 Metaspace       used 104808K, capacity 105902K, committed 106752K, reserved 1140736K
  class space    used 16089K, capacity 16368K, committed 16384K, reserved 1048576K
}
Event: 1554.066 GC heap before
{Heap before GC invocations=35 (full 4):
 PSYoungGen      total 431104K, used 408808K [0x000000076cb00000, 0x000000078c500000, 0x00000007c0000000)
  eden space 352256K, 100% used [0x000000076cb00000,0x0000000782300000,0x0000000782300000)
  from space 78848K, 71% used [0x0000000787480000,0x000000078abba0e8,0x000000078c180000)
  to   space 82944K, 0% used [0x0000000782300000,0x0000000782300000,0x0000000787400000)
 ParOldGen       total 1085952K, used 142130K [0x00000006c6000000, 0x0000000708480000, 0x000000076cb00000)
  object space 1085952K, 13% used [0x00000006c6000000,0x00000006ceacc938,0x0000000708480000)
 Metaspace       used 104981K, capacity 106048K, committed 107008K, reserved 1140736K
  class space    used 16091K, capacity 16371K, committed 16384K, reserved 1048576K
Event: 1554.084 GC heap after
Heap after GC invocations=35 (full 4):
 PSYoungGen      total 400384K, used 52536K [0x000000076cb00000, 0x000000078c380000, 0x00000007c0000000)
  eden space 347648K, 0% used [0x000000076cb00000,0x000000076cb00000,0x0000000781e80000)
  from space 52736K, 99% used [0x0000000782300000,0x000000078564e2c0,0x0000000785680000)
  to   space 84480K, 0% used [0x0000000787100000,0x0000000787100000,0x000000078c380000)
 ParOldGen       total 1085952K, used 142138K [0x00000006c6000000, 0x0000000708480000, 0x000000076cb00000)
  object space 1085952K, 13% used [0x00000006c6000000,0x00000006ceace938,0x0000000708480000)
 Metaspace       used 104981K, capacity 106048K, committed 107008K, reserved 1140736K
  class space    used 16091K, capacity 16371K, committed 16384K, reserved 1048576K
}
Event: 1611.478 GC heap before
{Heap before GC invocations=36 (full 4):
 PSYoungGen      total 400384K, used 400184K [0x000000076cb00000, 0x000000078c380000, 0x00000007c0000000)
  eden space 347648K, 100% used [0x000000076cb00000,0x0000000781e80000,0x0000000781e80000)
  from space 52736K, 99% used [0x0000000782300000,0x000000078564e2c0,0x0000000785680000)
  to   space 84480K, 0% used [0x0000000787100000,0x0000000787100000,0x000000078c380000)
 ParOldGen       total 1085952K, used 142138K [0x00000006c6000000, 0x0000000708480000, 0x000000076cb00000)
  object space 1085952K, 13% used [0x00000006c6000000,0x00000006ceace938,0x0000000708480000)
 Metaspace       used 105170K, capacity 106288K, committed 107008K, reserved 1140736K
  class space    used 16095K, capacity 16379K, committed 16384K, reserved 1048576K
Event: 1611.494 GC heap after
Heap after GC invocations=36 (full 4):
 PSYoungGen      total 422912K, used 49277K [0x000000076cb00000, 0x000000078bf00000, 0x00000007c0000000)
  eden space 343040K, 0% used [0x000000076cb00000,0x000000076cb00000,0x0000000781a00000)
  from space 79872K, 61% used [0x0000000787100000,0x000000078a11f718,0x000000078bf00000)
  to   space 84480K, 0% used [0x0000000781a00000,0x0000000781a00000,0x0000000786c80000)
 ParOldGen       total 1085952K, used 142527K [0x00000006c6000000, 0x0000000708480000, 0x000000076cb00000)
  object space 1085952K, 13% used [0x00000006c6000000,0x00000006ceb2fdf8,0x0000000708480000)
 Metaspace       used 105170K, capacity 106288K, committed 107008K, reserved 1140736K
  class space    used 16095K, capacity 16379K, committed 16384K, reserved 1048576K
}
Event: 1639.028 GC heap before
{Heap before GC invocations=37 (full 4):
 PSYoungGen      total 422912K, used 392317K [0x000000076cb00000, 0x000000078bf00000, 0x00000007c0000000)
  eden space 343040K, 100% used [0x000000076cb00000,0x0000000781a00000,0x0000000781a00000)
  from space 79872K, 61% used [0x0000000787100000,0x000000078a11f718,0x000000078bf00000)
  to   space 84480K, 0% used [0x0000000781a00000,0x0000000781a00000,0x0000000786c80000)
 ParOldGen       total 1085952K, used 142527K [0x00000006c6000000, 0x0000000708480000, 0x000000076cb00000)
  object space 1085952K, 13% used [0x00000006c6000000,0x00000006ceb2fdf8,0x0000000708480000)
 Metaspace       used 105326K, capacity 106434K, committed 107264K, reserved 1140736K
  class space    used 16101K, capacity 16382K, committed 16384K, reserved 1048576K
Event: 1639.049 GC heap after
Heap after GC invocations=37 (full 4):
 PSYoungGen      total 394752K, used 56169K [0x000000076cb00000, 0x000000078be80000, 0x00000007c0000000)
  eden space 338432K, 0% used [0x000000076cb00000,0x000000076cb00000,0x0000000781580000)
  from space 56320K, 99% used [0x0000000781a00000,0x00000007850da420,0x0000000785100000)
  to   space 86528K, 0% used [0x0000000786a00000,0x0000000786a00000,0x000000078be80000)
 ParOldGen       total 1085952K, used 142636K [0x00000006c6000000, 0x0000000708480000, 0x000000076cb00000)
  object space 1085952K, 13% used [0x00000006c6000000,0x00000006ceb4b108,0x0000000708480000)
 Metaspace       used 105326K, capacity 106434K, committed 107264K, reserved 1140736K
  class space    used 16101K, capacity 16382K, committed 16384K, reserved 1048576K
}

