# JRE version: Java(TM) SE Runtime Environment (8.0_202-b08) (build 1.8.0_202-b08)
# Java VM: Java HotSpot(TM) 64-Bit Server VM (25.202-b08 mixed mode windows-amd64 compressed oops)
Heap:
 PSYoungGen      total 325632K, used 263267K [0x000000076cb00000, 0x0000000786400000, 0x00000007c0000000)
  eden space 284672K, 78% used [0x000000076cb00000,0x000000077a445430,0x000000077e100000)
  from space 40960K, 99% used [0x000000077e600000,0x0000000780dd38d8,0x0000000780e00000)
  to   space 67072K, 0% used [0x0000000782280000,0x0000000782280000,0x0000000786400000)
 ParOldGen       total 726016K, used 196360K [0x00000006c6000000, 0x00000006f2500000, 0x000000076cb00000)
  object space 726016K, 27% used [0x00000006c6000000,0x00000006d1fc20a8,0x00000006f2500000)
 Metaspace       used 107943K, capacity 108970K, committed 110080K, reserved 1142784K
  class space    used 16525K, capacity 16774K, committed 16896K, reserved 1048576K
GC Heap History (10 events):
Event: 2151.492 GC heap before
{Heap before GC invocations=34 (full 5):
 PSYoungGen      total 382464K, used 338391K [0x000000076cb00000, 0x0000000789a00000, 0x00000007c0000000)
  eden space 311296K, 100% used [0x000000076cb00000,0x000000077fb00000,0x000000077fb00000)
  from space 71168K, 38% used [0x0000000785480000,0x0000000786ef5e78,0x0000000789a00000)
  to   space 81408K, 0% used [0x000000077fb00000,0x000000077fb00000,0x0000000784a80000)
 ParOldGen       total 726016K, used 196320K [0x00000006c6000000, 0x00000006f2500000, 0x000000076cb00000)
  object space 726016K, 27% used [0x00000006c6000000,0x00000006d1fb80a8,0x00000006f2500000)
 Metaspace       used 106892K, capacity 107908K, committed 108928K, reserved 1140736K
  class space    used 16505K, capacity 16741K, committed 16768K, reserved 1048576K
Event: 2151.504 GC heap after
Heap after GC invocations=34 (full 5):
 PSYoungGen      total 335360K, used 29361K [0x000000076cb00000, 0x0000000788b80000, 0x00000007c0000000)
  eden space 305664K, 0% used [0x000000076cb00000,0x000000076cb00000,0x000000077f580000)
  from space 29696K, 98% used [0x000000077fb00000,0x00000007817ac488,0x0000000781800000)
  to   space 76800K, 0% used [0x0000000784080000,0x0000000784080000,0x0000000788b80000)
 ParOldGen       total 726016K, used 196328K [0x00000006c6000000, 0x00000006f2500000, 0x000000076cb00000)
  object space 726016K, 27% used [0x00000006c6000000,0x00000006d1fba0a8,0x00000006f2500000)
 Metaspace       used 106892K, capacity 107908K, committed 108928K, reserved 1140736K
  class space    used 16505K, capacity 16741K, committed 16768K, reserved 1048576K
}
Event: 2249.960 GC heap before
{Heap before GC invocations=35 (full 5):
 PSYoungGen      total 335360K, used 335025K [0x000000076cb00000, 0x0000000788b80000, 0x00000007c0000000)
  eden space 305664K, 100% used [0x000000076cb00000,0x000000077f580000,0x000000077f580000)
  from space 29696K, 98% used [0x000000077fb00000,0x00000007817ac488,0x0000000781800000)
  to   space 76800K, 0% used [0x0000000784080000,0x0000000784080000,0x0000000788b80000)
 ParOldGen       total 726016K, used 196328K [0x00000006c6000000, 0x00000006f2500000, 0x000000076cb00000)
  object space 726016K, 27% used [0x00000006c6000000,0x00000006d1fba0a8,0x00000006f2500000)
 Metaspace       used 107113K, capacity 108106K, committed 109184K, reserved 1142784K
  class space    used 16506K, capacity 16742K, committed 16768K, reserved 1048576K
Event: 2249.974 GC heap after
Heap after GC invocations=35 (full 5):
 PSYoungGen      total 363008K, used 30692K [0x000000076cb00000, 0x0000000787e00000, 0x00000007c0000000)
  eden space 300032K, 0% used [0x000000076cb00000,0x000000076cb00000,0x000000077f000000)
  from space 62976K, 48% used [0x0000000784080000,0x0000000785e791f0,0x0000000787e00000)
  to   space 72704K, 0% used [0x000000077f000000,0x000000077f000000,0x0000000783700000)
 ParOldGen       total 726016K, used 196336K [0x00000006c6000000, 0x00000006f2500000, 0x000000076cb00000)
  object space 726016K, 27% used [0x00000006c6000000,0x00000006d1fbc0a8,0x00000006f2500000)
 Metaspace       used 107113K, capacity 108106K, committed 109184K, reserved 1142784K
  class space    used 16506K, capacity 16742K, committed 16768K, reserved 1048576K
}
Event: 2333.053 GC heap before
{Heap before GC invocations=36 (full 5):
 PSYoungGen      total 363008K, used 330724K [0x000000076cb00000, 0x0000000787e00000, 0x00000007c0000000)
  eden space 300032K, 100% used [0x000000076cb00000,0x000000077f000000,0x000000077f000000)
  from space 62976K, 48% used [0x0000000784080000,0x0000000785e791f0,0x0000000787e00000)
  to   space 72704K, 0% used [0x000000077f000000,0x000000077f000000,0x0000000783700000)
 ParOldGen       total 726016K, used 196336K [0x00000006c6000000, 0x00000006f2500000, 0x000000076cb00000)
  object space 726016K, 27% used [0x00000006c6000000,0x00000006d1fbc0a8,0x00000006f2500000)
 Metaspace       used 107234K, capacity 108234K, committed 109184K, reserved 1142784K
  class space    used 16509K, capacity 16742K, committed 16768K, reserved 1048576K
Event: 2333.081 GC heap after
Heap after GC invocations=36 (full 5):
 PSYoungGen      total 331776K, used 36781K [0x000000076cb00000, 0x0000000787400000, 0x00000007c0000000)
  eden space 294912K, 0% used [0x000000076cb00000,0x000000076cb00000,0x000000077eb00000)
  from space 36864K, 99% used [0x000000077f000000,0x00000007813eb470,0x0000000781400000)
  to   space 70144K, 0% used [0x0000000782f80000,0x0000000782f80000,0x0000000787400000)
 ParOldGen       total 726016K, used 196344K [0x00000006c6000000, 0x00000006f2500000, 0x000000076cb00000)
  object space 726016K, 27% used [0x00000006c6000000,0x00000006d1fbe0a8,0x00000006f2500000)
 Metaspace       used 107234K, capacity 108234K, committed 109184K, reserved 1142784K
  class space    used 16509K, capacity 16742K, committed 16768K, reserved 1048576K
}
Event: 2396.355 GC heap before
{Heap before GC invocations=37 (full 5):
 PSYoungGen      total 331776K, used 331693K [0x000000076cb00000, 0x0000000787400000, 0x00000007c0000000)
  eden space 294912K, 100% used [0x000000076cb00000,0x000000077eb00000,0x000000077eb00000)
  from space 36864K, 99% used [0x000000077f000000,0x00000007813eb470,0x0000000781400000)
  to   space 70144K, 0% used [0x0000000782f80000,0x0000000782f80000,0x0000000787400000)
 ParOldGen       total 726016K, used 196344K [0x00000006c6000000, 0x00000006f2500000, 0x000000076cb00000)
  object space 726016K, 27% used [0x00000006c6000000,0x00000006d1fbe0a8,0x00000006f2500000)
 Metaspace       used 107438K, capacity 108490K, committed 109440K, reserved 1142784K
  class space    used 16509K, capacity 16742K, committed 16768K, reserved 1048576K
Event: 2396.369 GC heap after
Heap after GC invocations=37 (full 5):
 PSYoungGen      total 349696K, used 34597K [0x000000076cb00000, 0x0000000786a00000, 0x00000007c0000000)
  eden space 289792K, 0% used [0x000000076cb00000,0x000000076cb00000,0x000000077e600000)
  from space 59904K, 57% used [0x0000000782f80000,0x0000000785149710,0x0000000786a00000)
  to   space 67584K, 0% used [0x000000077e600000,0x000000077e600000,0x0000000782800000)
 ParOldGen       total 726016K, used 196352K [0x00000006c6000000, 0x00000006f2500000, 0x000000076cb00000)
  object space 726016K, 27% used [0x00000006c6000000,0x00000006d1fc00a8,0x00000006f2500000)
 Metaspace       used 107438K, capacity 108490K, committed 109440K, reserved 1142784K
  class space    used 16509K, capacity 16742K, committed 16768K, reserved 1048576K
}
Event: 2554.094 GC heap before
{Heap before GC invocations=38 (full 5):
 PSYoungGen      total 349696K, used 324389K [0x000000076cb00000, 0x0000000786a00000, 0x00000007c0000000)
  eden space 289792K, 100% used [0x000000076cb00000,0x000000077e600000,0x000000077e600000)
  from space 59904K, 57% used [0x0000000782f80000,0x0000000785149710,0x0000000786a00000)
  to   space 67584K, 0% used [0x000000077e600000,0x000000077e600000,0x0000000782800000)
 ParOldGen       total 726016K, used 196352K [0x00000006c6000000, 0x00000006f2500000, 0x000000076cb00000)
  object space 726016K, 27% used [0x00000006c6000000,0x00000006d1fc00a8,0x00000006f2500000)
 Metaspace       used 107806K, capacity 108778K, committed 109824K, reserved 1142784K
  class space    used 16523K, capacity 16774K, committed 16896K, reserved 1048576K
Event: 2554.132 GC heap after
Heap after GC invocations=38 (full 5):
 PSYoungGen      total 325632K, used 40782K [0x000000076cb00000, 0x0000000786400000, 0x00000007c0000000)
  eden space 284672K, 0% used [0x000000076cb00000,0x000000076cb00000,0x000000077e100000)
  from space 40960K, 99% used [0x000000077e600000,0x0000000780dd38d8,0x0000000780e00000)
  to   space 67072K, 0% used [0x0000000782280000,0x0000000782280000,0x0000000786400000)
 ParOldGen       total 726016K, used 196360K [0x00000006c6000000, 0x00000006f2500000, 0x000000076cb00000)
  object space 726016K, 27% used [0x00000006c6000000,0x00000006d1fc20a8,0x00000006f2500000)
 Metaspace       used 107806K, capacity 108778K, committed 109824K, reserved 1142784K
  class space    used 16523K, capacity 16774K, committed 16896K, reserved 1048576K
}

