# JRE version: Java(TM) SE Runtime Environment (8.0_202-b08) (build 1.8.0_202-b08)
# Java VM: Java HotSpot(TM) 64-Bit Server VM (25.202-b08 mixed mode windows-amd64 compressed oops)
Heap:
 PSYoungGen      total 271872K, used 208708K [0x000000076cb00000, 0x0000000781580000, 0x00000007c0000000)
  eden space 212480K, 85% used [0x000000076cb00000,0x0000000777ca4390,0x0000000779a80000)
  from space 59392K, 45% used [0x000000077db80000,0x000000077f5acef0,0x0000000781580000)
  to   space 62976K, 0% used [0x0000000779a80000,0x0000000779a80000,0x000000077d800000)
 ParOldGen       total 1047552K, used 315848K [0x00000006c6000000, 0x0000000705f00000, 0x000000076cb00000)
  object space 1047552K, 30% used [0x00000006c6000000,0x00000006d9472188,0x0000000705f00000)
 Metaspace       used 124725K, capacity 125962K, committed 127104K, reserved 1157120K
  class space    used 18111K, capacity 18392K, committed 18560K, reserved 1048576K
GC Heap History (10 events):
Event: 23776.489 GC heap before
{Heap before GC invocations=183 (full 11):
 PSYoungGen      total 250880K, used 250457K [0x000000076cb00000, 0x0000000782e80000, 0x00000007c0000000)
  eden space 222720K, 100% used [0x000000076cb00000,0x000000077a480000,0x000000077a480000)
  from space 28160K, 98% used [0x000000077a680000,0x000000077c196798,0x000000077c200000)
  to   space 70656K, 0% used [0x000000077e980000,0x000000077e980000,0x0000000782e80000)
 ParOldGen       total 1047552K, used 300930K [0x00000006c6000000, 0x0000000705f00000, 0x000000076cb00000)
  object space 1047552K, 28% used [0x00000006c6000000,0x00000006d85e0800,0x0000000705f00000)
 Metaspace       used 124636K, capacity 125834K, committed 127104K, reserved 1157120K
  class space    used 18110K, capacity 18392K, committed 18560K, reserved 1048576K
Event: 23776.504 GC heap after
Heap after GC invocations=183 (full 11):
 PSYoungGen      total 286208K, used 29224K [0x000000076cb00000, 0x0000000782980000, 0x00000007c0000000)
  eden space 220672K, 0% used [0x000000076cb00000,0x000000076cb00000,0x000000077a280000)
  from space 65536K, 44% used [0x000000077e980000,0x000000078060a328,0x0000000782980000)
  to   space 69120K, 0% used [0x000000077a280000,0x000000077a280000,0x000000077e600000)
 ParOldGen       total 1047552K, used 304381K [0x00000006c6000000, 0x0000000705f00000, 0x000000076cb00000)
  object space 1047552K, 29% used [0x00000006c6000000,0x00000006d893f6f0,0x0000000705f00000)
 Metaspace       used 124636K, capacity 125834K, committed 127104K, reserved 1157120K
  class space    used 18110K, capacity 18392K, committed 18560K, reserved 1048576K
}
Event: 23794.279 GC heap before
{Heap before GC invocations=184 (full 11):
 PSYoungGen      total 286208K, used 249896K [0x000000076cb00000, 0x0000000782980000, 0x00000007c0000000)
  eden space 220672K, 100% used [0x000000076cb00000,0x000000077a280000,0x000000077a280000)
  from space 65536K, 44% used [0x000000077e980000,0x000000078060a328,0x0000000782980000)
  to   space 69120K, 0% used [0x000000077a280000,0x000000077a280000,0x000000077e600000)
 ParOldGen       total 1047552K, used 304381K [0x00000006c6000000, 0x0000000705f00000, 0x000000076cb00000)
  object space 1047552K, 29% used [0x00000006c6000000,0x00000006d893f6f0,0x0000000705f00000)
 Metaspace       used 124655K, capacity 125834K, committed 127104K, reserved 1157120K
  class space    used 18110K, capacity 18392K, committed 18560K, reserved 1048576K
Event: 23794.293 GC heap after
Heap after GC invocations=184 (full 11):
 PSYoungGen      total 246784K, used 27830K [0x000000076cb00000, 0x0000000782480000, 0x00000007c0000000)
  eden space 218624K, 0% used [0x000000076cb00000,0x000000076cb00000,0x000000077a080000)
  from space 28160K, 98% used [0x000000077a280000,0x000000077bdad990,0x000000077be00000)
  to   space 67584K, 0% used [0x000000077e280000,0x000000077e280000,0x0000000782480000)
 ParOldGen       total 1047552K, used 309855K [0x00000006c6000000, 0x0000000705f00000, 0x000000076cb00000)
  object space 1047552K, 29% used [0x00000006c6000000,0x00000006d8e97f00,0x0000000705f00000)
 Metaspace       used 124655K, capacity 125834K, committed 127104K, reserved 1157120K
  class space    used 18110K, capacity 18392K, committed 18560K, reserved 1048576K
}
Event: 23861.330 GC heap before
{Heap before GC invocations=185 (full 11):
 PSYoungGen      total 246784K, used 246454K [0x000000076cb00000, 0x0000000782480000, 0x00000007c0000000)
  eden space 218624K, 100% used [0x000000076cb00000,0x000000077a080000,0x000000077a080000)
  from space 28160K, 98% used [0x000000077a280000,0x000000077bdad990,0x000000077be00000)
  to   space 67584K, 0% used [0x000000077e280000,0x000000077e280000,0x0000000782480000)
 ParOldGen       total 1047552K, used 309855K [0x00000006c6000000, 0x0000000705f00000, 0x000000076cb00000)
  object space 1047552K, 29% used [0x00000006c6000000,0x00000006d8e97f00,0x0000000705f00000)
 Metaspace       used 124658K, capacity 125834K, committed 127104K, reserved 1157120K
  class space    used 18110K, capacity 18392K, committed 18560K, reserved 1048576K
Event: 23861.345 GC heap after
Heap after GC invocations=185 (full 11):
 PSYoungGen      total 279040K, used 29579K [0x000000076cb00000, 0x0000000781f80000, 0x00000007c0000000)
  eden space 216576K, 0% used [0x000000076cb00000,0x000000076cb00000,0x0000000779e80000)
  from space 62464K, 47% used [0x000000077e280000,0x000000077ff62ff0,0x0000000781f80000)
  to   space 66048K, 0% used [0x0000000779e80000,0x0000000779e80000,0x000000077df00000)
 ParOldGen       total 1047552K, used 313378K [0x00000006c6000000, 0x0000000705f00000, 0x000000076cb00000)
  object space 1047552K, 29% used [0x00000006c6000000,0x00000006d92088a8,0x0000000705f00000)
 Metaspace       used 124658K, capacity 125834K, committed 127104K, reserved 1157120K
  class space    used 18110K, capacity 18392K, committed 18560K, reserved 1048576K
}
Event: 24019.648 GC heap before
{Heap before GC invocations=186 (full 11):
 PSYoungGen      total 279040K, used 246155K [0x000000076cb00000, 0x0000000781f80000, 0x00000007c0000000)
  eden space 216576K, 100% used [0x000000076cb00000,0x0000000779e80000,0x0000000779e80000)
  from space 62464K, 47% used [0x000000077e280000,0x000000077ff62ff0,0x0000000781f80000)
  to   space 66048K, 0% used [0x0000000779e80000,0x0000000779e80000,0x000000077df00000)
 ParOldGen       total 1047552K, used 313378K [0x00000006c6000000, 0x0000000705f00000, 0x000000076cb00000)
  object space 1047552K, 29% used [0x00000006c6000000,0x00000006d92088a8,0x0000000705f00000)
 Metaspace       used 124706K, capacity 125898K, committed 127104K, reserved 1157120K
  class space    used 18110K, capacity 18392K, committed 18560K, reserved 1048576K
Event: 24019.660 GC heap after
Heap after GC invocations=186 (full 11):
 PSYoungGen      total 242688K, used 28034K [0x000000076cb00000, 0x0000000781a80000, 0x00000007c0000000)
  eden space 214528K, 0% used [0x000000076cb00000,0x000000076cb00000,0x0000000779c80000)
  from space 28160K, 99% used [0x0000000779e80000,0x000000077b9e0b10,0x000000077ba00000)
  to   space 64512K, 0% used [0x000000077db80000,0x000000077db80000,0x0000000781a80000)
 ParOldGen       total 1047552K, used 313530K [0x00000006c6000000, 0x0000000705f00000, 0x000000076cb00000)
  object space 1047552K, 29% used [0x00000006c6000000,0x00000006d922e8a8,0x0000000705f00000)
 Metaspace       used 124706K, capacity 125898K, committed 127104K, reserved 1157120K
  class space    used 18110K, capacity 18392K, committed 18560K, reserved 1048576K
}
Event: 24104.912 GC heap before
{Heap before GC invocations=187 (full 11):
 PSYoungGen      total 242688K, used 242562K [0x000000076cb00000, 0x0000000781a80000, 0x00000007c0000000)
  eden space 214528K, 100% used [0x000000076cb00000,0x0000000779c80000,0x0000000779c80000)
  from space 28160K, 99% used [0x0000000779e80000,0x000000077b9e0b10,0x000000077ba00000)
  to   space 64512K, 0% used [0x000000077db80000,0x000000077db80000,0x0000000781a80000)
 ParOldGen       total 1047552K, used 313530K [0x00000006c6000000, 0x0000000705f00000, 0x000000076cb00000)
  object space 1047552K, 29% used [0x00000006c6000000,0x00000006d922e8a8,0x0000000705f00000)
 Metaspace       used 124711K, capacity 125898K, committed 127104K, reserved 1157120K
  class space    used 18110K, capacity 18392K, committed 18560K, reserved 1048576K
Event: 24104.925 GC heap after
Heap after GC invocations=187 (full 11):
 PSYoungGen      total 271872K, used 26803K [0x000000076cb00000, 0x0000000781580000, 0x00000007c0000000)
  eden space 212480K, 0% used [0x000000076cb00000,0x000000076cb00000,0x0000000779a80000)
  from space 59392K, 45% used [0x000000077db80000,0x000000077f5acef0,0x0000000781580000)
  to   space 62976K, 0% used [0x0000000779a80000,0x0000000779a80000,0x000000077d800000)
 ParOldGen       total 1047552K, used 315848K [0x00000006c6000000, 0x0000000705f00000, 0x000000076cb00000)
  object space 1047552K, 30% used [0x00000006c6000000,0x00000006d9472188,0x0000000705f00000)
 Metaspace       used 124711K, capacity 125898K, committed 127104K, reserved 1157120K
  class space    used 18110K, capacity 18392K, committed 18560K, reserved 1048576K
}

