# JRE version: Java(TM) SE Runtime Environment (8.0_202-b08) (build 1.8.0_202-b08)
# Java VM: Java HotSpot(TM) 64-Bit Server VM (25.202-b08 mixed mode windows-amd64 compressed oops)
Heap:
 PSYoungGen      total 425472K, used 364686K [0x000000076cb00000, 0x000000078bd80000, 0x00000007c0000000)
  eden space 356864K, 91% used [0x000000076cb00000,0x0000000780984300,0x0000000782780000)
  from space 68608K, 56% used [0x0000000787a80000,0x000000078a01f548,0x000000078bd80000)
  to   space 76800K, 0% used [0x0000000782780000,0x0000000782780000,0x0000000787280000)
 ParOldGen       total 1078784K, used 166047K [0x00000006c6000000, 0x0000000707d80000, 0x000000076cb00000)
  object space 1078784K, 15% used [0x00000006c6000000,0x00000006d0227f80,0x0000000707d80000)
 Metaspace       used 106258K, capacity 107332K, committed 108160K, reserved 1140736K
  class space    used 16400K, capacity 16683K, committed 16768K, reserved 1048576K
GC Heap History (10 events):
Event: 359.952 GC heap before
{Heap before GC invocations=24 (full 4):
 PSYoungGen      total 442368K, used 379075K [0x000000076cb00000, 0x000000078fc00000, 0x00000007c0000000)
  eden space 339968K, 100% used [0x000000076cb00000,0x0000000781700000,0x0000000781700000)
  from space 102400K, 38% used [0x0000000781700000,0x0000000783d30c88,0x0000000787b00000)
  to   space 97280K, 0% used [0x0000000789d00000,0x0000000789d00000,0x000000078fc00000)
 ParOldGen       total 1078784K, used 166007K [0x00000006c6000000, 0x0000000707d80000, 0x000000076cb00000)
  object space 1078784K, 15% used [0x00000006c6000000,0x00000006d021df80,0x0000000707d80000)
 Metaspace       used 105102K, capacity 106162K, committed 106880K, reserved 1138688K
  class space    used 16395K, capacity 16680K, committed 16768K, reserved 1048576K
Event: 359.965 GC heap after
Heap after GC invocations=24 (full 4):
 PSYoungGen      total 451584K, used 39517K [0x000000076cb00000, 0x000000078ea80000, 0x00000007c0000000)
  eden space 372224K, 0% used [0x000000076cb00000,0x000000076cb00000,0x0000000783680000)
  from space 79360K, 49% used [0x0000000789d00000,0x000000078c3976e8,0x000000078ea80000)
  to   space 92160K, 0% used [0x0000000783680000,0x0000000783680000,0x0000000789080000)
 ParOldGen       total 1078784K, used 166015K [0x00000006c6000000, 0x0000000707d80000, 0x000000076cb00000)
  object space 1078784K, 15% used [0x00000006c6000000,0x00000006d021ff80,0x0000000707d80000)
 Metaspace       used 105102K, capacity 106162K, committed 106880K, reserved 1138688K
  class space    used 16395K, capacity 16680K, committed 16768K, reserved 1048576K
}
Event: 441.735 GC heap before
{Heap before GC invocations=25 (full 4):
 PSYoungGen      total 451584K, used 411741K [0x000000076cb00000, 0x000000078ea80000, 0x00000007c0000000)
  eden space 372224K, 100% used [0x000000076cb00000,0x0000000783680000,0x0000000783680000)
  from space 79360K, 49% used [0x0000000789d00000,0x000000078c3976e8,0x000000078ea80000)
  to   space 92160K, 0% used [0x0000000783680000,0x0000000783680000,0x0000000789080000)
 ParOldGen       total 1078784K, used 166015K [0x00000006c6000000, 0x0000000707d80000, 0x000000076cb00000)
  object space 1078784K, 15% used [0x00000006c6000000,0x00000006d021ff80,0x0000000707d80000)
 Metaspace       used 105347K, capacity 106418K, committed 107136K, reserved 1140736K
  class space    used 16395K, capacity 16680K, committed 16768K, reserved 1048576K
Event: 441.747 GC heap after
Heap after GC invocations=25 (full 4):
 PSYoungGen      total 464384K, used 39938K [0x000000076cb00000, 0x000000078fd80000, 0x00000007c0000000)
  eden space 372224K, 0% used [0x000000076cb00000,0x000000076cb00000,0x0000000783680000)
  from space 92160K, 43% used [0x0000000783680000,0x0000000785d80ba8,0x0000000789080000)
  to   space 87552K, 0% used [0x000000078a800000,0x000000078a800000,0x000000078fd80000)
 ParOldGen       total 1078784K, used 166023K [0x00000006c6000000, 0x0000000707d80000, 0x000000076cb00000)
  object space 1078784K, 15% used [0x00000006c6000000,0x00000006d0221f80,0x0000000707d80000)
 Metaspace       used 105347K, capacity 106418K, committed 107136K, reserved 1140736K
  class space    used 16395K, capacity 16680K, committed 16768K, reserved 1048576K
}
Event: 870.095 GC heap before
{Heap before GC invocations=26 (full 4):
 PSYoungGen      total 464384K, used 412162K [0x000000076cb00000, 0x000000078fd80000, 0x00000007c0000000)
  eden space 372224K, 100% used [0x000000076cb00000,0x0000000783680000,0x0000000783680000)
  from space 92160K, 43% used [0x0000000783680000,0x0000000785d80ba8,0x0000000789080000)
  to   space 87552K, 0% used [0x000000078a800000,0x000000078a800000,0x000000078fd80000)
 ParOldGen       total 1078784K, used 166023K [0x00000006c6000000, 0x0000000707d80000, 0x000000076cb00000)
  object space 1078784K, 15% used [0x00000006c6000000,0x00000006d0221f80,0x0000000707d80000)
 Metaspace       used 105755K, capacity 106808K, committed 107648K, reserved 1140736K
  class space    used 16396K, capacity 16681K, committed 16768K, reserved 1048576K
Event: 870.127 GC heap after
Heap after GC invocations=26 (full 4):
 PSYoungGen      total 413696K, used 38218K [0x000000076cb00000, 0x000000078d580000, 0x00000007c0000000)
  eden space 367104K, 0% used [0x000000076cb00000,0x000000076cb00000,0x0000000783180000)
  from space 46592K, 82% used [0x000000078a800000,0x000000078cd52ac8,0x000000078d580000)
  to   space 83968K, 0% used [0x0000000783180000,0x0000000783180000,0x0000000788380000)
 ParOldGen       total 1078784K, used 166031K [0x00000006c6000000, 0x0000000707d80000, 0x000000076cb00000)
  object space 1078784K, 15% used [0x00000006c6000000,0x00000006d0223f80,0x0000000707d80000)
 Metaspace       used 105755K, capacity 106808K, committed 107648K, reserved 1140736K
  class space    used 16396K, capacity 16681K, committed 16768K, reserved 1048576K
}
Event: 989.578 GC heap before
{Heap before GC invocations=27 (full 4):
 PSYoungGen      total 413696K, used 405322K [0x000000076cb00000, 0x000000078d580000, 0x00000007c0000000)
  eden space 367104K, 100% used [0x000000076cb00000,0x0000000783180000,0x0000000783180000)
  from space 46592K, 82% used [0x000000078a800000,0x000000078cd52ac8,0x000000078d580000)
  to   space 83968K, 0% used [0x0000000783180000,0x0000000783180000,0x0000000788380000)
 ParOldGen       total 1078784K, used 166031K [0x00000006c6000000, 0x0000000707d80000, 0x000000076cb00000)
  object space 1078784K, 15% used [0x00000006c6000000,0x00000006d0223f80,0x0000000707d80000)
 Metaspace       used 105917K, capacity 107006K, committed 107648K, reserved 1140736K
  class space    used 16397K, capacity 16682K, committed 16768K, reserved 1048576K
Event: 989.591 GC heap after
Heap after GC invocations=27 (full 4):
 PSYoungGen      total 401920K, used 39506K [0x000000076cb00000, 0x000000078c880000, 0x00000007c0000000)
  eden space 361984K, 0% used [0x000000076cb00000,0x000000076cb00000,0x0000000782c80000)
  from space 39936K, 98% used [0x0000000783180000,0x00000007858148c8,0x0000000785880000)
  to   space 79872K, 0% used [0x0000000787a80000,0x0000000787a80000,0x000000078c880000)
 ParOldGen       total 1078784K, used 166039K [0x00000006c6000000, 0x0000000707d80000, 0x000000076cb00000)
  object space 1078784K, 15% used [0x00000006c6000000,0x00000006d0225f80,0x0000000707d80000)
 Metaspace       used 105917K, capacity 107006K, committed 107648K, reserved 1140736K
  class space    used 16397K, capacity 16682K, committed 16768K, reserved 1048576K
}
Event: 1116.276 GC heap before
{Heap before GC invocations=28 (full 4):
 PSYoungGen      total 401920K, used 401490K [0x000000076cb00000, 0x000000078c880000, 0x00000007c0000000)
  eden space 361984K, 100% used [0x000000076cb00000,0x0000000782c80000,0x0000000782c80000)
  from space 39936K, 98% used [0x0000000783180000,0x00000007858148c8,0x0000000785880000)
  to   space 79872K, 0% used [0x0000000787a80000,0x0000000787a80000,0x000000078c880000)
 ParOldGen       total 1078784K, used 166039K [0x00000006c6000000, 0x0000000707d80000, 0x000000076cb00000)
  object space 1078784K, 15% used [0x00000006c6000000,0x00000006d0225f80,0x0000000707d80000)
 Metaspace       used 106137K, capacity 107198K, committed 107904K, reserved 1140736K
  class space    used 16398K, capacity 16682K, committed 16768K, reserved 1048576K
Event: 1116.307 GC heap after
Heap after GC invocations=28 (full 4):
 PSYoungGen      total 425472K, used 38525K [0x000000076cb00000, 0x000000078bd80000, 0x00000007c0000000)
  eden space 356864K, 0% used [0x000000076cb00000,0x000000076cb00000,0x0000000782780000)
  from space 68608K, 56% used [0x0000000787a80000,0x000000078a01f548,0x000000078bd80000)
  to   space 76800K, 0% used [0x0000000782780000,0x0000000782780000,0x0000000787280000)
 ParOldGen       total 1078784K, used 166047K [0x00000006c6000000, 0x0000000707d80000, 0x000000076cb00000)
  object space 1078784K, 15% used [0x00000006c6000000,0x00000006d0227f80,0x0000000707d80000)
 Metaspace       used 106137K, capacity 107198K, committed 107904K, reserved 1140736K
  class space    used 16398K, capacity 16682K, committed 16768K, reserved 1048576K
}

