# JRE version: Java(TM) SE Runtime Environment (8.0_202-b08) (build 1.8.0_202-b08)
# Java VM: Java HotSpot(TM) 64-Bit Server VM (25.202-b08 mixed mode windows-amd64 compressed oops)
Heap:
 PSYoungGen      total 457728K, used 339951K [0x000000076cb00000, 0x000000078f180000, 0x00000007c0000000)
  eden space 356864K, 77% used [0x000000076cb00000,0x000000077d786ca8,0x0000000782780000)
  from space 100864K, 64% used [0x0000000788e80000,0x000000078cdf4fd0,0x000000078f100000)
  to   space 103424K, 0% used [0x0000000782780000,0x0000000782780000,0x0000000788c80000)
 ParOldGen       total 1158656K, used 193656K [0x00000006c6000000, 0x000000070cb80000, 0x000000076cb00000)
  object space 1158656K, 16% used [0x00000006c6000000,0x00000006d1d1e3c8,0x000000070cb80000)
 Metaspace       used 103417K, capacity 104460K, committed 105600K, reserved 1138688K
  class space    used 15922K, capacity 16147K, committed 16256K, reserved 1048576K
GC Heap History (10 events):
Event: 7417.173 GC heap before
{Heap before GC invocations=28 (full 4):
 PSYoungGen      total 410112K, used 409851K [0x000000076cb00000, 0x0000000793180000, 0x00000007c0000000)
  eden space 381440K, 100% used [0x000000076cb00000,0x0000000783f80000,0x0000000783f80000)
  from space 28672K, 99% used [0x0000000784480000,0x000000078603ec40,0x0000000786080000)
  to   space 123904K, 0% used [0x000000078b880000,0x000000078b880000,0x0000000793180000)
 ParOldGen       total 1158656K, used 193616K [0x00000006c6000000, 0x000000070cb80000, 0x000000076cb00000)
  object space 1158656K, 16% used [0x00000006c6000000,0x00000006d1d143c8,0x000000070cb80000)
 Metaspace       used 101864K, capacity 102838K, committed 103808K, reserved 1136640K
  class space    used 15910K, capacity 16144K, committed 16256K, reserved 1048576K
Event: 7417.184 GC heap after
Heap after GC invocations=28 (full 4):
 PSYoungGen      total 484864K, used 28394K [0x000000076cb00000, 0x0000000792280000, 0x00000007c0000000)
  eden space 376320K, 0% used [0x000000076cb00000,0x000000076cb00000,0x0000000783a80000)
  from space 108544K, 26% used [0x000000078b880000,0x000000078d43ab70,0x0000000792280000)
  to   space 118784K, 0% used [0x0000000783a80000,0x0000000783a80000,0x000000078ae80000)
 ParOldGen       total 1158656K, used 193624K [0x00000006c6000000, 0x000000070cb80000, 0x000000076cb00000)
  object space 1158656K, 16% used [0x00000006c6000000,0x00000006d1d163c8,0x000000070cb80000)
 Metaspace       used 101864K, capacity 102838K, committed 103808K, reserved 1136640K
  class space    used 15910K, capacity 16144K, committed 16256K, reserved 1048576K
}
Event: 7749.638 GC heap before
{Heap before GC invocations=29 (full 4):
 PSYoungGen      total 484864K, used 404714K [0x000000076cb00000, 0x0000000792280000, 0x00000007c0000000)
  eden space 376320K, 100% used [0x000000076cb00000,0x0000000783a80000,0x0000000783a80000)
  from space 108544K, 26% used [0x000000078b880000,0x000000078d43ab70,0x0000000792280000)
  to   space 118784K, 0% used [0x0000000783a80000,0x0000000783a80000,0x000000078ae80000)
 ParOldGen       total 1158656K, used 193624K [0x00000006c6000000, 0x000000070cb80000, 0x000000076cb00000)
  object space 1158656K, 16% used [0x00000006c6000000,0x00000006d1d163c8,0x000000070cb80000)
 Metaspace       used 102366K, capacity 103350K, committed 104320K, reserved 1136640K
  class space    used 15916K, capacity 16144K, committed 16256K, reserved 1048576K
Event: 7749.652 GC heap after
Heap after GC invocations=29 (full 4):
 PSYoungGen      total 410112K, used 38676K [0x000000076cb00000, 0x0000000791080000, 0x00000007c0000000)
  eden space 371200K, 0% used [0x000000076cb00000,0x000000076cb00000,0x0000000783580000)
  from space 38912K, 99% used [0x0000000783a80000,0x0000000786045300,0x0000000786080000)
  to   space 112128K, 0% used [0x000000078a300000,0x000000078a300000,0x0000000791080000)
 ParOldGen       total 1158656K, used 193632K [0x00000006c6000000, 0x000000070cb80000, 0x000000076cb00000)
  object space 1158656K, 16% used [0x00000006c6000000,0x00000006d1d183c8,0x000000070cb80000)
 Metaspace       used 102366K, capacity 103350K, committed 104320K, reserved 1136640K
  class space    used 15916K, capacity 16144K, committed 16256K, reserved 1048576K
}
Event: 7949.116 GC heap before
{Heap before GC invocations=30 (full 4):
 PSYoungGen      total 410112K, used 409876K [0x000000076cb00000, 0x0000000791080000, 0x00000007c0000000)
  eden space 371200K, 100% used [0x000000076cb00000,0x0000000783580000,0x0000000783580000)
  from space 38912K, 99% used [0x0000000783a80000,0x0000000786045300,0x0000000786080000)
  to   space 112128K, 0% used [0x000000078a300000,0x000000078a300000,0x0000000791080000)
 ParOldGen       total 1158656K, used 193632K [0x00000006c6000000, 0x000000070cb80000, 0x000000076cb00000)
  object space 1158656K, 16% used [0x00000006c6000000,0x00000006d1d183c8,0x000000070cb80000)
 Metaspace       used 102824K, capacity 103866K, committed 104832K, reserved 1138688K
  class space    used 15917K, capacity 16144K, committed 16256K, reserved 1048576K
Event: 7949.127 GC heap after
Heap after GC invocations=30 (full 4):
 PSYoungGen      total 460800K, used 35859K [0x000000076cb00000, 0x000000078ff80000, 0x00000007c0000000)
  eden space 366080K, 0% used [0x000000076cb00000,0x000000076cb00000,0x0000000783080000)
  from space 94720K, 37% used [0x000000078a300000,0x000000078c604cd8,0x000000078ff80000)
  to   space 105984K, 0% used [0x0000000783080000,0x0000000783080000,0x0000000789800000)
 ParOldGen       total 1158656K, used 193640K [0x00000006c6000000, 0x000000070cb80000, 0x000000076cb00000)
  object space 1158656K, 16% used [0x00000006c6000000,0x00000006d1d1a3c8,0x000000070cb80000)
 Metaspace       used 102824K, capacity 103866K, committed 104832K, reserved 1138688K
  class space    used 15917K, capacity 16144K, committed 16256K, reserved 1048576K
}
Event: 11304.409 GC heap before
{Heap before GC invocations=31 (full 4):
 PSYoungGen      total 460800K, used 401939K [0x000000076cb00000, 0x000000078ff80000, 0x00000007c0000000)
  eden space 366080K, 100% used [0x000000076cb00000,0x0000000783080000,0x0000000783080000)
  from space 94720K, 37% used [0x000000078a300000,0x000000078c604cd8,0x000000078ff80000)
  to   space 105984K, 0% used [0x0000000783080000,0x0000000783080000,0x0000000789800000)
 ParOldGen       total 1158656K, used 193640K [0x00000006c6000000, 0x000000070cb80000, 0x000000076cb00000)
  object space 1158656K, 16% used [0x00000006c6000000,0x00000006d1d1a3c8,0x000000070cb80000)
 Metaspace       used 103055K, capacity 104058K, committed 105088K, reserved 1138688K
  class space    used 15918K, capacity 16144K, committed 16256K, reserved 1048576K
Event: 11304.427 GC heap after
Heap after GC invocations=31 (full 4):
 PSYoungGen      total 406528K, used 45017K [0x000000076cb00000, 0x000000078f100000, 0x00000007c0000000)
  eden space 361472K, 0% used [0x000000076cb00000,0x000000076cb00000,0x0000000782c00000)
  from space 45056K, 99% used [0x0000000783080000,0x0000000785c766e8,0x0000000785c80000)
  to   space 100864K, 0% used [0x0000000788e80000,0x0000000788e80000,0x000000078f100000)
 ParOldGen       total 1158656K, used 193648K [0x00000006c6000000, 0x000000070cb80000, 0x000000076cb00000)
  object space 1158656K, 16% used [0x00000006c6000000,0x00000006d1d1c3c8,0x000000070cb80000)
 Metaspace       used 103055K, capacity 104058K, committed 105088K, reserved 1138688K
  class space    used 15918K, capacity 16144K, committed 16256K, reserved 1048576K
}
Event: 11329.881 GC heap before
{Heap before GC invocations=32 (full 4):
 PSYoungGen      total 406528K, used 406489K [0x000000076cb00000, 0x000000078f100000, 0x00000007c0000000)
  eden space 361472K, 100% used [0x000000076cb00000,0x0000000782c00000,0x0000000782c00000)
  from space 45056K, 99% used [0x0000000783080000,0x0000000785c766e8,0x0000000785c80000)
  to   space 100864K, 0% used [0x0000000788e80000,0x0000000788e80000,0x000000078f100000)
 ParOldGen       total 1158656K, used 193648K [0x00000006c6000000, 0x000000070cb80000, 0x000000076cb00000)
  object space 1158656K, 16% used [0x00000006c6000000,0x00000006d1d1c3c8,0x000000070cb80000)
 Metaspace       used 103302K, capacity 104332K, committed 105344K, reserved 1138688K
  class space    used 15921K, capacity 16147K, committed 16256K, reserved 1048576K
Event: 11329.908 GC heap after
Heap after GC invocations=32 (full 4):
 PSYoungGen      total 457728K, used 64979K [0x000000076cb00000, 0x000000078f180000, 0x00000007c0000000)
  eden space 356864K, 0% used [0x000000076cb00000,0x000000076cb00000,0x0000000782780000)
  from space 100864K, 64% used [0x0000000788e80000,0x000000078cdf4fd0,0x000000078f100000)
  to   space 103424K, 0% used [0x0000000782780000,0x0000000782780000,0x0000000788c80000)
 ParOldGen       total 1158656K, used 193656K [0x00000006c6000000, 0x000000070cb80000, 0x000000076cb00000)
  object space 1158656K, 16% used [0x00000006c6000000,0x00000006d1d1e3c8,0x000000070cb80000)
 Metaspace       used 103302K, capacity 104332K, committed 105344K, reserved 1138688K
  class space    used 15921K, capacity 16147K, committed 16256K, reserved 1048576K
}

