# JRE version: Java(TM) SE Runtime Environment (8.0_202-b08) (build 1.8.0_202-b08)
# Java VM: Java HotSpot(TM) 64-Bit Server VM (25.202-b08 mixed mode windows-amd64 compressed oops)
Heap:
 PSYoungGen      total 414208K, used 3583K [0x000000076cb00000, 0x000000078ec00000, 0x00000007c0000000)
  eden space 296448K, 1% used [0x000000076cb00000,0x000000076ce7fc80,0x000000077ec80000)
  from space 117760K, 0% used [0x0000000786800000,0x0000000786800000,0x000000078db00000)
  to   space 126464K, 0% used [0x000000077ec80000,0x000000077ec80000,0x0000000786800000)
 ParOldGen       total 1113088K, used 289742K [0x00000006c6000000, 0x0000000709f00000, 0x000000076cb00000)
  object space 1113088K, 26% used [0x00000006c6000000,0x00000006d7af3990,0x0000000709f00000)
 Metaspace       used 110975K, capacity 112022K, committed 112896K, reserved 1144832K
  class space    used 16899K, capacity 17134K, committed 17152K, reserved 1048576K
GC Heap History (10 events):
Event: 3255.858 GC heap before
{Heap before GC invocations=50 (full 9):
 PSYoungGen      total 347648K, used 280537K [0x000000076cb00000, 0x0000000787e80000, 0x00000007c0000000)
  eden space 254464K, 100% used [0x000000076cb00000,0x000000077c380000,0x000000077c380000)
  from space 93184K, 27% used [0x0000000782380000,0x0000000783cf6778,0x0000000787e80000)
  to   space 95744K, 0% used [0x000000077c380000,0x000000077c380000,0x0000000782100000)
 ParOldGen       total 1113088K, used 187356K [0x00000006c6000000, 0x0000000709f00000, 0x000000076cb00000)
  object space 1113088K, 16% used [0x00000006c6000000,0x00000006d16f7190,0x0000000709f00000)
 Metaspace       used 110004K, capacity 111060K, committed 112128K, reserved 1144832K
  class space    used 16835K, capacity 17097K, committed 17152K, reserved 1048576K
Event: 3255.867 GC heap after
Heap after GC invocations=50 (full 9):
 PSYoungGen      total 350208K, used 26465K [0x000000076cb00000, 0x0000000788f00000, 0x00000007c0000000)
  eden space 254464K, 0% used [0x000000076cb00000,0x000000076cb00000,0x000000077c380000)
  from space 95744K, 27% used [0x000000077c380000,0x000000077dd58748,0x0000000782100000)
  to   space 92672K, 0% used [0x0000000783480000,0x0000000783480000,0x0000000788f00000)
 ParOldGen       total 1113088K, used 187364K [0x00000006c6000000, 0x0000000709f00000, 0x000000076cb00000)
  object space 1113088K, 16% used [0x00000006c6000000,0x00000006d16f9190,0x0000000709f00000)
 Metaspace       used 110004K, capacity 111060K, committed 112128K, reserved 1144832K
  class space    used 16835K, capacity 17097K, committed 17152K, reserved 1048576K
}
Event: 3256.780 GC heap before
{Heap before GC invocations=51 (full 9):
 PSYoungGen      total 350208K, used 280929K [0x000000076cb00000, 0x0000000788f00000, 0x00000007c0000000)
  eden space 254464K, 100% used [0x000000076cb00000,0x000000077c380000,0x000000077c380000)
  from space 95744K, 27% used [0x000000077c380000,0x000000077dd58748,0x0000000782100000)
  to   space 92672K, 0% used [0x0000000783480000,0x0000000783480000,0x0000000788f00000)
 ParOldGen       total 1113088K, used 187364K [0x00000006c6000000, 0x0000000709f00000, 0x000000076cb00000)
  object space 1113088K, 16% used [0x00000006c6000000,0x00000006d16f9190,0x0000000709f00000)
 Metaspace       used 110509K, capacity 111552K, committed 112640K, reserved 1144832K
  class space    used 16881K, capacity 17131K, committed 17152K, reserved 1048576K
Event: 3256.802 GC heap after
Heap after GC invocations=51 (full 9):
 PSYoungGen      total 366080K, used 65003K [0x000000076cb00000, 0x0000000789900000, 0x00000007c0000000)
  eden space 273408K, 0% used [0x000000076cb00000,0x000000076cb00000,0x000000077d600000)
  from space 92672K, 70% used [0x0000000783480000,0x00000007873fac60,0x0000000788f00000)
  to   space 96768K, 0% used [0x000000077d600000,0x000000077d600000,0x0000000783480000)
 ParOldGen       total 1113088K, used 187372K [0x00000006c6000000, 0x0000000709f00000, 0x000000076cb00000)
  object space 1113088K, 16% used [0x00000006c6000000,0x00000006d16fb190,0x0000000709f00000)
 Metaspace       used 110509K, capacity 111552K, committed 112640K, reserved 1144832K
  class space    used 16881K, capacity 17131K, committed 17152K, reserved 1048576K
}
Event: 3257.491 GC heap before
{Heap before GC invocations=52 (full 9):
 PSYoungGen      total 366080K, used 336272K [0x000000076cb00000, 0x0000000789900000, 0x00000007c0000000)
  eden space 273408K, 99% used [0x000000076cb00000,0x000000077d3e94a0,0x000000077d600000)
  from space 92672K, 70% used [0x0000000783480000,0x00000007873fac60,0x0000000788f00000)
  to   space 96768K, 0% used [0x000000077d600000,0x000000077d600000,0x0000000783480000)
 ParOldGen       total 1113088K, used 187372K [0x00000006c6000000, 0x0000000709f00000, 0x000000076cb00000)
  object space 1113088K, 16% used [0x00000006c6000000,0x00000006d16fb190,0x0000000709f00000)
 Metaspace       used 110796K, capacity 111884K, committed 112896K, reserved 1144832K
  class space    used 16893K, capacity 17133K, committed 17152K, reserved 1048576K
Event: 3257.519 GC heap after
Heap after GC invocations=52 (full 9):
 PSYoungGen      total 370176K, used 96746K [0x000000076cb00000, 0x000000078db00000, 0x00000007c0000000)
  eden space 273408K, 0% used [0x000000076cb00000,0x000000076cb00000,0x000000077d600000)
  from space 96768K, 99% used [0x000000077d600000,0x000000078347ab58,0x0000000783480000)
  to   space 117760K, 0% used [0x0000000786800000,0x0000000786800000,0x000000078db00000)
 ParOldGen       total 1113088K, used 203619K [0x00000006c6000000, 0x0000000709f00000, 0x000000076cb00000)
  object space 1113088K, 18% used [0x00000006c6000000,0x00000006d26d8eb0,0x0000000709f00000)
 Metaspace       used 110796K, capacity 111884K, committed 112896K, reserved 1144832K
  class space    used 16893K, capacity 17133K, committed 17152K, reserved 1048576K
}
Event: 3282.588 GC heap before
{Heap before GC invocations=53 (full 9):
 PSYoungGen      total 370176K, used 204758K [0x000000076cb00000, 0x000000078db00000, 0x00000007c0000000)
  eden space 273408K, 39% used [0x000000076cb00000,0x000000077347ad70,0x000000077d600000)
  from space 96768K, 99% used [0x000000077d600000,0x000000078347ab58,0x0000000783480000)
  to   space 117760K, 0% used [0x0000000786800000,0x0000000786800000,0x000000078db00000)
 ParOldGen       total 1113088K, used 203619K [0x00000006c6000000, 0x0000000709f00000, 0x000000076cb00000)
  object space 1113088K, 18% used [0x00000006c6000000,0x00000006d26d8eb0,0x0000000709f00000)
 Metaspace       used 110974K, capacity 112022K, committed 112896K, reserved 1144832K
  class space    used 16899K, capacity 17134K, committed 17152K, reserved 1048576K
Event: 3282.618 GC heap after
Heap after GC invocations=53 (full 9):
 PSYoungGen      total 414208K, used 89334K [0x000000076cb00000, 0x000000078ec00000, 0x00000007c0000000)
  eden space 296448K, 0% used [0x000000076cb00000,0x000000076cb00000,0x000000077ec80000)
  from space 117760K, 75% used [0x0000000786800000,0x000000078bf3db30,0x000000078db00000)
  to   space 126464K, 0% used [0x000000077ec80000,0x000000077ec80000,0x0000000786800000)
 ParOldGen       total 1113088K, used 203627K [0x00000006c6000000, 0x0000000709f00000, 0x000000076cb00000)
  object space 1113088K, 18% used [0x00000006c6000000,0x00000006d26daeb0,0x0000000709f00000)
 Metaspace       used 110974K, capacity 112022K, committed 112896K, reserved 1144832K
  class space    used 16899K, capacity 17134K, committed 17152K, reserved 1048576K
}
Event: 3282.618 GC heap before
{Heap before GC invocations=54 (full 10):
 PSYoungGen      total 414208K, used 89334K [0x000000076cb00000, 0x000000078ec00000, 0x00000007c0000000)
  eden space 296448K, 0% used [0x000000076cb00000,0x000000076cb00000,0x000000077ec80000)
  from space 117760K, 75% used [0x0000000786800000,0x000000078bf3db30,0x000000078db00000)
  to   space 126464K, 0% used [0x000000077ec80000,0x000000077ec80000,0x0000000786800000)
 ParOldGen       total 1113088K, used 203627K [0x00000006c6000000, 0x0000000709f00000, 0x000000076cb00000)
  object space 1113088K, 18% used [0x00000006c6000000,0x00000006d26daeb0,0x0000000709f00000)
 Metaspace       used 110974K, capacity 112022K, committed 112896K, reserved 1144832K
  class space    used 16899K, capacity 17134K, committed 17152K, reserved 1048576K
Event: 3283.328 GC heap after
Heap after GC invocations=54 (full 10):
 PSYoungGen      total 414208K, used 0K [0x000000076cb00000, 0x000000078ec00000, 0x00000007c0000000)
  eden space 296448K, 0% used [0x000000076cb00000,0x000000076cb00000,0x000000077ec80000)
  from space 117760K, 0% used [0x0000000786800000,0x0000000786800000,0x000000078db00000)
  to   space 126464K, 0% used [0x000000077ec80000,0x000000077ec80000,0x0000000786800000)
 ParOldGen       total 1113088K, used 289742K [0x00000006c6000000, 0x0000000709f00000, 0x000000076cb00000)
  object space 1113088K, 26% used [0x00000006c6000000,0x00000006d7af3990,0x0000000709f00000)
 Metaspace       used 110974K, capacity 112022K, committed 112896K, reserved 1144832K
  class space    used 16899K, capacity 17134K, committed 17152K, reserved 1048576K
}

