# JRE version: Java(TM) SE Runtime Environment (8.0_202-b08) (build 1.8.0_202-b08)
# Java VM: Java HotSpot(TM) 64-Bit Server VM (25.202-b08 mixed mode windows-amd64 compressed oops)
Heap:
 PSYoungGen      total 363008K, used 94365K [0x000000076cb00000, 0x0000000789c00000, 0x00000007c0000000)
  eden space 311296K, 13% used [0x000000076cb00000,0x000000076f4d8fb8,0x000000077fb00000)
  from space 51712K, 99% used [0x0000000780100000,0x000000078334e630,0x0000000783380000)
  to   space 82432K, 0% used [0x0000000784b80000,0x0000000784b80000,0x0000000789c00000)
 ParOldGen       total 647680K, used 151657K [0x00000006c6000000, 0x00000006ed880000, 0x000000076cb00000)
  object space 647680K, 23% used [0x00000006c6000000,0x00000006cf41a528,0x00000006ed880000)
 Metaspace       used 111265K, capacity 112494K, committed 113280K, reserved 1144832K
  class space    used 16694K, capacity 16986K, committed 17024K, reserved 1048576K
GC Heap History (10 events):
Event: 1199.570 GC heap before
{Heap before GC invocations=37 (full 4):
 PSYoungGen      total 407040K, used 401921K [0x000000076cb00000, 0x000000078a200000, 0x00000007c0000000)
  eden space 343040K, 100% used [0x000000076cb00000,0x0000000781a00000,0x0000000781a00000)
  from space 64000K, 92% used [0x0000000785f80000,0x0000000789900418,0x0000000789e00000)
  to   space 69632K, 0% used [0x0000000781a00000,0x0000000781a00000,0x0000000785e00000)
 ParOldGen       total 647680K, used 142910K [0x00000006c6000000, 0x00000006ed880000, 0x000000076cb00000)
  object space 647680K, 22% used [0x00000006c6000000,0x00000006ceb8f8b0,0x00000006ed880000)
 Metaspace       used 110924K, capacity 112132K, committed 113024K, reserved 1144832K
  class space    used 16685K, capacity 16979K, committed 17024K, reserved 1048576K
Event: 1199.586 GC heap after
Heap after GC invocations=37 (full 4):
 PSYoungGen      total 397824K, used 61095K [0x000000076cb00000, 0x000000078a580000, 0x00000007c0000000)
  eden space 336384K, 0% used [0x000000076cb00000,0x000000076cb00000,0x0000000781380000)
  from space 61440K, 99% used [0x0000000781a00000,0x00000007855a9d60,0x0000000785600000)
  to   space 74752K, 0% used [0x0000000785c80000,0x0000000785c80000,0x000000078a580000)
 ParOldGen       total 647680K, used 143390K [0x00000006c6000000, 0x00000006ed880000, 0x000000076cb00000)
  object space 647680K, 22% used [0x00000006c6000000,0x00000006cec07b30,0x00000006ed880000)
 Metaspace       used 110924K, capacity 112132K, committed 113024K, reserved 1144832K
  class space    used 16685K, capacity 16979K, committed 17024K, reserved 1048576K
}
Event: 1313.214 GC heap before
{Heap before GC invocations=38 (full 4):
 PSYoungGen      total 397824K, used 397479K [0x000000076cb00000, 0x000000078a580000, 0x00000007c0000000)
  eden space 336384K, 100% used [0x000000076cb00000,0x0000000781380000,0x0000000781380000)
  from space 61440K, 99% used [0x0000000781a00000,0x00000007855a9d60,0x0000000785600000)
  to   space 74752K, 0% used [0x0000000785c80000,0x0000000785c80000,0x000000078a580000)
 ParOldGen       total 647680K, used 143390K [0x00000006c6000000, 0x00000006ed880000, 0x000000076cb00000)
  object space 647680K, 22% used [0x00000006c6000000,0x00000006cec07b30,0x00000006ed880000)
 Metaspace       used 111002K, capacity 112196K, committed 113024K, reserved 1144832K
  class space    used 16689K, capacity 16979K, committed 17024K, reserved 1048576K
Event: 1313.232 GC heap after
Heap after GC invocations=38 (full 4):
 PSYoungGen      total 404480K, used 63505K [0x000000076cb00000, 0x000000078a900000, 0x00000007c0000000)
  eden space 329728K, 0% used [0x000000076cb00000,0x000000076cb00000,0x0000000780d00000)
  from space 74752K, 84% used [0x0000000785c80000,0x0000000789a84440,0x000000078a580000)
  to   space 79872K, 0% used [0x0000000780d00000,0x0000000780d00000,0x0000000785b00000)
 ParOldGen       total 647680K, used 146065K [0x00000006c6000000, 0x00000006ed880000, 0x000000076cb00000)
  object space 647680K, 22% used [0x00000006c6000000,0x00000006ceea4558,0x00000006ed880000)
 Metaspace       used 111002K, capacity 112196K, committed 113024K, reserved 1144832K
  class space    used 16689K, capacity 16979K, committed 17024K, reserved 1048576K
}
Event: 1361.640 GC heap before
{Heap before GC invocations=39 (full 4):
 PSYoungGen      total 404480K, used 393233K [0x000000076cb00000, 0x000000078a900000, 0x00000007c0000000)
  eden space 329728K, 100% used [0x000000076cb00000,0x0000000780d00000,0x0000000780d00000)
  from space 74752K, 84% used [0x0000000785c80000,0x0000000789a84440,0x000000078a580000)
  to   space 79872K, 0% used [0x0000000780d00000,0x0000000780d00000,0x0000000785b00000)
 ParOldGen       total 647680K, used 146065K [0x00000006c6000000, 0x00000006ed880000, 0x000000076cb00000)
  object space 647680K, 22% used [0x00000006c6000000,0x00000006ceea4558,0x00000006ed880000)
 Metaspace       used 111126K, capacity 112296K, committed 113024K, reserved 1144832K
  class space    used 16693K, capacity 16985K, committed 17024K, reserved 1048576K
Event: 1361.670 GC heap after
Heap after GC invocations=39 (full 4):
 PSYoungGen      total 388096K, used 64221K [0x000000076cb00000, 0x000000078ac00000, 0x00000007c0000000)
  eden space 323584K, 0% used [0x000000076cb00000,0x000000076cb00000,0x0000000780700000)
  from space 64512K, 99% used [0x0000000780d00000,0x0000000784bb77f0,0x0000000784c00000)
  to   space 84480K, 0% used [0x0000000785980000,0x0000000785980000,0x000000078ac00000)
 ParOldGen       total 647680K, used 146213K [0x00000006c6000000, 0x00000006ed880000, 0x000000076cb00000)
  object space 647680K, 22% used [0x00000006c6000000,0x00000006ceec9560,0x00000006ed880000)
 Metaspace       used 111126K, capacity 112296K, committed 113024K, reserved 1144832K
  class space    used 16693K, capacity 16985K, committed 17024K, reserved 1048576K
}
Event: 1523.192 GC heap before
{Heap before GC invocations=40 (full 4):
 PSYoungGen      total 388096K, used 387805K [0x000000076cb00000, 0x000000078ac00000, 0x00000007c0000000)
  eden space 323584K, 100% used [0x000000076cb00000,0x0000000780700000,0x0000000780700000)
  from space 64512K, 99% used [0x0000000780d00000,0x0000000784bb77f0,0x0000000784c00000)
  to   space 84480K, 0% used [0x0000000785980000,0x0000000785980000,0x000000078ac00000)
 ParOldGen       total 647680K, used 146213K [0x00000006c6000000, 0x00000006ed880000, 0x000000076cb00000)
  object space 647680K, 22% used [0x00000006c6000000,0x00000006ceec9578,0x00000006ed880000)
 Metaspace       used 111189K, capacity 112430K, committed 113280K, reserved 1144832K
  class space    used 16694K, capacity 16986K, committed 17024K, reserved 1048576K
Event: 1523.214 GC heap after
Heap after GC invocations=40 (full 4):
 PSYoungGen      total 395776K, used 55515K [0x000000076cb00000, 0x000000078a600000, 0x00000007c0000000)
  eden space 317440K, 0% used [0x000000076cb00000,0x000000076cb00000,0x0000000780100000)
  from space 78336K, 70% used [0x0000000785980000,0x0000000788fb6ff0,0x000000078a600000)
  to   space 84480K, 0% used [0x0000000780100000,0x0000000780100000,0x0000000785380000)
 ParOldGen       total 647680K, used 151464K [0x00000006c6000000, 0x00000006ed880000, 0x000000076cb00000)
  object space 647680K, 23% used [0x00000006c6000000,0x00000006cf3ea278,0x00000006ed880000)
 Metaspace       used 111189K, capacity 112430K, committed 113280K, reserved 1144832K
  class space    used 16694K, capacity 16986K, committed 17024K, reserved 1048576K
}
Event: 1547.213 GC heap before
{Heap before GC invocations=41 (full 4):
 PSYoungGen      total 395776K, used 372955K [0x000000076cb00000, 0x000000078a600000, 0x00000007c0000000)
  eden space 317440K, 100% used [0x000000076cb00000,0x0000000780100000,0x0000000780100000)
  from space 78336K, 70% used [0x0000000785980000,0x0000000788fb6ff0,0x000000078a600000)
  to   space 84480K, 0% used [0x0000000780100000,0x0000000780100000,0x0000000785380000)
 ParOldGen       total 647680K, used 151521K [0x00000006c6000000, 0x00000006ed880000, 0x000000076cb00000)
  object space 647680K, 23% used [0x00000006c6000000,0x00000006cf3f8518,0x00000006ed880000)
 Metaspace       used 111263K, capacity 112494K, committed 113280K, reserved 1144832K
  class space    used 16694K, capacity 16986K, committed 17024K, reserved 1048576K
Event: 1547.229 GC heap after
Heap after GC invocations=41 (full 4):
 PSYoungGen      total 363008K, used 51513K [0x000000076cb00000, 0x0000000789c00000, 0x00000007c0000000)
  eden space 311296K, 0% used [0x000000076cb00000,0x000000076cb00000,0x000000077fb00000)
  from space 51712K, 99% used [0x0000000780100000,0x000000078334e630,0x0000000783380000)
  to   space 82432K, 0% used [0x0000000784b80000,0x0000000784b80000,0x0000000789c00000)
 ParOldGen       total 647680K, used 151657K [0x00000006c6000000, 0x00000006ed880000, 0x000000076cb00000)
  object space 647680K, 23% used [0x00000006c6000000,0x00000006cf41a528,0x00000006ed880000)
 Metaspace       used 111263K, capacity 112494K, committed 113280K, reserved 1144832K
  class space    used 16694K, capacity 16986K, committed 17024K, reserved 1048576K
}

