# JRE version: Java(TM) SE Runtime Environment (8.0_202-b08) (build 1.8.0_202-b08)
# Java VM: Java HotSpot(TM) 64-Bit Server VM (25.202-b08 mixed mode windows-amd64 compressed oops)
Heap:
 PSYoungGen      total 400896K, used 155892K [0x000000076cb00000, 0x0000000789a00000, 0x00000007c0000000)
  eden space 337920K, 36% used [0x000000076cb00000,0x000000077438dd08,0x0000000781500000)
  from space 62976K, 51% used [0x0000000785c80000,0x0000000787c2f4c0,0x0000000789a00000)
  to   space 68096K, 0% used [0x0000000781500000,0x0000000781500000,0x0000000785780000)
 ParOldGen       total 1044992K, used 134608K [0x00000006c6000000, 0x0000000705c80000, 0x000000076cb00000)
  object space 1044992K, 12% used [0x00000006c6000000,0x00000006ce3742c0,0x0000000705c80000)
 Metaspace       used 104716K, capacity 105820K, committed 106752K, reserved 1140736K
  class space    used 16052K, capacity 16344K, committed 16384K, reserved 1048576K
GC Heap History (10 events):
Event: 6019.600 GC heap before
{Heap before GC invocations=24 (full 4):
 PSYoungGen      total 402944K, used 335971K [0x000000076cb00000, 0x000000078b400000, 0x00000007c0000000)
  eden space 313344K, 100% used [0x000000076cb00000,0x000000077fd00000,0x000000077fd00000)
  from space 89600K, 25% used [0x000000077fd00000,0x0000000781318d60,0x0000000785480000)
  to   space 86528K, 0% used [0x0000000785f80000,0x0000000785f80000,0x000000078b400000)
 ParOldGen       total 1044992K, used 134568K [0x00000006c6000000, 0x0000000705c80000, 0x000000076cb00000)
  object space 1044992K, 12% used [0x00000006c6000000,0x00000006ce36a2c0,0x0000000705c80000)
 Metaspace       used 102900K, capacity 104012K, committed 104832K, reserved 1138688K
  class space    used 15993K, capacity 16240K, committed 16256K, reserved 1048576K
Event: 6019.612 GC heap after
Heap after GC invocations=24 (full 4):
 PSYoungGen      total 398848K, used 28683K [0x000000076cb00000, 0x000000078a800000, 0x00000007c0000000)
  eden space 324608K, 0% used [0x000000076cb00000,0x000000076cb00000,0x0000000780800000)
  from space 74240K, 38% used [0x0000000785f80000,0x0000000787b82c50,0x000000078a800000)
  to   space 81920K, 0% used [0x0000000780800000,0x0000000780800000,0x0000000785800000)
 ParOldGen       total 1044992K, used 134576K [0x00000006c6000000, 0x0000000705c80000, 0x000000076cb00000)
  object space 1044992K, 12% used [0x00000006c6000000,0x00000006ce36c2c0,0x0000000705c80000)
 Metaspace       used 102900K, capacity 104012K, committed 104832K, reserved 1138688K
  class space    used 15993K, capacity 16240K, committed 16256K, reserved 1048576K
}
Event: 6064.908 GC heap before
{Heap before GC invocations=25 (full 4):
 PSYoungGen      total 398848K, used 353291K [0x000000076cb00000, 0x000000078a800000, 0x00000007c0000000)
  eden space 324608K, 100% used [0x000000076cb00000,0x0000000780800000,0x0000000780800000)
  from space 74240K, 38% used [0x0000000785f80000,0x0000000787b82c50,0x000000078a800000)
  to   space 81920K, 0% used [0x0000000780800000,0x0000000780800000,0x0000000785800000)
 ParOldGen       total 1044992K, used 134576K [0x00000006c6000000, 0x0000000705c80000, 0x000000076cb00000)
  object space 1044992K, 12% used [0x00000006c6000000,0x00000006ce36c2c0,0x0000000705c80000)
 Metaspace       used 103559K, capacity 104626K, committed 105728K, reserved 1138688K
  class space    used 16019K, capacity 16273K, committed 16384K, reserved 1048576K
Event: 6064.924 GC heap after
Heap after GC invocations=25 (full 4):
 PSYoungGen      total 406528K, used 29409K [0x000000076cb00000, 0x000000078a980000, 0x00000007c0000000)
  eden space 324608K, 0% used [0x000000076cb00000,0x000000076cb00000,0x0000000780800000)
  from space 81920K, 35% used [0x0000000780800000,0x00000007824b85e8,0x0000000785800000)
  to   space 77824K, 0% used [0x0000000785d80000,0x0000000785d80000,0x000000078a980000)
 ParOldGen       total 1044992K, used 134584K [0x00000006c6000000, 0x0000000705c80000, 0x000000076cb00000)
  object space 1044992K, 12% used [0x00000006c6000000,0x00000006ce36e2c0,0x0000000705c80000)
 Metaspace       used 103559K, capacity 104626K, committed 105728K, reserved 1138688K
  class space    used 16019K, capacity 16273K, committed 16384K, reserved 1048576K
}
Event: 6220.362 GC heap before
{Heap before GC invocations=26 (full 4):
 PSYoungGen      total 406528K, used 354017K [0x000000076cb00000, 0x000000078a980000, 0x00000007c0000000)
  eden space 324608K, 100% used [0x000000076cb00000,0x0000000780800000,0x0000000780800000)
  from space 81920K, 35% used [0x0000000780800000,0x00000007824b85e8,0x0000000785800000)
  to   space 77824K, 0% used [0x0000000785d80000,0x0000000785d80000,0x000000078a980000)
 ParOldGen       total 1044992K, used 134584K [0x00000006c6000000, 0x0000000705c80000, 0x000000076cb00000)
  object space 1044992K, 12% used [0x00000006c6000000,0x00000006ce36e2c0,0x0000000705c80000)
 Metaspace       used 103918K, capacity 105046K, committed 105984K, reserved 1138688K
  class space    used 16027K, capacity 16279K, committed 16384K, reserved 1048576K
Event: 6220.380 GC heap after
Heap after GC invocations=26 (full 4):
 PSYoungGen      total 402944K, used 37858K [0x000000076cb00000, 0x000000078a280000, 0x00000007c0000000)
  eden space 332288K, 0% used [0x000000076cb00000,0x000000076cb00000,0x0000000780f80000)
  from space 70656K, 53% used [0x0000000785d80000,0x0000000788278ba8,0x000000078a280000)
  to   space 75264K, 0% used [0x0000000780f80000,0x0000000780f80000,0x0000000785900000)
 ParOldGen       total 1044992K, used 134592K [0x00000006c6000000, 0x0000000705c80000, 0x000000076cb00000)
  object space 1044992K, 12% used [0x00000006c6000000,0x00000006ce3702c0,0x0000000705c80000)
 Metaspace       used 103918K, capacity 105046K, committed 105984K, reserved 1138688K
  class space    used 16027K, capacity 16279K, committed 16384K, reserved 1048576K
}
Event: 6231.959 GC heap before
{Heap before GC invocations=27 (full 4):
 PSYoungGen      total 402944K, used 370146K [0x000000076cb00000, 0x000000078a280000, 0x00000007c0000000)
  eden space 332288K, 100% used [0x000000076cb00000,0x0000000780f80000,0x0000000780f80000)
  from space 70656K, 53% used [0x0000000785d80000,0x0000000788278ba8,0x000000078a280000)
  to   space 75264K, 0% used [0x0000000780f80000,0x0000000780f80000,0x0000000785900000)
 ParOldGen       total 1044992K, used 134592K [0x00000006c6000000, 0x0000000705c80000, 0x000000076cb00000)
  object space 1044992K, 12% used [0x00000006c6000000,0x00000006ce3702c0,0x0000000705c80000)
 Metaspace       used 104408K, capacity 105532K, committed 106496K, reserved 1138688K
  class space    used 16050K, capacity 16312K, committed 16384K, reserved 1048576K
Event: 6231.971 GC heap after
Heap after GC invocations=27 (full 4):
 PSYoungGen      total 407552K, used 29368K [0x000000076cb00000, 0x000000078a280000, 0x00000007c0000000)
  eden space 332288K, 0% used [0x000000076cb00000,0x000000076cb00000,0x0000000780f80000)
  from space 75264K, 39% used [0x0000000780f80000,0x0000000782c2e160,0x0000000785900000)
  to   space 71680K, 0% used [0x0000000785c80000,0x0000000785c80000,0x000000078a280000)
 ParOldGen       total 1044992K, used 134600K [0x00000006c6000000, 0x0000000705c80000, 0x000000076cb00000)
  object space 1044992K, 12% used [0x00000006c6000000,0x00000006ce3722c0,0x0000000705c80000)
 Metaspace       used 104408K, capacity 105532K, committed 106496K, reserved 1138688K
  class space    used 16050K, capacity 16312K, committed 16384K, reserved 1048576K
}
Event: 6306.937 GC heap before
{Heap before GC invocations=28 (full 4):
 PSYoungGen      total 407552K, used 361656K [0x000000076cb00000, 0x000000078a280000, 0x00000007c0000000)
  eden space 332288K, 100% used [0x000000076cb00000,0x0000000780f80000,0x0000000780f80000)
  from space 75264K, 39% used [0x0000000780f80000,0x0000000782c2e160,0x0000000785900000)
  to   space 71680K, 0% used [0x0000000785c80000,0x0000000785c80000,0x000000078a280000)
 ParOldGen       total 1044992K, used 134600K [0x00000006c6000000, 0x0000000705c80000, 0x000000076cb00000)
  object space 1044992K, 12% used [0x00000006c6000000,0x00000006ce3722c0,0x0000000705c80000)
 Metaspace       used 104644K, capacity 105756K, committed 106752K, reserved 1140736K
  class space    used 16052K, capacity 16344K, committed 16384K, reserved 1048576K
Event: 6306.949 GC heap after
Heap after GC invocations=28 (full 4):
 PSYoungGen      total 400896K, used 32445K [0x000000076cb00000, 0x0000000789a00000, 0x00000007c0000000)
  eden space 337920K, 0% used [0x000000076cb00000,0x000000076cb00000,0x0000000781500000)
  from space 62976K, 51% used [0x0000000785c80000,0x0000000787c2f4c0,0x0000000789a00000)
  to   space 68096K, 0% used [0x0000000781500000,0x0000000781500000,0x0000000785780000)
 ParOldGen       total 1044992K, used 134608K [0x00000006c6000000, 0x0000000705c80000, 0x000000076cb00000)
  object space 1044992K, 12% used [0x00000006c6000000,0x00000006ce3742c0,0x0000000705c80000)
 Metaspace       used 104644K, capacity 105756K, committed 106752K, reserved 1140736K
  class space    used 16052K, capacity 16344K, committed 16384K, reserved 1048576K
}

