# JRE version: Java(TM) SE Runtime Environment (8.0_202-b08) (build 1.8.0_202-b08)
# Java VM: Java HotSpot(TM) 64-Bit Server VM (25.202-b08 mixed mode windows-amd64 compressed oops)
Heap:
 PSYoungGen      total 469504K, used 171900K [0x000000076cb00000, 0x0000000790e00000, 0x00000007c0000000)
  eden space 354816K, 43% used [0x000000076cb00000,0x00000007761b3e88,0x0000000782580000)
  from space 114688K, 15% used [0x0000000782580000,0x00000007836ab1c8,0x0000000789580000)
  to   space 110592K, 0% used [0x000000078a200000,0x000000078a200000,0x0000000790e00000)
 ParOldGen       total 667648K, used 140515K [0x00000006c6000000, 0x00000006eec00000, 0x000000076cb00000)
  object space 667648K, 21% used [0x00000006c6000000,0x00000006ce938e90,0x00000006eec00000)
 Metaspace       used 100453K, capacity 101546K, committed 102400K, reserved 1136640K
  class space    used 15600K, capacity 15858K, committed 15872K, reserved 1048576K
GC Heap History (10 events):
Event: 418.074 GC heap before
{Heap before GC invocations=23 (full 4):
 PSYoungGen      total 417792K, used 306688K [0x000000076cb00000, 0x000000078ef00000, 0x00000007c0000000)
  eden space 306688K, 100% used [0x000000076cb00000,0x000000077f680000,0x000000077f680000)
  from space 111104K, 0% used [0x0000000786e80000,0x0000000786e80000,0x000000078db00000)
  to   space 122880K, 0% used [0x000000077f680000,0x000000077f680000,0x0000000786e80000)
 ParOldGen       total 667648K, used 140475K [0x00000006c6000000, 0x00000006eec00000, 0x000000076cb00000)
  object space 667648K, 21% used [0x00000006c6000000,0x00000006ce92ee90,0x00000006eec00000)
 Metaspace       used 97208K, capacity 98278K, committed 99328K, reserved 1132544K
  class space    used 15419K, capacity 15654K, committed 15744K, reserved 1048576K
Event: 418.082 GC heap after
Heap after GC invocations=23 (full 4):
 PSYoungGen      total 429568K, used 11648K [0x000000076cb00000, 0x0000000790780000, 0x00000007c0000000)
  eden space 306688K, 0% used [0x000000076cb00000,0x000000076cb00000,0x000000077f680000)
  from space 122880K, 9% used [0x000000077f680000,0x00000007801e0240,0x0000000786e80000)
  to   space 122368K, 0% used [0x0000000789000000,0x0000000789000000,0x0000000790780000)
 ParOldGen       total 667648K, used 140483K [0x00000006c6000000, 0x00000006eec00000, 0x000000076cb00000)
  object space 667648K, 21% used [0x00000006c6000000,0x00000006ce930e90,0x00000006eec00000)
 Metaspace       used 97208K, capacity 98278K, committed 99328K, reserved 1132544K
  class space    used 15419K, capacity 15654K, committed 15744K, reserved 1048576K
}
Event: 452.167 GC heap before
{Heap before GC invocations=24 (full 4):
 PSYoungGen      total 429568K, used 318336K [0x000000076cb00000, 0x0000000790780000, 0x00000007c0000000)
  eden space 306688K, 100% used [0x000000076cb00000,0x000000077f680000,0x000000077f680000)
  from space 122880K, 9% used [0x000000077f680000,0x00000007801e0240,0x0000000786e80000)
  to   space 122368K, 0% used [0x0000000789000000,0x0000000789000000,0x0000000790780000)
 ParOldGen       total 667648K, used 140483K [0x00000006c6000000, 0x00000006eec00000, 0x000000076cb00000)
  object space 667648K, 21% used [0x00000006c6000000,0x00000006ce930e90,0x00000006eec00000)
 Metaspace       used 97637K, capacity 98696K, committed 99584K, reserved 1132544K
  class space    used 15435K, capacity 15687K, committed 15744K, reserved 1048576K
Event: 452.172 GC heap after
Heap after GC invocations=24 (full 4):
 PSYoungGen      total 448512K, used 8954K [0x000000076cb00000, 0x000000078ff00000, 0x00000007c0000000)
  eden space 334848K, 0% used [0x000000076cb00000,0x000000076cb00000,0x0000000781200000)
  from space 113664K, 7% used [0x0000000789000000,0x00000007898be850,0x000000078ff00000)
  to   space 121344K, 0% used [0x0000000781200000,0x0000000781200000,0x0000000788880000)
 ParOldGen       total 667648K, used 140491K [0x00000006c6000000, 0x00000006eec00000, 0x000000076cb00000)
  object space 667648K, 21% used [0x00000006c6000000,0x00000006ce932e90,0x00000006eec00000)
 Metaspace       used 97637K, capacity 98696K, committed 99584K, reserved 1132544K
  class space    used 15435K, capacity 15687K, committed 15744K, reserved 1048576K
}
Event: 497.294 GC heap before
{Heap before GC invocations=25 (full 4):
 PSYoungGen      total 448512K, used 343802K [0x000000076cb00000, 0x000000078ff00000, 0x00000007c0000000)
  eden space 334848K, 100% used [0x000000076cb00000,0x0000000781200000,0x0000000781200000)
  from space 113664K, 7% used [0x0000000789000000,0x00000007898be850,0x000000078ff00000)
  to   space 121344K, 0% used [0x0000000781200000,0x0000000781200000,0x0000000788880000)
 ParOldGen       total 667648K, used 140491K [0x00000006c6000000, 0x00000006eec00000, 0x000000076cb00000)
  object space 667648K, 21% used [0x00000006c6000000,0x00000006ce932e90,0x00000006eec00000)
 Metaspace       used 99467K, capacity 100548K, committed 101376K, reserved 1134592K
  class space    used 15587K, capacity 15825K, committed 15872K, reserved 1048576K
Event: 497.314 GC heap after
Heap after GC invocations=25 (full 4):
 PSYoungGen      total 456192K, used 19336K [0x000000076cb00000, 0x0000000791080000, 0x00000007c0000000)
  eden space 334848K, 0% used [0x000000076cb00000,0x000000076cb00000,0x0000000781200000)
  from space 121344K, 15% used [0x0000000781200000,0x00000007824e23e0,0x0000000788880000)
  to   space 117760K, 0% used [0x0000000789d80000,0x0000000789d80000,0x0000000791080000)
 ParOldGen       total 667648K, used 140499K [0x00000006c6000000, 0x00000006eec00000, 0x000000076cb00000)
  object space 667648K, 21% used [0x00000006c6000000,0x00000006ce934e90,0x00000006eec00000)
 Metaspace       used 99467K, capacity 100548K, committed 101376K, reserved 1134592K
  class space    used 15587K, capacity 15825K, committed 15872K, reserved 1048576K
}
Event: 628.431 GC heap before
{Heap before GC invocations=26 (full 4):
 PSYoungGen      total 456192K, used 354184K [0x000000076cb00000, 0x0000000791080000, 0x00000007c0000000)
  eden space 334848K, 100% used [0x000000076cb00000,0x0000000781200000,0x0000000781200000)
  from space 121344K, 15% used [0x0000000781200000,0x00000007824e23e0,0x0000000788880000)
  to   space 117760K, 0% used [0x0000000789d80000,0x0000000789d80000,0x0000000791080000)
 ParOldGen       total 667648K, used 140499K [0x00000006c6000000, 0x00000006eec00000, 0x000000076cb00000)
  object space 667648K, 21% used [0x00000006c6000000,0x00000006ce934e90,0x00000006eec00000)
 Metaspace       used 99892K, capacity 100932K, committed 101888K, reserved 1134592K
  class space    used 15592K, capacity 15825K, committed 15872K, reserved 1048576K
Event: 628.439 GC heap after
Heap after GC invocations=26 (full 4):
 PSYoungGen      total 461312K, used 14834K [0x000000076cb00000, 0x0000000790580000, 0x00000007c0000000)
  eden space 354816K, 0% used [0x000000076cb00000,0x000000076cb00000,0x0000000782580000)
  from space 106496K, 13% used [0x0000000789d80000,0x000000078abfcad8,0x0000000790580000)
  to   space 114688K, 0% used [0x0000000782580000,0x0000000782580000,0x0000000789580000)
 ParOldGen       total 667648K, used 140507K [0x00000006c6000000, 0x00000006eec00000, 0x000000076cb00000)
  object space 667648K, 21% used [0x00000006c6000000,0x00000006ce936e90,0x00000006eec00000)
 Metaspace       used 99892K, capacity 100932K, committed 101888K, reserved 1134592K
  class space    used 15592K, capacity 15825K, committed 15872K, reserved 1048576K
}
Event: 663.679 GC heap before
{Heap before GC invocations=27 (full 4):
 PSYoungGen      total 461312K, used 369650K [0x000000076cb00000, 0x0000000790580000, 0x00000007c0000000)
  eden space 354816K, 100% used [0x000000076cb00000,0x0000000782580000,0x0000000782580000)
  from space 106496K, 13% used [0x0000000789d80000,0x000000078abfcad8,0x0000000790580000)
  to   space 114688K, 0% used [0x0000000782580000,0x0000000782580000,0x0000000789580000)
 ParOldGen       total 667648K, used 140507K [0x00000006c6000000, 0x00000006eec00000, 0x000000076cb00000)
  object space 667648K, 21% used [0x00000006c6000000,0x00000006ce936e90,0x00000006eec00000)
 Metaspace       used 100320K, capacity 101386K, committed 102400K, reserved 1136640K
  class space    used 15596K, capacity 15826K, committed 15872K, reserved 1048576K
Event: 663.691 GC heap after
Heap after GC invocations=27 (full 4):
 PSYoungGen      total 469504K, used 17580K [0x000000076cb00000, 0x0000000790e00000, 0x00000007c0000000)
  eden space 354816K, 0% used [0x000000076cb00000,0x000000076cb00000,0x0000000782580000)
  from space 114688K, 15% used [0x0000000782580000,0x00000007836ab1c8,0x0000000789580000)
  to   space 110592K, 0% used [0x000000078a200000,0x000000078a200000,0x0000000790e00000)
 ParOldGen       total 667648K, used 140515K [0x00000006c6000000, 0x00000006eec00000, 0x000000076cb00000)
  object space 667648K, 21% used [0x00000006c6000000,0x00000006ce938e90,0x00000006eec00000)
 Metaspace       used 100320K, capacity 101386K, committed 102400K, reserved 1136640K
  class space    used 15596K, capacity 15826K, committed 15872K, reserved 1048576K
}

