# JRE version: Java(TM) SE Runtime Environment (8.0_202-b08) (build 1.8.0_202-b08)
# Java VM: Java HotSpot(TM) 64-Bit Server VM (25.202-b08 mixed mode windows-amd64 compressed oops)
Heap:
 PSYoungGen      total 323584K, used 155245K [0x000000076cb00000, 0x0000000784200000, 0x00000007c0000000)
  eden space 273408K, 49% used [0x000000076cb00000,0x0000000775013fa0,0x000000077d600000)
  from space 50176K, 37% used [0x0000000781100000,0x0000000782387528,0x0000000784200000)
  to   space 55296K, 0% used [0x000000077d600000,0x000000077d600000,0x0000000780c00000)
 ParOldGen       total 1037312K, used 134278K [0x00000006c6000000, 0x0000000705500000, 0x000000076cb00000)
  object space 1037312K, 12% used [0x00000006c6000000,0x00000006ce3218c0,0x0000000705500000)
 Metaspace       used 105555K, capacity 106682K, committed 107520K, reserved 1140736K
  class space    used 16109K, capacity 16372K, committed 16384K, reserved 1048576K
GC Heap History (10 events):
Event: 6138.725 GC heap before
{Heap before GC invocations=28 (full 4):
 PSYoungGen      total 311808K, used 311316K [0x000000076cb00000, 0x0000000786c00000, 0x00000007c0000000)
  eden space 288768K, 100% used [0x000000076cb00000,0x000000077e500000,0x000000077e500000)
  from space 23040K, 97% used [0x000000077e880000,0x000000077fe85240,0x000000077ff00000)
  to   space 69120K, 0% used [0x0000000782880000,0x0000000782880000,0x0000000786c00000)
 ParOldGen       total 1037312K, used 134238K [0x00000006c6000000, 0x0000000705500000, 0x000000076cb00000)
  object space 1037312K, 12% used [0x00000006c6000000,0x00000006ce3178c0,0x0000000705500000)
 Metaspace       used 104478K, capacity 105630K, committed 106496K, reserved 1138688K
  class space    used 16076K, capacity 16330K, committed 16384K, reserved 1048576K
Event: 6138.736 GC heap after
Heap after GC invocations=28 (full 4):
 PSYoungGen      total 345600K, used 19398K [0x000000076cb00000, 0x0000000786300000, 0x00000007c0000000)
  eden space 285696K, 0% used [0x000000076cb00000,0x000000076cb00000,0x000000077e200000)
  from space 59904K, 32% used [0x0000000782880000,0x0000000783b71b00,0x0000000786300000)
  to   space 66048K, 0% used [0x000000077e200000,0x000000077e200000,0x0000000782280000)
 ParOldGen       total 1037312K, used 134246K [0x00000006c6000000, 0x0000000705500000, 0x000000076cb00000)
  object space 1037312K, 12% used [0x00000006c6000000,0x00000006ce3198c0,0x0000000705500000)
 Metaspace       used 104478K, capacity 105630K, committed 106496K, reserved 1138688K
  class space    used 16076K, capacity 16330K, committed 16384K, reserved 1048576K
}
Event: 6260.512 GC heap before
{Heap before GC invocations=29 (full 4):
 PSYoungGen      total 345600K, used 305094K [0x000000076cb00000, 0x0000000786300000, 0x00000007c0000000)
  eden space 285696K, 100% used [0x000000076cb00000,0x000000077e200000,0x000000077e200000)
  from space 59904K, 32% used [0x0000000782880000,0x0000000783b71b00,0x0000000786300000)
  to   space 66048K, 0% used [0x000000077e200000,0x000000077e200000,0x0000000782280000)
 ParOldGen       total 1037312K, used 134246K [0x00000006c6000000, 0x0000000705500000, 0x000000076cb00000)
  object space 1037312K, 12% used [0x00000006c6000000,0x00000006ce3198c0,0x0000000705500000)
 Metaspace       used 104712K, capacity 105886K, committed 106752K, reserved 1140736K
  class space    used 16077K, capacity 16330K, committed 16384K, reserved 1048576K
Event: 6260.523 GC heap after
Heap after GC invocations=29 (full 4):
 PSYoungGen      total 302592K, used 19734K [0x000000076cb00000, 0x0000000785a00000, 0x00000007c0000000)
  eden space 282624K, 0% used [0x000000076cb00000,0x000000076cb00000,0x000000077df00000)
  from space 19968K, 98% used [0x000000077e200000,0x000000077f5459f0,0x000000077f580000)
  to   space 62976K, 0% used [0x0000000781c80000,0x0000000781c80000,0x0000000785a00000)
 ParOldGen       total 1037312K, used 134254K [0x00000006c6000000, 0x0000000705500000, 0x000000076cb00000)
  object space 1037312K, 12% used [0x00000006c6000000,0x00000006ce31b8c0,0x0000000705500000)
 Metaspace       used 104712K, capacity 105886K, committed 106752K, reserved 1140736K
  class space    used 16077K, capacity 16330K, committed 16384K, reserved 1048576K
}
Event: 8227.385 GC heap before
{Heap before GC invocations=30 (full 4):
 PSYoungGen      total 302592K, used 302358K [0x000000076cb00000, 0x0000000785a00000, 0x00000007c0000000)
  eden space 282624K, 100% used [0x000000076cb00000,0x000000077df00000,0x000000077df00000)
  from space 19968K, 98% used [0x000000077e200000,0x000000077f5459f0,0x000000077f580000)
  to   space 62976K, 0% used [0x0000000781c80000,0x0000000781c80000,0x0000000785a00000)
 ParOldGen       total 1037312K, used 134254K [0x00000006c6000000, 0x0000000705500000, 0x000000076cb00000)
  object space 1037312K, 12% used [0x00000006c6000000,0x00000006ce31b8c0,0x0000000705500000)
 Metaspace       used 104975K, capacity 106084K, committed 107008K, reserved 1140736K
  class space    used 16077K, capacity 16331K, committed 16384K, reserved 1048576K
Event: 8227.404 GC heap after
Heap after GC invocations=30 (full 4):
 PSYoungGen      total 335360K, used 29342K [0x000000076cb00000, 0x0000000785300000, 0x00000007c0000000)
  eden space 279552K, 0% used [0x000000076cb00000,0x000000076cb00000,0x000000077dc00000)
  from space 55808K, 52% used [0x0000000781c80000,0x0000000783927bb8,0x0000000785300000)
  to   space 60928K, 0% used [0x000000077dc00000,0x000000077dc00000,0x0000000781780000)
 ParOldGen       total 1037312K, used 134262K [0x00000006c6000000, 0x0000000705500000, 0x000000076cb00000)
  object space 1037312K, 12% used [0x00000006c6000000,0x00000006ce31d8c0,0x0000000705500000)
 Metaspace       used 104975K, capacity 106084K, committed 107008K, reserved 1140736K
  class space    used 16077K, capacity 16331K, committed 16384K, reserved 1048576K
}
Event: 8328.095 GC heap before
{Heap before GC invocations=31 (full 4):
 PSYoungGen      total 335360K, used 308894K [0x000000076cb00000, 0x0000000785300000, 0x00000007c0000000)
  eden space 279552K, 100% used [0x000000076cb00000,0x000000077dc00000,0x000000077dc00000)
  from space 55808K, 52% used [0x0000000781c80000,0x0000000783927bb8,0x0000000785300000)
  to   space 60928K, 0% used [0x000000077dc00000,0x000000077dc00000,0x0000000781780000)
 ParOldGen       total 1037312K, used 134262K [0x00000006c6000000, 0x0000000705500000, 0x000000076cb00000)
  object space 1037312K, 12% used [0x00000006c6000000,0x00000006ce31d8c0,0x0000000705500000)
 Metaspace       used 105190K, capacity 106352K, committed 107264K, reserved 1140736K
  class space    used 16078K, capacity 16333K, committed 16384K, reserved 1048576K
Event: 8328.108 GC heap after
Heap after GC invocations=31 (full 4):
 PSYoungGen      total 300032K, used 23059K [0x000000076cb00000, 0x0000000784900000, 0x00000007c0000000)
  eden space 276480K, 0% used [0x000000076cb00000,0x000000076cb00000,0x000000077d900000)
  from space 23552K, 97% used [0x000000077dc00000,0x000000077f284ca8,0x000000077f300000)
  to   space 57344K, 0% used [0x0000000781100000,0x0000000781100000,0x0000000784900000)
 ParOldGen       total 1037312K, used 134270K [0x00000006c6000000, 0x0000000705500000, 0x000000076cb00000)
  object space 1037312K, 12% used [0x00000006c6000000,0x00000006ce31f8c0,0x0000000705500000)
 Metaspace       used 105190K, capacity 106352K, committed 107264K, reserved 1140736K
  class space    used 16078K, capacity 16333K, committed 16384K, reserved 1048576K
}
Event: 8343.448 GC heap before
{Heap before GC invocations=32 (full 4):
 PSYoungGen      total 300032K, used 299539K [0x000000076cb00000, 0x0000000784900000, 0x00000007c0000000)
  eden space 276480K, 100% used [0x000000076cb00000,0x000000077d900000,0x000000077d900000)
  from space 23552K, 97% used [0x000000077dc00000,0x000000077f284ca8,0x000000077f300000)
  to   space 57344K, 0% used [0x0000000781100000,0x0000000781100000,0x0000000784900000)
 ParOldGen       total 1037312K, used 134270K [0x00000006c6000000, 0x0000000705500000, 0x000000076cb00000)
  object space 1037312K, 12% used [0x00000006c6000000,0x00000006ce31f8c0,0x0000000705500000)
 Metaspace       used 105510K, capacity 106682K, committed 107520K, reserved 1140736K
  class space    used 16106K, capacity 16372K, committed 16384K, reserved 1048576K
Event: 8343.457 GC heap after
Heap after GC invocations=32 (full 4):
 PSYoungGen      total 323584K, used 18973K [0x000000076cb00000, 0x0000000784200000, 0x00000007c0000000)
  eden space 273408K, 0% used [0x000000076cb00000,0x000000076cb00000,0x000000077d600000)
  from space 50176K, 37% used [0x0000000781100000,0x0000000782387528,0x0000000784200000)
  to   space 55296K, 0% used [0x000000077d600000,0x000000077d600000,0x0000000780c00000)
 ParOldGen       total 1037312K, used 134278K [0x00000006c6000000, 0x0000000705500000, 0x000000076cb00000)
  object space 1037312K, 12% used [0x00000006c6000000,0x00000006ce3218c0,0x0000000705500000)
 Metaspace       used 105510K, capacity 106682K, committed 107520K, reserved 1140736K
  class space    used 16106K, capacity 16372K, committed 16384K, reserved 1048576K
}

