# JRE version: Java(TM) SE Runtime Environment (8.0_202-b08) (build 1.8.0_202-b08)
# Java VM: Java HotSpot(TM) 64-Bit Server VM (25.202-b08 mixed mode windows-amd64 compressed oops)
Heap:
 PSYoungGen      total 368128K, used 117572K [0x000000076cb00000, 0x0000000787100000, 0x00000007c0000000)
  eden space 315392K, 29% used [0x000000076cb00000,0x000000077252d830,0x000000077ff00000)
  from space 52736K, 47% used [0x0000000783d80000,0x0000000785623978,0x0000000787100000)
  to   space 58368K, 0% used [0x000000077ff00000,0x000000077ff00000,0x0000000783800000)
 ParOldGen       total 1142784K, used 161607K [0x00000006c6000000, 0x000000070bc00000, 0x000000076cb00000)
  object space 1142784K, 14% used [0x00000006c6000000,0x00000006cfdd1cf0,0x000000070bc00000)
 Metaspace       used 109783K, capacity 111018K, committed 112000K, reserved 1144832K
  class space    used 16650K, capacity 16938K, committed 17024K, reserved 1048576K
GC Heap History (10 events):
Event: 2676.487 GC heap before
{Heap before GC invocations=32 (full 4):
 PSYoungGen      total 358912K, used 358751K [0x000000076cb00000, 0x000000078a000000, 0x00000007c0000000)
  eden space 334848K, 100% used [0x000000076cb00000,0x0000000781200000,0x0000000781200000)
  from space 24064K, 99% used [0x0000000781600000,0x0000000782d57c40,0x0000000782d80000)
  to   space 72704K, 0% used [0x0000000785900000,0x0000000785900000,0x000000078a000000)
 ParOldGen       total 1142784K, used 161567K [0x00000006c6000000, 0x000000070bc00000, 0x000000076cb00000)
  object space 1142784K, 14% used [0x00000006c6000000,0x00000006cfdc7cd0,0x000000070bc00000)
 Metaspace       used 105828K, capacity 106992K, committed 107776K, reserved 1140736K
  class space    used 16100K, capacity 16379K, committed 16384K, reserved 1048576K
Event: 2676.506 GC heap after
Heap after GC invocations=32 (full 4):
 PSYoungGen      total 393216K, used 33164K [0x000000076cb00000, 0x0000000789600000, 0x00000007c0000000)
  eden space 330752K, 0% used [0x000000076cb00000,0x000000076cb00000,0x0000000780e00000)
  from space 62464K, 53% used [0x0000000785900000,0x0000000787963030,0x0000000789600000)
  to   space 69632K, 0% used [0x0000000780e00000,0x0000000780e00000,0x0000000785200000)
 ParOldGen       total 1142784K, used 161575K [0x00000006c6000000, 0x000000070bc00000, 0x000000076cb00000)
  object space 1142784K, 14% used [0x00000006c6000000,0x00000006cfdc9cd0,0x000000070bc00000)
 Metaspace       used 105828K, capacity 106992K, committed 107776K, reserved 1140736K
  class space    used 16100K, capacity 16379K, committed 16384K, reserved 1048576K
}
Event: 2820.725 GC heap before
{Heap before GC invocations=33 (full 4):
 PSYoungGen      total 393216K, used 363916K [0x000000076cb00000, 0x0000000789600000, 0x00000007c0000000)
  eden space 330752K, 100% used [0x000000076cb00000,0x0000000780e00000,0x0000000780e00000)
  from space 62464K, 53% used [0x0000000785900000,0x0000000787963030,0x0000000789600000)
  to   space 69632K, 0% used [0x0000000780e00000,0x0000000780e00000,0x0000000785200000)
 ParOldGen       total 1142784K, used 161575K [0x00000006c6000000, 0x000000070bc00000, 0x000000076cb00000)
  object space 1142784K, 14% used [0x00000006c6000000,0x00000006cfdc9cd0,0x000000070bc00000)
 Metaspace       used 106015K, capacity 107184K, committed 108032K, reserved 1140736K
  class space    used 16100K, capacity 16379K, committed 16384K, reserved 1048576K
Event: 2820.742 GC heap after
Heap after GC invocations=33 (full 4):
 PSYoungGen      total 359424K, used 32556K [0x000000076cb00000, 0x0000000788d00000, 0x00000007c0000000)
  eden space 326656K, 0% used [0x000000076cb00000,0x000000076cb00000,0x0000000780a00000)
  from space 32768K, 99% used [0x0000000780e00000,0x0000000782dcb030,0x0000000782e00000)
  to   space 67072K, 0% used [0x0000000784b80000,0x0000000784b80000,0x0000000788d00000)
 ParOldGen       total 1142784K, used 161583K [0x00000006c6000000, 0x000000070bc00000, 0x000000076cb00000)
  object space 1142784K, 14% used [0x00000006c6000000,0x00000006cfdcbcd0,0x000000070bc00000)
 Metaspace       used 106015K, capacity 107184K, committed 108032K, reserved 1140736K
  class space    used 16100K, capacity 16379K, committed 16384K, reserved 1048576K
}
Event: 2983.073 GC heap before
{Heap before GC invocations=34 (full 4):
 PSYoungGen      total 359424K, used 359212K [0x000000076cb00000, 0x0000000788d00000, 0x00000007c0000000)
  eden space 326656K, 100% used [0x000000076cb00000,0x0000000780a00000,0x0000000780a00000)
  from space 32768K, 99% used [0x0000000780e00000,0x0000000782dcb030,0x0000000782e00000)
  to   space 67072K, 0% used [0x0000000784b80000,0x0000000784b80000,0x0000000788d00000)
 ParOldGen       total 1142784K, used 161583K [0x00000006c6000000, 0x000000070bc00000, 0x000000076cb00000)
  object space 1142784K, 14% used [0x00000006c6000000,0x00000006cfdcbcd0,0x000000070bc00000)
 Metaspace       used 109256K, capacity 110356K, committed 111232K, reserved 1142784K
  class space    used 16631K, capacity 16897K, committed 17024K, reserved 1048576K
Event: 2983.089 GC heap after
Heap after GC invocations=34 (full 4):
 PSYoungGen      total 378368K, used 28254K [0x000000076cb00000, 0x0000000788200000, 0x00000007c0000000)
  eden space 322560K, 0% used [0x000000076cb00000,0x000000076cb00000,0x0000000780600000)
  from space 55808K, 50% used [0x0000000784b80000,0x0000000786717a98,0x0000000788200000)
  to   space 63488K, 0% used [0x0000000780600000,0x0000000780600000,0x0000000784400000)
 ParOldGen       total 1142784K, used 161591K [0x00000006c6000000, 0x000000070bc00000, 0x000000076cb00000)
  object space 1142784K, 14% used [0x00000006c6000000,0x00000006cfdcdcd0,0x000000070bc00000)
 Metaspace       used 109256K, capacity 110356K, committed 111232K, reserved 1142784K
  class space    used 16631K, capacity 16897K, committed 17024K, reserved 1048576K
}
Event: 3207.993 GC heap before
{Heap before GC invocations=35 (full 4):
 PSYoungGen      total 378368K, used 350814K [0x000000076cb00000, 0x0000000788200000, 0x00000007c0000000)
  eden space 322560K, 100% used [0x000000076cb00000,0x0000000780600000,0x0000000780600000)
  from space 55808K, 50% used [0x0000000784b80000,0x0000000786717a98,0x0000000788200000)
  to   space 63488K, 0% used [0x0000000780600000,0x0000000780600000,0x0000000784400000)
 ParOldGen       total 1142784K, used 161591K [0x00000006c6000000, 0x000000070bc00000, 0x000000076cb00000)
  object space 1142784K, 14% used [0x00000006c6000000,0x00000006cfdcdcd0,0x000000070bc00000)
 Metaspace       used 109536K, capacity 110720K, committed 111744K, reserved 1144832K
  class space    used 16646K, capacity 16931K, committed 17024K, reserved 1048576K
Event: 3208.006 GC heap after
Heap after GC invocations=35 (full 4):
 PSYoungGen      total 347136K, used 27876K [0x000000076cb00000, 0x0000000787880000, 0x00000007c0000000)
  eden space 318976K, 0% used [0x000000076cb00000,0x000000076cb00000,0x0000000780280000)
  from space 28160K, 98% used [0x0000000780600000,0x00000007821390d0,0x0000000782180000)
  to   space 60416K, 0% used [0x0000000783d80000,0x0000000783d80000,0x0000000787880000)
 ParOldGen       total 1142784K, used 161599K [0x00000006c6000000, 0x000000070bc00000, 0x000000076cb00000)
  object space 1142784K, 14% used [0x00000006c6000000,0x00000006cfdcfcd0,0x000000070bc00000)
 Metaspace       used 109536K, capacity 110720K, committed 111744K, reserved 1144832K
  class space    used 16646K, capacity 16931K, committed 17024K, reserved 1048576K
}
Event: 3698.538 GC heap before
{Heap before GC invocations=36 (full 4):
 PSYoungGen      total 347136K, used 346852K [0x000000076cb00000, 0x0000000787880000, 0x00000007c0000000)
  eden space 318976K, 100% used [0x000000076cb00000,0x0000000780280000,0x0000000780280000)
  from space 28160K, 98% used [0x0000000780600000,0x00000007821390d0,0x0000000782180000)
  to   space 60416K, 0% used [0x0000000783d80000,0x0000000783d80000,0x0000000787880000)
 ParOldGen       total 1142784K, used 161599K [0x00000006c6000000, 0x000000070bc00000, 0x000000076cb00000)
  object space 1142784K, 14% used [0x00000006c6000000,0x00000006cfdcfcf0,0x000000070bc00000)
 Metaspace       used 109676K, capacity 110848K, committed 111744K, reserved 1144832K
  class space    used 16646K, capacity 16931K, committed 17024K, reserved 1048576K
Event: 3698.550 GC heap after
Heap after GC invocations=36 (full 4):
 PSYoungGen      total 368128K, used 25230K [0x000000076cb00000, 0x0000000787100000, 0x00000007c0000000)
  eden space 315392K, 0% used [0x000000076cb00000,0x000000076cb00000,0x000000077ff00000)
  from space 52736K, 47% used [0x0000000783d80000,0x0000000785623978,0x0000000787100000)
  to   space 58368K, 0% used [0x000000077ff00000,0x000000077ff00000,0x0000000783800000)
 ParOldGen       total 1142784K, used 161607K [0x00000006c6000000, 0x000000070bc00000, 0x000000076cb00000)
  object space 1142784K, 14% used [0x00000006c6000000,0x00000006cfdd1cf0,0x000000070bc00000)
 Metaspace       used 109676K, capacity 110848K, committed 111744K, reserved 1144832K
  class space    used 16646K, capacity 16931K, committed 17024K, reserved 1048576K
}

