# JRE version: Java(TM) SE Runtime Environment (8.0_202-b08) (build 1.8.0_202-b08)
# Java VM: Java HotSpot(TM) 64-Bit Server VM (25.202-b08 mixed mode windows-amd64 compressed oops)
Heap:
 PSYoungGen      total 389632K, used 290893K [0x000000076cb00000, 0x000000078a380000, 0x00000007c0000000)
  eden space 313856K, 83% used [0x000000076cb00000,0x000000077cac99b0,0x000000077fd80000)
  from space 75776K, 38% used [0x0000000785980000,0x00000007875c9d48,0x000000078a380000)
  to   space 84992K, 0% used [0x000000077fd80000,0x000000077fd80000,0x0000000785080000)
 ParOldGen       total 1084928K, used 143708K [0x00000006c6000000, 0x0000000708380000, 0x000000076cb00000)
  object space 1084928K, 13% used [0x00000006c6000000,0x00000006cec570e0,0x0000000708380000)
 Metaspace       used 101430K, capacity 102590K, committed 103424K, reserved 1136640K
  class space    used 15743K, capacity 16030K, committed 16128K, reserved 1048576K
GC Heap History (10 events):
Event: 40.213 GC heap before
{Heap before GC invocations=18 (full 3):
 PSYoungGen      total 317440K, used 256447K [0x000000076cb00000, 0x0000000787980000, 0x00000007c0000000)
  eden space 257536K, 76% used [0x000000076cb00000,0x0000000778af2aa8,0x000000077c680000)
  from space 59904K, 99% used [0x0000000781480000,0x0000000784efd198,0x0000000784f00000)
  to   space 79872K, 0% used [0x000000077c680000,0x000000077c680000,0x0000000781480000)
 ParOldGen       total 687104K, used 85774K [0x00000006c6000000, 0x00000006eff00000, 0x000000076cb00000)
  object space 687104K, 12% used [0x00000006c6000000,0x00000006cb3c3800,0x00000006eff00000)
 Metaspace       used 96763K, capacity 97808K, committed 98600K, reserved 1132544K
  class space    used 15403K, capacity 15693K, committed 15744K, reserved 1048576K
Event: 40.239 GC heap after
Heap after GC invocations=18 (full 3):
 PSYoungGen      total 337408K, used 79864K [0x000000076cb00000, 0x000000078a280000, 0x00000007c0000000)
  eden space 257536K, 0% used [0x000000076cb00000,0x000000076cb00000,0x000000077c680000)
  from space 79872K, 99% used [0x000000077c680000,0x000000078147e3f0,0x0000000781480000)
  to   space 92672K, 0% used [0x0000000784800000,0x0000000784800000,0x000000078a280000)
 ParOldGen       total 687104K, used 87066K [0x00000006c6000000, 0x00000006eff00000, 0x000000076cb00000)
  object space 687104K, 12% used [0x00000006c6000000,0x00000006cb506830,0x00000006eff00000)
 Metaspace       used 96763K, capacity 97808K, committed 98600K, reserved 1132544K
  class space    used 15403K, capacity 15693K, committed 15744K, reserved 1048576K
}
Event: 40.239 GC heap before
{Heap before GC invocations=19 (full 4):
 PSYoungGen      total 337408K, used 79864K [0x000000076cb00000, 0x000000078a280000, 0x00000007c0000000)
  eden space 257536K, 0% used [0x000000076cb00000,0x000000076cb00000,0x000000077c680000)
  from space 79872K, 99% used [0x000000077c680000,0x000000078147e3f0,0x0000000781480000)
  to   space 92672K, 0% used [0x0000000784800000,0x0000000784800000,0x000000078a280000)
 ParOldGen       total 687104K, used 87066K [0x00000006c6000000, 0x00000006eff00000, 0x000000076cb00000)
  object space 687104K, 12% used [0x00000006c6000000,0x00000006cb506830,0x00000006eff00000)
 Metaspace       used 96763K, capacity 97808K, committed 98600K, reserved 1132544K
  class space    used 15403K, capacity 15693K, committed 15744K, reserved 1048576K
Event: 40.517 GC heap after
Heap after GC invocations=19 (full 4):
 PSYoungGen      total 337408K, used 0K [0x000000076cb00000, 0x000000078a280000, 0x00000007c0000000)
  eden space 257536K, 0% used [0x000000076cb00000,0x000000076cb00000,0x000000077c680000)
  from space 79872K, 0% used [0x000000077c680000,0x000000077c680000,0x0000000781480000)
  to   space 92672K, 0% used [0x0000000784800000,0x0000000784800000,0x000000078a280000)
 ParOldGen       total 1084928K, used 143448K [0x00000006c6000000, 0x0000000708380000, 0x000000076cb00000)
  object space 1084928K, 13% used [0x00000006c6000000,0x00000006cec16190,0x0000000708380000)
 Metaspace       used 96755K, capacity 97796K, committed 98600K, reserved 1132544K
  class space    used 15400K, capacity 15687K, committed 15744K, reserved 1048576K
}
Event: 62.736 GC heap before
{Heap before GC invocations=20 (full 4):
 PSYoungGen      total 337408K, used 257536K [0x000000076cb00000, 0x000000078a280000, 0x00000007c0000000)
  eden space 257536K, 100% used [0x000000076cb00000,0x000000077c680000,0x000000077c680000)
  from space 79872K, 0% used [0x000000077c680000,0x000000077c680000,0x0000000781480000)
  to   space 92672K, 0% used [0x0000000784800000,0x0000000784800000,0x000000078a280000)
 ParOldGen       total 1084928K, used 143452K [0x00000006c6000000, 0x0000000708380000, 0x000000076cb00000)
  object space 1084928K, 13% used [0x00000006c6000000,0x00000006cec171d8,0x0000000708380000)
 Metaspace       used 97762K, capacity 98826K, committed 99624K, reserved 1132544K
  class space    used 15425K, capacity 15688K, committed 15744K, reserved 1048576K
Event: 62.746 GC heap after
Heap after GC invocations=20 (full 4):
 PSYoungGen      total 382976K, used 13641K [0x000000076cb00000, 0x0000000789e00000, 0x00000007c0000000)
  eden space 294912K, 0% used [0x000000076cb00000,0x000000076cb00000,0x000000077eb00000)
  from space 88064K, 15% used [0x0000000784800000,0x0000000785552500,0x0000000789e00000)
  to   space 91648K, 0% used [0x000000077eb00000,0x000000077eb00000,0x0000000784480000)
 ParOldGen       total 1084928K, used 143460K [0x00000006c6000000, 0x0000000708380000, 0x000000076cb00000)
  object space 1084928K, 13% used [0x00000006c6000000,0x00000006cec191d8,0x0000000708380000)
 Metaspace       used 97762K, capacity 98826K, committed 99624K, reserved 1132544K
  class space    used 15425K, capacity 15688K, committed 15744K, reserved 1048576K
}
Event: 68.966 GC heap before
{Heap before GC invocations=21 (full 4):
 PSYoungGen      total 382976K, used 308553K [0x000000076cb00000, 0x0000000789e00000, 0x00000007c0000000)
  eden space 294912K, 100% used [0x000000076cb00000,0x000000077eb00000,0x000000077eb00000)
  from space 88064K, 15% used [0x0000000784800000,0x0000000785552500,0x0000000789e00000)
  to   space 91648K, 0% used [0x000000077eb00000,0x000000077eb00000,0x0000000784480000)
 ParOldGen       total 1084928K, used 143460K [0x00000006c6000000, 0x0000000708380000, 0x000000076cb00000)
  object space 1084928K, 13% used [0x00000006c6000000,0x00000006cec191d8,0x0000000708380000)
 Metaspace       used 99863K, capacity 100898K, committed 101760K, reserved 1134592K
  class space    used 15666K, capacity 15948K, committed 16000K, reserved 1048576K
Event: 68.975 GC heap after
Heap after GC invocations=21 (full 4):
 PSYoungGen      total 386560K, used 19110K [0x000000076cb00000, 0x000000078b080000, 0x00000007c0000000)
  eden space 294912K, 0% used [0x000000076cb00000,0x000000076cb00000,0x000000077eb00000)
  from space 91648K, 20% used [0x000000077eb00000,0x000000077fda9a00,0x0000000784480000)
  to   space 89088K, 0% used [0x0000000785980000,0x0000000785980000,0x000000078b080000)
 ParOldGen       total 1084928K, used 143700K [0x00000006c6000000, 0x0000000708380000, 0x000000076cb00000)
  object space 1084928K, 13% used [0x00000006c6000000,0x00000006cec550e0,0x0000000708380000)
 Metaspace       used 99863K, capacity 100898K, committed 101760K, reserved 1134592K
  class space    used 15666K, capacity 15948K, committed 16000K, reserved 1048576K
}
Event: 119.705 GC heap before
{Heap before GC invocations=22 (full 4):
 PSYoungGen      total 386560K, used 314022K [0x000000076cb00000, 0x000000078b080000, 0x00000007c0000000)
  eden space 294912K, 100% used [0x000000076cb00000,0x000000077eb00000,0x000000077eb00000)
  from space 91648K, 20% used [0x000000077eb00000,0x000000077fda9a00,0x0000000784480000)
  to   space 89088K, 0% used [0x0000000785980000,0x0000000785980000,0x000000078b080000)
 ParOldGen       total 1084928K, used 143700K [0x00000006c6000000, 0x0000000708380000, 0x000000076cb00000)
  object space 1084928K, 13% used [0x00000006c6000000,0x00000006cec550e0,0x0000000708380000)
 Metaspace       used 100917K, capacity 102060K, committed 102912K, reserved 1136640K
  class space    used 15735K, capacity 16027K, committed 16128K, reserved 1048576K
Event: 119.725 GC heap after
Heap after GC invocations=22 (full 4):
 PSYoungGen      total 389632K, used 28967K [0x000000076cb00000, 0x000000078a380000, 0x00000007c0000000)
  eden space 313856K, 0% used [0x000000076cb00000,0x000000076cb00000,0x000000077fd80000)
  from space 75776K, 38% used [0x0000000785980000,0x00000007875c9d48,0x000000078a380000)
  to   space 84992K, 0% used [0x000000077fd80000,0x000000077fd80000,0x0000000785080000)
 ParOldGen       total 1084928K, used 143708K [0x00000006c6000000, 0x0000000708380000, 0x000000076cb00000)
  object space 1084928K, 13% used [0x00000006c6000000,0x00000006cec570e0,0x0000000708380000)
 Metaspace       used 100917K, capacity 102060K, committed 102912K, reserved 1136640K
  class space    used 15735K, capacity 16027K, committed 16128K, reserved 1048576K
}

