# JRE version: Java(TM) SE Runtime Environment (8.0_202-b08) (build 1.8.0_202-b08)
# Java VM: Java HotSpot(TM) 64-Bit Server VM (25.202-b08 mixed mode windows-amd64 compressed oops)
Heap:
 PSYoungGen      total 1078272K, used 833602K [0x000000076cb00000, 0x00000007b3a00000, 0x00000007c0000000)
  eden space 1008640K, 80% used [0x000000076cb00000,0x000000079e36ce68,0x00000007aa400000)
  from space 69632K, 31% used [0x00000007af600000,0x00000007b0ba3c28,0x00000007b3a00000)
  to   space 76800K, 0% used [0x00000007aa400000,0x00000007aa400000,0x00000007aef00000)
 ParOldGen       total 446464K, used 128999K [0x00000006c6000000, 0x00000006e1400000, 0x000000076cb00000)
  object space 446464K, 28% used [0x00000006c6000000,0x00000006cddf9e18,0x00000006e1400000)
 Metaspace       used 103020K, capacity 104056K, committed 105004K, reserved 1138688K
  class space    used 16115K, capacity 16371K, committed 16428K, reserved 1048576K
GC Heap History (10 events):
Event: 17.517 GC heap before
{Heap before GC invocations=12 (full 3):
 PSYoungGen      total 610304K, used 572928K [0x000000076cb00000, 0x0000000798a00000, 0x00000007c0000000)
  eden space 572928K, 100% used [0x000000076cb00000,0x000000078fa80000,0x000000078fa80000)
  from space 37376K, 0% used [0x0000000792000000,0x0000000792000000,0x0000000794480000)
  to   space 38400K, 0% used [0x000000078fa80000,0x000000078fa80000,0x0000000792000000)
 ParOldGen       total 264192K, used 33830K [0x00000006c6000000, 0x00000006d6200000, 0x000000076cb00000)
  object space 264192K, 12% used [0x00000006c6000000,0x00000006c8109950,0x00000006d6200000)
 Metaspace       used 80402K, capacity 81322K, committed 82220K, reserved 1118208K
  class space    used 13338K, capacity 13590K, committed 13612K, reserved 1048576K
Event: 17.546 GC heap after
Heap after GC invocations=12 (full 3):
 PSYoungGen      total 611328K, used 38390K [0x000000076cb00000, 0x00000007a4080000, 0x00000007c0000000)
  eden space 572928K, 0% used [0x000000076cb00000,0x000000076cb00000,0x000000078fa80000)
  from space 38400K, 99% used [0x000000078fa80000,0x0000000791ffda88,0x0000000792000000)
  to   space 53248K, 0% used [0x00000007a0c80000,0x00000007a0c80000,0x00000007a4080000)
 ParOldGen       total 264192K, used 57727K [0x00000006c6000000, 0x00000006d6200000, 0x000000076cb00000)
  object space 264192K, 21% used [0x00000006c6000000,0x00000006c985fda8,0x00000006d6200000)
 Metaspace       used 80402K, capacity 81322K, committed 82220K, reserved 1118208K
  class space    used 13338K, capacity 13590K, committed 13612K, reserved 1048576K
}
Event: 39.577 GC heap before
{Heap before GC invocations=13 (full 3):
 PSYoungGen      total 611328K, used 611318K [0x000000076cb00000, 0x00000007a4080000, 0x00000007c0000000)
  eden space 572928K, 100% used [0x000000076cb00000,0x000000078fa80000,0x000000078fa80000)
  from space 38400K, 99% used [0x000000078fa80000,0x0000000791ffda88,0x0000000792000000)
  to   space 53248K, 0% used [0x00000007a0c80000,0x00000007a0c80000,0x00000007a4080000)
 ParOldGen       total 264192K, used 57727K [0x00000006c6000000, 0x00000006d6200000, 0x000000076cb00000)
  object space 264192K, 21% used [0x00000006c6000000,0x00000006c985fda8,0x00000006d6200000)
 Metaspace       used 95973K, capacity 96918K, committed 97964K, reserved 1132544K
  class space    used 15475K, capacity 15734K, committed 15788K, reserved 1048576K
Event: 39.619 GC heap after
Heap after GC invocations=13 (full 3):
 PSYoungGen      total 822272K, used 53235K [0x000000076cb00000, 0x00000007a6780000, 0x00000007c0000000)
  eden space 769024K, 0% used [0x000000076cb00000,0x000000076cb00000,0x000000079ba00000)
  from space 53248K, 99% used [0x00000007a0c80000,0x00000007a407cec8,0x00000007a4080000)
  to   space 84480K, 0% used [0x000000079ba00000,0x000000079ba00000,0x00000007a0c80000)
 ParOldGen       total 264192K, used 120684K [0x00000006c6000000, 0x00000006d6200000, 0x000000076cb00000)
  object space 264192K, 45% used [0x00000006c6000000,0x00000006cd5db020,0x00000006d6200000)
 Metaspace       used 95973K, capacity 96918K, committed 97964K, reserved 1132544K
  class space    used 15475K, capacity 15734K, committed 15788K, reserved 1048576K
}
Event: 52.448 GC heap before
{Heap before GC invocations=14 (full 3):
 PSYoungGen      total 822272K, used 456294K [0x000000076cb00000, 0x00000007a6780000, 0x00000007c0000000)
  eden space 769024K, 52% used [0x000000076cb00000,0x000000078549ccb0,0x000000079ba00000)
  from space 53248K, 99% used [0x00000007a0c80000,0x00000007a407cec8,0x00000007a4080000)
  to   space 84480K, 0% used [0x000000079ba00000,0x000000079ba00000,0x00000007a0c80000)
 ParOldGen       total 264192K, used 120684K [0x00000006c6000000, 0x00000006d6200000, 0x000000076cb00000)
  object space 264192K, 45% used [0x00000006c6000000,0x00000006cd5db020,0x00000006d6200000)
 Metaspace       used 98886K, capacity 99808K, committed 100680K, reserved 1134592K
  class space    used 15777K, capacity 16031K, committed 16044K, reserved 1048576K
Event: 52.474 GC heap after
Heap after GC invocations=14 (full 3):
 PSYoungGen      total 853504K, used 34343K [0x000000076cb00000, 0x00000007b4380000, 0x00000007c0000000)
  eden space 769024K, 0% used [0x000000076cb00000,0x000000076cb00000,0x000000079ba00000)
  from space 84480K, 40% used [0x000000079ba00000,0x000000079db89fc8,0x00000007a0c80000)
  to   space 79360K, 0% used [0x00000007af600000,0x00000007af600000,0x00000007b4380000)
 ParOldGen       total 264192K, used 149013K [0x00000006c6000000, 0x00000006d6200000, 0x000000076cb00000)
  object space 264192K, 56% used [0x00000006c6000000,0x00000006cf1857c0,0x00000006d6200000)
 Metaspace       used 98886K, capacity 99808K, committed 100680K, reserved 1134592K
  class space    used 15777K, capacity 16031K, committed 16044K, reserved 1048576K
}
Event: 52.474 GC heap before
{Heap before GC invocations=15 (full 4):
 PSYoungGen      total 853504K, used 34343K [0x000000076cb00000, 0x00000007b4380000, 0x00000007c0000000)
  eden space 769024K, 0% used [0x000000076cb00000,0x000000076cb00000,0x000000079ba00000)
  from space 84480K, 40% used [0x000000079ba00000,0x000000079db89fc8,0x00000007a0c80000)
  to   space 79360K, 0% used [0x00000007af600000,0x00000007af600000,0x00000007b4380000)
 ParOldGen       total 264192K, used 149013K [0x00000006c6000000, 0x00000006d6200000, 0x000000076cb00000)
  object space 264192K, 56% used [0x00000006c6000000,0x00000006cf1857c0,0x00000006d6200000)
 Metaspace       used 98886K, capacity 99808K, committed 100680K, reserved 1134592K
  class space    used 15777K, capacity 16031K, committed 16044K, reserved 1048576K
Event: 52.614 GC heap after
Heap after GC invocations=15 (full 4):
 PSYoungGen      total 853504K, used 0K [0x000000076cb00000, 0x00000007b4380000, 0x00000007c0000000)
  eden space 769024K, 0% used [0x000000076cb00000,0x000000076cb00000,0x000000079ba00000)
  from space 84480K, 0% used [0x000000079ba00000,0x000000079ba00000,0x00000007a0c80000)
  to   space 79360K, 0% used [0x00000007af600000,0x00000007af600000,0x00000007b4380000)
 ParOldGen       total 446464K, used 128991K [0x00000006c6000000, 0x00000006e1400000, 0x000000076cb00000)
  object space 446464K, 28% used [0x00000006c6000000,0x00000006cddf7e18,0x00000006e1400000)
 Metaspace       used 98845K, capacity 99742K, committed 100680K, reserved 1134592K
  class space    used 15768K, capacity 16016K, committed 16044K, reserved 1048576K
}
Event: 141.224 GC heap before
{Heap before GC invocations=16 (full 4):
 PSYoungGen      total 853504K, used 769024K [0x000000076cb00000, 0x00000007b4380000, 0x00000007c0000000)
  eden space 769024K, 100% used [0x000000076cb00000,0x000000079ba00000,0x000000079ba00000)
  from space 84480K, 0% used [0x000000079ba00000,0x000000079ba00000,0x00000007a0c80000)
  to   space 79360K, 0% used [0x00000007af600000,0x00000007af600000,0x00000007b4380000)
 ParOldGen       total 446464K, used 128991K [0x00000006c6000000, 0x00000006e1400000, 0x000000076cb00000)
  object space 446464K, 28% used [0x00000006c6000000,0x00000006cddf7e18,0x00000006e1400000)
 Metaspace       used 101002K, capacity 102034K, committed 103084K, reserved 1136640K
  class space    used 15970K, capacity 16226K, committed 16300K, reserved 1048576K
Event: 141.242 GC heap after
Heap after GC invocations=16 (full 4):
 PSYoungGen      total 1078272K, used 22159K [0x000000076cb00000, 0x00000007b3a00000, 0x00000007c0000000)
  eden space 1008640K, 0% used [0x000000076cb00000,0x000000076cb00000,0x00000007aa400000)
  from space 69632K, 31% used [0x00000007af600000,0x00000007b0ba3c28,0x00000007b3a00000)
  to   space 76800K, 0% used [0x00000007aa400000,0x00000007aa400000,0x00000007aef00000)
 ParOldGen       total 446464K, used 128999K [0x00000006c6000000, 0x00000006e1400000, 0x000000076cb00000)
  object space 446464K, 28% used [0x00000006c6000000,0x00000006cddf9e18,0x00000006e1400000)
 Metaspace       used 101002K, capacity 102034K, committed 103084K, reserved 1136640K
  class space    used 15970K, capacity 16226K, committed 16300K, reserved 1048576K
}

