# JRE version: Java(TM) SE Runtime Environment (8.0_202-b08) (build 1.8.0_202-b08)
# Java VM: Java HotSpot(TM) 64-Bit Server VM (25.202-b08 mixed mode windows-amd64 compressed oops)
Heap:
 PSYoungGen      total 314880K, used 174137K [0x000000076cb00000, 0x0000000785080000, 0x00000007c0000000)
  eden space 247296K, 61% used [0x000000076cb00000,0x0000000776094480,0x000000077bc80000)
  from space 67584K, 31% used [0x0000000780e80000,0x00000007822fa138,0x0000000785080000)
  to   space 75776K, 0% used [0x000000077bc80000,0x000000077bc80000,0x0000000780680000)
 ParOldGen       total 1126400K, used 140973K [0x00000006c6000000, 0x000000070ac00000, 0x000000076cb00000)
  object space 1126400K, 12% used [0x00000006c6000000,0x00000006ce9ab6e0,0x000000070ac00000)
 Metaspace       used 103937K, capacity 105026K, committed 105984K, reserved 1138688K
  class space    used 16260K, capacity 16518K, committed 16640K, reserved 1048576K
GC Heap History (10 events):
Event: 36.940 GC heap before
{Heap before GC invocations=16 (full 3):
 PSYoungGen      total 257024K, used 190854K [0x000000076cb00000, 0x0000000782380000, 0x00000007c0000000)
  eden space 199680K, 66% used [0x000000076cb00000,0x0000000774d697e8,0x0000000778e00000)
  from space 57344K, 99% used [0x000000077d180000,0x0000000780978328,0x0000000780980000)
  to   space 69120K, 0% used [0x0000000778e00000,0x0000000778e00000,0x000000077d180000)
 ParOldGen       total 707584K, used 89944K [0x00000006c6000000, 0x00000006f1300000, 0x000000076cb00000)
  object space 707584K, 12% used [0x00000006c6000000,0x00000006cb7d6218,0x00000006f1300000)
 Metaspace       used 96763K, capacity 97796K, committed 98560K, reserved 1132544K
  class space    used 15421K, capacity 15691K, committed 15744K, reserved 1048576K
Event: 36.969 GC heap after
Heap after GC invocations=16 (full 3):
 PSYoungGen      total 268800K, used 69099K [0x000000076cb00000, 0x0000000784d00000, 0x00000007c0000000)
  eden space 199680K, 0% used [0x000000076cb00000,0x000000076cb00000,0x0000000778e00000)
  from space 69120K, 99% used [0x0000000778e00000,0x000000077d17aca8,0x000000077d180000)
  to   space 83456K, 0% used [0x000000077fb80000,0x000000077fb80000,0x0000000784d00000)
 ParOldGen       total 707584K, used 98564K [0x00000006c6000000, 0x00000006f1300000, 0x000000076cb00000)
  object space 707584K, 13% used [0x00000006c6000000,0x00000006cc041280,0x00000006f1300000)
 Metaspace       used 96763K, capacity 97796K, committed 98560K, reserved 1132544K
  class space    used 15421K, capacity 15691K, committed 15744K, reserved 1048576K
}
Event: 36.969 GC heap before
{Heap before GC invocations=17 (full 4):
 PSYoungGen      total 268800K, used 69099K [0x000000076cb00000, 0x0000000784d00000, 0x00000007c0000000)
  eden space 199680K, 0% used [0x000000076cb00000,0x000000076cb00000,0x0000000778e00000)
  from space 69120K, 99% used [0x0000000778e00000,0x000000077d17aca8,0x000000077d180000)
  to   space 83456K, 0% used [0x000000077fb80000,0x000000077fb80000,0x0000000784d00000)
 ParOldGen       total 707584K, used 98564K [0x00000006c6000000, 0x00000006f1300000, 0x000000076cb00000)
  object space 707584K, 13% used [0x00000006c6000000,0x00000006cc041280,0x00000006f1300000)
 Metaspace       used 96763K, capacity 97796K, committed 98560K, reserved 1132544K
  class space    used 15421K, capacity 15691K, committed 15744K, reserved 1048576K
Event: 37.173 GC heap after
Heap after GC invocations=17 (full 4):
 PSYoungGen      total 268800K, used 0K [0x000000076cb00000, 0x0000000784d00000, 0x00000007c0000000)
  eden space 199680K, 0% used [0x000000076cb00000,0x000000076cb00000,0x0000000778e00000)
  from space 69120K, 0% used [0x0000000778e00000,0x0000000778e00000,0x000000077d180000)
  to   space 83456K, 0% used [0x000000077fb80000,0x000000077fb80000,0x0000000784d00000)
 ParOldGen       total 1126400K, used 140931K [0x00000006c6000000, 0x000000070ac00000, 0x000000076cb00000)
  object space 1126400K, 12% used [0x00000006c6000000,0x00000006ce9a0e00,0x000000070ac00000)
 Metaspace       used 96763K, capacity 97796K, committed 98560K, reserved 1132544K
  class space    used 15421K, capacity 15691K, committed 15744K, reserved 1048576K
}
Event: 44.108 GC heap before
{Heap before GC invocations=18 (full 4):
 PSYoungGen      total 268800K, used 199680K [0x000000076cb00000, 0x0000000784d00000, 0x00000007c0000000)
  eden space 199680K, 100% used [0x000000076cb00000,0x0000000778e00000,0x0000000778e00000)
  from space 69120K, 0% used [0x0000000778e00000,0x0000000778e00000,0x000000077d180000)
  to   space 83456K, 0% used [0x000000077fb80000,0x000000077fb80000,0x0000000784d00000)
 ParOldGen       total 1126400K, used 140933K [0x00000006c6000000, 0x000000070ac00000, 0x000000076cb00000)
  object space 1126400K, 12% used [0x00000006c6000000,0x00000006ce9a16c0,0x000000070ac00000)
 Metaspace       used 100560K, capacity 101578K, committed 102528K, reserved 1136640K
  class space    used 15951K, capacity 16204K, committed 16256K, reserved 1048576K
Event: 44.116 GC heap after
Heap after GC invocations=18 (full 4):
 PSYoungGen      total 305664K, used 12740K [0x000000076cb00000, 0x0000000784880000, 0x00000007c0000000)
  eden space 226816K, 0% used [0x000000076cb00000,0x000000076cb00000,0x000000077a880000)
  from space 78848K, 16% used [0x000000077fb80000,0x00000007807f1130,0x0000000784880000)
  to   space 81920K, 0% used [0x000000077a880000,0x000000077a880000,0x000000077f880000)
 ParOldGen       total 1126400K, used 140957K [0x00000006c6000000, 0x000000070ac00000, 0x000000076cb00000)
  object space 1126400K, 12% used [0x00000006c6000000,0x00000006ce9a76e0,0x000000070ac00000)
 Metaspace       used 100560K, capacity 101578K, committed 102528K, reserved 1136640K
  class space    used 15951K, capacity 16204K, committed 16256K, reserved 1048576K
}
Event: 65.813 GC heap before
{Heap before GC invocations=19 (full 4):
 PSYoungGen      total 305664K, used 239556K [0x000000076cb00000, 0x0000000784880000, 0x00000007c0000000)
  eden space 226816K, 100% used [0x000000076cb00000,0x000000077a880000,0x000000077a880000)
  from space 78848K, 16% used [0x000000077fb80000,0x00000007807f1130,0x0000000784880000)
  to   space 81920K, 0% used [0x000000077a880000,0x000000077a880000,0x000000077f880000)
 ParOldGen       total 1126400K, used 140957K [0x00000006c6000000, 0x000000070ac00000, 0x000000076cb00000)
  object space 1126400K, 12% used [0x00000006c6000000,0x00000006ce9a76e0,0x000000070ac00000)
 Metaspace       used 102308K, capacity 103392K, committed 104192K, reserved 1136640K
  class space    used 16062K, capacity 16311K, committed 16384K, reserved 1048576K
Event: 65.821 GC heap after
Heap after GC invocations=19 (full 4):
 PSYoungGen      total 308736K, used 15951K [0x000000076cb00000, 0x0000000785c00000, 0x00000007c0000000)
  eden space 226816K, 0% used [0x000000076cb00000,0x000000076cb00000,0x000000077a880000)
  from space 81920K, 19% used [0x000000077a880000,0x000000077b813f78,0x000000077f880000)
  to   space 79360K, 0% used [0x0000000780e80000,0x0000000780e80000,0x0000000785c00000)
 ParOldGen       total 1126400K, used 140965K [0x00000006c6000000, 0x000000070ac00000, 0x000000076cb00000)
  object space 1126400K, 12% used [0x00000006c6000000,0x00000006ce9a96e0,0x000000070ac00000)
 Metaspace       used 102308K, capacity 103392K, committed 104192K, reserved 1136640K
  class space    used 16062K, capacity 16311K, committed 16384K, reserved 1048576K
}
Event: 80.993 GC heap before
{Heap before GC invocations=20 (full 4):
 PSYoungGen      total 308736K, used 242767K [0x000000076cb00000, 0x0000000785c00000, 0x00000007c0000000)
  eden space 226816K, 100% used [0x000000076cb00000,0x000000077a880000,0x000000077a880000)
  from space 81920K, 19% used [0x000000077a880000,0x000000077b813f78,0x000000077f880000)
  to   space 79360K, 0% used [0x0000000780e80000,0x0000000780e80000,0x0000000785c00000)
 ParOldGen       total 1126400K, used 140965K [0x00000006c6000000, 0x000000070ac00000, 0x000000076cb00000)
  object space 1126400K, 12% used [0x00000006c6000000,0x00000006ce9a96e0,0x000000070ac00000)
 Metaspace       used 103519K, capacity 104606K, committed 105344K, reserved 1138688K
  class space    used 16251K, capacity 16512K, committed 16512K, reserved 1048576K
Event: 81.007 GC heap after
Heap after GC invocations=20 (full 4):
 PSYoungGen      total 314880K, used 20968K [0x000000076cb00000, 0x0000000785080000, 0x00000007c0000000)
  eden space 247296K, 0% used [0x000000076cb00000,0x000000076cb00000,0x000000077bc80000)
  from space 67584K, 31% used [0x0000000780e80000,0x00000007822fa138,0x0000000785080000)
  to   space 75776K, 0% used [0x000000077bc80000,0x000000077bc80000,0x0000000780680000)
 ParOldGen       total 1126400K, used 140973K [0x00000006c6000000, 0x000000070ac00000, 0x000000076cb00000)
  object space 1126400K, 12% used [0x00000006c6000000,0x00000006ce9ab6e0,0x000000070ac00000)
 Metaspace       used 103519K, capacity 104606K, committed 105344K, reserved 1138688K
  class space    used 16251K, capacity 16512K, committed 16512K, reserved 1048576K
}

