# JRE version: Java(TM) SE Runtime Environment (8.0_202-b08) (build 1.8.0_202-b08)
# Java VM: Java HotSpot(TM) 64-Bit Server VM (25.202-b08 mixed mode windows-amd64 compressed oops)
Heap:
 PSYoungGen      total 359424K, used 260743K [0x000000076cb00000, 0x0000000787300000, 0x00000007c0000000)
  eden space 309248K, 72% used [0x000000076cb00000,0x000000077a6c99c8,0x000000077f900000)
  from space 50176K, 71% used [0x0000000784200000,0x00000007864d84a0,0x0000000787300000)
  to   space 62464K, 0% used [0x000000077f900000,0x000000077f900000,0x0000000783600000)
 ParOldGen       total 1088512K, used 126459K [0x00000006c6000000, 0x0000000708700000, 0x000000076cb00000)
  object space 1088512K, 11% used [0x00000006c6000000,0x00000006cdb7ef98,0x0000000708700000)
 Metaspace       used 103216K, capacity 104268K, committed 105216K, reserved 1138688K
  class space    used 16061K, capacity 16313K, committed 16384K, reserved 1048576K
GC Heap History (10 events):
Event: 419.507 GC heap before
{Heap before GC invocations=24 (full 4):
 PSYoungGen      total 370176K, used 320941K [0x000000076cb00000, 0x0000000788880000, 0x00000007c0000000)
  eden space 291840K, 100% used [0x000000076cb00000,0x000000077e800000,0x000000077e800000)
  from space 78336K, 37% used [0x000000077e800000,0x000000078046b6e0,0x0000000783480000)
  to   space 74240K, 0% used [0x0000000784000000,0x0000000784000000,0x0000000788880000)
 ParOldGen       total 1088512K, used 126419K [0x00000006c6000000, 0x0000000708700000, 0x000000076cb00000)
  object space 1088512K, 11% used [0x00000006c6000000,0x00000006cdb74f98,0x0000000708700000)
 Metaspace       used 101925K, capacity 102954K, committed 103936K, reserved 1136640K
  class space    used 16033K, capacity 16268K, committed 16384K, reserved 1048576K
Event: 419.528 GC heap after
Heap after GC invocations=24 (full 4):
 PSYoungGen      total 369664K, used 22637K [0x000000076cb00000, 0x0000000787f80000, 0x00000007c0000000)
  eden space 304640K, 0% used [0x000000076cb00000,0x000000076cb00000,0x000000077f480000)
  from space 65024K, 34% used [0x0000000784000000,0x000000078561b400,0x0000000787f80000)
  to   space 71168K, 0% used [0x000000077f480000,0x000000077f480000,0x0000000783a00000)
 ParOldGen       total 1088512K, used 126427K [0x00000006c6000000, 0x0000000708700000, 0x000000076cb00000)
  object space 1088512K, 11% used [0x00000006c6000000,0x00000006cdb76f98,0x0000000708700000)
 Metaspace       used 101925K, capacity 102954K, committed 103936K, reserved 1136640K
  class space    used 16033K, capacity 16268K, committed 16384K, reserved 1048576K
}
Event: 535.237 GC heap before
{Heap before GC invocations=25 (full 4):
 PSYoungGen      total 369664K, used 327277K [0x000000076cb00000, 0x0000000787f80000, 0x00000007c0000000)
  eden space 304640K, 100% used [0x000000076cb00000,0x000000077f480000,0x000000077f480000)
  from space 65024K, 34% used [0x0000000784000000,0x000000078561b400,0x0000000787f80000)
  to   space 71168K, 0% used [0x000000077f480000,0x000000077f480000,0x0000000783a00000)
 ParOldGen       total 1088512K, used 126427K [0x00000006c6000000, 0x0000000708700000, 0x000000076cb00000)
  object space 1088512K, 11% used [0x00000006c6000000,0x00000006cdb76f98,0x0000000708700000)
 Metaspace       used 102337K, capacity 103342K, committed 104448K, reserved 1136640K
  class space    used 16045K, capacity 16270K, committed 16384K, reserved 1048576K
Event: 535.254 GC heap after
Heap after GC invocations=25 (full 4):
 PSYoungGen      total 375808K, used 27206K [0x000000076cb00000, 0x0000000788300000, 0x00000007c0000000)
  eden space 304640K, 0% used [0x000000076cb00000,0x000000076cb00000,0x000000077f480000)
  from space 71168K, 38% used [0x000000077f480000,0x0000000780f11a30,0x0000000783a00000)
  to   space 67584K, 0% used [0x0000000784100000,0x0000000784100000,0x0000000788300000)
 ParOldGen       total 1088512K, used 126435K [0x00000006c6000000, 0x0000000708700000, 0x000000076cb00000)
  object space 1088512K, 11% used [0x00000006c6000000,0x00000006cdb78f98,0x0000000708700000)
 Metaspace       used 102337K, capacity 103342K, committed 104448K, reserved 1136640K
  class space    used 16045K, capacity 16270K, committed 16384K, reserved 1048576K
}
Event: 591.438 GC heap before
{Heap before GC invocations=26 (full 4):
 PSYoungGen      total 375808K, used 331846K [0x000000076cb00000, 0x0000000788300000, 0x00000007c0000000)
  eden space 304640K, 100% used [0x000000076cb00000,0x000000077f480000,0x000000077f480000)
  from space 71168K, 38% used [0x000000077f480000,0x0000000780f11a30,0x0000000783a00000)
  to   space 67584K, 0% used [0x0000000784100000,0x0000000784100000,0x0000000788300000)
 ParOldGen       total 1088512K, used 126435K [0x00000006c6000000, 0x0000000708700000, 0x000000076cb00000)
  object space 1088512K, 11% used [0x00000006c6000000,0x00000006cdb78f98,0x0000000708700000)
 Metaspace       used 102627K, capacity 103590K, committed 104704K, reserved 1138688K
  class space    used 16051K, capacity 16280K, committed 16384K, reserved 1048576K
Event: 591.455 GC heap after
Heap after GC invocations=26 (full 4):
 PSYoungGen      total 372736K, used 23608K [0x000000076cb00000, 0x0000000787b80000, 0x00000007c0000000)
  eden space 312832K, 0% used [0x000000076cb00000,0x000000076cb00000,0x000000077fc80000)
  from space 59904K, 39% used [0x0000000784100000,0x000000078580e060,0x0000000787b80000)
  to   space 65024K, 0% used [0x000000077fc80000,0x000000077fc80000,0x0000000783c00000)
 ParOldGen       total 1088512K, used 126443K [0x00000006c6000000, 0x0000000708700000, 0x000000076cb00000)
  object space 1088512K, 11% used [0x00000006c6000000,0x00000006cdb7af98,0x0000000708700000)
 Metaspace       used 102627K, capacity 103590K, committed 104704K, reserved 1138688K
  class space    used 16051K, capacity 16280K, committed 16384K, reserved 1048576K
}
Event: 614.592 GC heap before
{Heap before GC invocations=27 (full 4):
 PSYoungGen      total 372736K, used 336440K [0x000000076cb00000, 0x0000000787b80000, 0x00000007c0000000)
  eden space 312832K, 100% used [0x000000076cb00000,0x000000077fc80000,0x000000077fc80000)
  from space 59904K, 39% used [0x0000000784100000,0x000000078580e060,0x0000000787b80000)
  to   space 65024K, 0% used [0x000000077fc80000,0x000000077fc80000,0x0000000783c00000)
 ParOldGen       total 1088512K, used 126443K [0x00000006c6000000, 0x0000000708700000, 0x000000076cb00000)
  object space 1088512K, 11% used [0x00000006c6000000,0x00000006cdb7af98,0x0000000708700000)
 Metaspace       used 102909K, capacity 103852K, committed 104960K, reserved 1138688K
  class space    used 16056K, capacity 16281K, committed 16384K, reserved 1048576K
Event: 614.623 GC heap after
Heap after GC invocations=27 (full 4):
 PSYoungGen      total 377856K, used 34712K [0x000000076cb00000, 0x0000000788000000, 0x00000007c0000000)
  eden space 312832K, 0% used [0x000000076cb00000,0x000000076cb00000,0x000000077fc80000)
  from space 65024K, 53% used [0x000000077fc80000,0x0000000781e66060,0x0000000783c00000)
  to   space 63488K, 0% used [0x0000000784200000,0x0000000784200000,0x0000000788000000)
 ParOldGen       total 1088512K, used 126451K [0x00000006c6000000, 0x0000000708700000, 0x000000076cb00000)
  object space 1088512K, 11% used [0x00000006c6000000,0x00000006cdb7cf98,0x0000000708700000)
 Metaspace       used 102909K, capacity 103852K, committed 104960K, reserved 1138688K
  class space    used 16056K, capacity 16281K, committed 16384K, reserved 1048576K
}
Event: 796.636 GC heap before
{Heap before GC invocations=28 (full 4):
 PSYoungGen      total 377856K, used 347544K [0x000000076cb00000, 0x0000000788000000, 0x00000007c0000000)
  eden space 312832K, 100% used [0x000000076cb00000,0x000000077fc80000,0x000000077fc80000)
  from space 65024K, 53% used [0x000000077fc80000,0x0000000781e66060,0x0000000783c00000)
  to   space 63488K, 0% used [0x0000000784200000,0x0000000784200000,0x0000000788000000)
 ParOldGen       total 1088512K, used 126451K [0x00000006c6000000, 0x0000000708700000, 0x000000076cb00000)
  object space 1088512K, 11% used [0x00000006c6000000,0x00000006cdb7cf98,0x0000000708700000)
 Metaspace       used 103097K, capacity 104076K, committed 105216K, reserved 1138688K
  class space    used 16060K, capacity 16313K, committed 16384K, reserved 1048576K
Event: 796.650 GC heap after
Heap after GC invocations=28 (full 4):
 PSYoungGen      total 359424K, used 35681K [0x000000076cb00000, 0x0000000787300000, 0x00000007c0000000)
  eden space 309248K, 0% used [0x000000076cb00000,0x000000076cb00000,0x000000077f900000)
  from space 50176K, 71% used [0x0000000784200000,0x00000007864d84a0,0x0000000787300000)
  to   space 62464K, 0% used [0x000000077f900000,0x000000077f900000,0x0000000783600000)
 ParOldGen       total 1088512K, used 126459K [0x00000006c6000000, 0x0000000708700000, 0x000000076cb00000)
  object space 1088512K, 11% used [0x00000006c6000000,0x00000006cdb7ef98,0x0000000708700000)
 Metaspace       used 103097K, capacity 104076K, committed 105216K, reserved 1138688K
  class space    used 16060K, capacity 16313K, committed 16384K, reserved 1048576K
}

