# JRE version: Java(TM) SE Runtime Environment (8.0_202-b08) (build 1.8.0_202-b08)
# Java VM: Java HotSpot(TM) 64-Bit Server VM (25.202-b08 mixed mode windows-amd64 compressed oops)
Heap:
 PSYoungGen      total 379904K, used 59967K [0x000000076cb00000, 0x0000000786980000, 0x00000007c0000000)
  eden space 343040K, 8% used [0x000000076cb00000,0x000000076e876d40,0x0000000781a00000)
  from space 36864K, 80% used [0x0000000784080000,0x0000000785d99278,0x0000000786480000)
  to   space 39424K, 0% used [0x0000000781a00000,0x0000000781a00000,0x0000000784080000)
 ParOldGen       total 1067520K, used 136343K [0x00000006c6000000, 0x0000000707280000, 0x000000076cb00000)
  object space 1067520K, 12% used [0x00000006c6000000,0x00000006ce525c38,0x0000000707280000)
 Metaspace       used 115253K, capacity 116490K, committed 117632K, reserved 1148928K
  class space    used 17151K, capacity 17428K, committed 17536K, reserved 1048576K
GC Heap History (10 events):
Event: 19286.143 GC heap before
{Heap before GC invocations=86 (full 8):
 PSYoungGen      total 370176K, used 367272K [0x000000076cb00000, 0x0000000785200000, 0x00000007c0000000)
  eden space 346112K, 100% used [0x000000076cb00000,0x0000000781d00000,0x0000000781d00000)
  from space 24064K, 87% used [0x0000000781d00000,0x00000007831aa280,0x0000000783480000)
  to   space 26624K, 0% used [0x0000000783800000,0x0000000783800000,0x0000000785200000)
 ParOldGen       total 1067520K, used 131472K [0x00000006c6000000, 0x0000000707280000, 0x000000076cb00000)
  object space 1067520K, 12% used [0x00000006c6000000,0x00000006ce064000,0x0000000707280000)
 Metaspace       used 115141K, capacity 116420K, committed 117632K, reserved 1148928K
  class space    used 17150K, capacity 17427K, committed 17536K, reserved 1048576K
Event: 19286.151 GC heap after
Heap after GC invocations=86 (full 8):
 PSYoungGen      total 373760K, used 17182K [0x000000076cb00000, 0x0000000785200000, 0x00000007c0000000)
  eden space 347136K, 0% used [0x000000076cb00000,0x000000076cb00000,0x0000000781e00000)
  from space 26624K, 64% used [0x0000000783800000,0x00000007848c7910,0x0000000785200000)
  to   space 26624K, 0% used [0x0000000781e00000,0x0000000781e00000,0x0000000783800000)
 ParOldGen       total 1067520K, used 131480K [0x00000006c6000000, 0x0000000707280000, 0x000000076cb00000)
  object space 1067520K, 12% used [0x00000006c6000000,0x00000006ce066000,0x0000000707280000)
 Metaspace       used 115141K, capacity 116420K, committed 117632K, reserved 1148928K
  class space    used 17150K, capacity 17427K, committed 17536K, reserved 1048576K
}
Event: 19512.922 GC heap before
{Heap before GC invocations=87 (full 8):
 PSYoungGen      total 373760K, used 364318K [0x000000076cb00000, 0x0000000785200000, 0x00000007c0000000)
  eden space 347136K, 100% used [0x000000076cb00000,0x0000000781e00000,0x0000000781e00000)
  from space 26624K, 64% used [0x0000000783800000,0x00000007848c7910,0x0000000785200000)
  to   space 26624K, 0% used [0x0000000781e00000,0x0000000781e00000,0x0000000783800000)
 ParOldGen       total 1067520K, used 131480K [0x00000006c6000000, 0x0000000707280000, 0x000000076cb00000)
  object space 1067520K, 12% used [0x00000006c6000000,0x00000006ce066000,0x0000000707280000)
 Metaspace       used 115187K, capacity 116420K, committed 117632K, reserved 1148928K
  class space    used 17150K, capacity 17427K, committed 17536K, reserved 1048576K
Event: 19512.947 GC heap after
Heap after GC invocations=87 (full 8):
 PSYoungGen      total 373760K, used 26608K [0x000000076cb00000, 0x0000000785d80000, 0x00000007c0000000)
  eden space 347136K, 0% used [0x000000076cb00000,0x000000076cb00000,0x0000000781e00000)
  from space 26624K, 99% used [0x0000000781e00000,0x00000007837fc390,0x0000000783800000)
  to   space 32256K, 0% used [0x0000000783e00000,0x0000000783e00000,0x0000000785d80000)
 ParOldGen       total 1067520K, used 136327K [0x00000006c6000000, 0x0000000707280000, 0x000000076cb00000)
  object space 1067520K, 12% used [0x00000006c6000000,0x00000006ce521c38,0x0000000707280000)
 Metaspace       used 115187K, capacity 116420K, committed 117632K, reserved 1148928K
  class space    used 17150K, capacity 17427K, committed 17536K, reserved 1048576K
}
Event: 19542.905 GC heap before
{Heap before GC invocations=88 (full 8):
 PSYoungGen      total 373760K, used 373744K [0x000000076cb00000, 0x0000000785d80000, 0x00000007c0000000)
  eden space 347136K, 100% used [0x000000076cb00000,0x0000000781e00000,0x0000000781e00000)
  from space 26624K, 99% used [0x0000000781e00000,0x00000007837fc390,0x0000000783800000)
  to   space 32256K, 0% used [0x0000000783e00000,0x0000000783e00000,0x0000000785d80000)
 ParOldGen       total 1067520K, used 136327K [0x00000006c6000000, 0x0000000707280000, 0x000000076cb00000)
  object space 1067520K, 12% used [0x00000006c6000000,0x00000006ce521c38,0x0000000707280000)
 Metaspace       used 115197K, capacity 116420K, committed 117632K, reserved 1148928K
  class space    used 17150K, capacity 17427K, committed 17536K, reserved 1048576K
Event: 19542.926 GC heap after
Heap after GC invocations=88 (full 8):
 PSYoungGen      total 376832K, used 27763K [0x000000076cb00000, 0x0000000786400000, 0x00000007c0000000)
  eden space 344576K, 0% used [0x000000076cb00000,0x000000076cb00000,0x0000000781b80000)
  from space 32256K, 86% used [0x0000000783e00000,0x000000078591cce0,0x0000000785d80000)
  to   space 35328K, 0% used [0x0000000781b80000,0x0000000781b80000,0x0000000783e00000)
 ParOldGen       total 1067520K, used 136335K [0x00000006c6000000, 0x0000000707280000, 0x000000076cb00000)
  object space 1067520K, 12% used [0x00000006c6000000,0x00000006ce523c38,0x0000000707280000)
 Metaspace       used 115197K, capacity 116420K, committed 117632K, reserved 1148928K
  class space    used 17150K, capacity 17427K, committed 17536K, reserved 1048576K
}
Event: 20122.124 GC heap before
{Heap before GC invocations=89 (full 8):
 PSYoungGen      total 376832K, used 372339K [0x000000076cb00000, 0x0000000786400000, 0x00000007c0000000)
  eden space 344576K, 100% used [0x000000076cb00000,0x0000000781b80000,0x0000000781b80000)
  from space 32256K, 86% used [0x0000000783e00000,0x000000078591cce0,0x0000000785d80000)
  to   space 35328K, 0% used [0x0000000781b80000,0x0000000781b80000,0x0000000783e00000)
 ParOldGen       total 1067520K, used 136335K [0x00000006c6000000, 0x0000000707280000, 0x000000076cb00000)
  object space 1067520K, 12% used [0x00000006c6000000,0x00000006ce523c38,0x0000000707280000)
 Metaspace       used 115227K, capacity 116484K, committed 117632K, reserved 1148928K
  class space    used 17150K, capacity 17427K, committed 17536K, reserved 1048576K
Event: 20122.141 GC heap after
Heap after GC invocations=89 (full 8):
 PSYoungGen      total 379904K, used 25350K [0x000000076cb00000, 0x0000000786480000, 0x00000007c0000000)
  eden space 344576K, 0% used [0x000000076cb00000,0x000000076cb00000,0x0000000781b80000)
  from space 35328K, 71% used [0x0000000781b80000,0x0000000783441888,0x0000000783e00000)
  to   space 36864K, 0% used [0x0000000784080000,0x0000000784080000,0x0000000786480000)
 ParOldGen       total 1067520K, used 136335K [0x00000006c6000000, 0x0000000707280000, 0x000000076cb00000)
  object space 1067520K, 12% used [0x00000006c6000000,0x00000006ce523c38,0x0000000707280000)
 Metaspace       used 115227K, capacity 116484K, committed 117632K, reserved 1148928K
  class space    used 17150K, capacity 17427K, committed 17536K, reserved 1048576K
}
Event: 20694.909 GC heap before
{Heap before GC invocations=90 (full 8):
 PSYoungGen      total 379904K, used 369926K [0x000000076cb00000, 0x0000000786480000, 0x00000007c0000000)
  eden space 344576K, 100% used [0x000000076cb00000,0x0000000781b80000,0x0000000781b80000)
  from space 35328K, 71% used [0x0000000781b80000,0x0000000783441888,0x0000000783e00000)
  to   space 36864K, 0% used [0x0000000784080000,0x0000000784080000,0x0000000786480000)
 ParOldGen       total 1067520K, used 136335K [0x00000006c6000000, 0x0000000707280000, 0x000000076cb00000)
  object space 1067520K, 12% used [0x00000006c6000000,0x00000006ce523c38,0x0000000707280000)
 Metaspace       used 115250K, capacity 116490K, committed 117632K, reserved 1148928K
  class space    used 17151K, capacity 17428K, committed 17536K, reserved 1048576K
Event: 20694.949 GC heap after
Heap after GC invocations=90 (full 8):
 PSYoungGen      total 379904K, used 29796K [0x000000076cb00000, 0x0000000786980000, 0x00000007c0000000)
  eden space 343040K, 0% used [0x000000076cb00000,0x000000076cb00000,0x0000000781a00000)
  from space 36864K, 80% used [0x0000000784080000,0x0000000785d99278,0x0000000786480000)
  to   space 39424K, 0% used [0x0000000781a00000,0x0000000781a00000,0x0000000784080000)
 ParOldGen       total 1067520K, used 136343K [0x00000006c6000000, 0x0000000707280000, 0x000000076cb00000)
  object space 1067520K, 12% used [0x00000006c6000000,0x00000006ce525c38,0x0000000707280000)
 Metaspace       used 115250K, capacity 116490K, committed 117632K, reserved 1148928K
  class space    used 17151K, capacity 17428K, committed 17536K, reserved 1048576K
}

