# JRE version: Java(TM) SE Runtime Environment (8.0_202-b08) (build 1.8.0_202-b08)
# Java VM: Java HotSpot(TM) 64-Bit Server VM (25.202-b08 mixed mode windows-amd64 compressed oops)
Heap:
 PSYoungGen      total 368640K, used 86706K [0x000000076cb00000, 0x0000000788e80000, 0x00000007c0000000)
  eden space 281088K, 23% used [0x000000076cb00000,0x0000000770a95998,0x000000077dd80000)
  from space 87552K, 24% used [0x0000000783900000,0x0000000784e170e8,0x0000000788e80000)
  to   space 90624K, 0% used [0x000000077dd80000,0x000000077dd80000,0x0000000783600000)
 ParOldGen       total 1107456K, used 187933K [0x00000006c6000000, 0x0000000709980000, 0x000000076cb00000)
  object space 1107456K, 16% used [0x00000006c6000000,0x00000006d1787668,0x0000000709980000)
 Metaspace       used 109745K, capacity 110826K, committed 111744K, reserved 1144832K
  class space    used 16691K, capacity 16964K, committed 17024K, reserved 1048576K
GC Heap History (10 events):
Event: 66845.348 GC heap before
{Heap before GC invocations=44 (full 4):
 PSYoungGen      total 354816K, used 354402K [0x000000076cb00000, 0x000000078b280000, 0x00000007c0000000)
  eden space 296448K, 100% used [0x000000076cb00000,0x000000077ec80000,0x000000077ec80000)
  from space 58368K, 99% used [0x000000077f000000,0x0000000782898a10,0x0000000782900000)
  to   space 101376K, 0% used [0x0000000784f80000,0x0000000784f80000,0x000000078b280000)
 ParOldGen       total 1107456K, used 146843K [0x00000006c6000000, 0x0000000709980000, 0x000000076cb00000)
  object space 1107456K, 13% used [0x00000006c6000000,0x00000006cef66f50,0x0000000709980000)
 Metaspace       used 109425K, capacity 110522K, committed 111488K, reserved 1144832K
  class space    used 16687K, capacity 16956K, committed 17024K, reserved 1048576K
Event: 66845.367 GC heap after
Heap after GC invocations=44 (full 4):
 PSYoungGen      total 384512K, used 54602K [0x000000076cb00000, 0x000000078a880000, 0x00000007c0000000)
  eden space 293376K, 0% used [0x000000076cb00000,0x000000076cb00000,0x000000077e980000)
  from space 91136K, 59% used [0x0000000784f80000,0x00000007884d2878,0x000000078a880000)
  to   space 97792K, 0% used [0x000000077e980000,0x000000077e980000,0x0000000784900000)
 ParOldGen       total 1107456K, used 149624K [0x00000006c6000000, 0x0000000709980000, 0x000000076cb00000)
  object space 1107456K, 13% used [0x00000006c6000000,0x00000006cf21e1f8,0x0000000709980000)
 Metaspace       used 109425K, capacity 110522K, committed 111488K, reserved 1144832K
  class space    used 16687K, capacity 16956K, committed 17024K, reserved 1048576K
}
Event: 66858.153 GC heap before
{Heap before GC invocations=45 (full 4):
 PSYoungGen      total 384512K, used 347978K [0x000000076cb00000, 0x000000078a880000, 0x00000007c0000000)
  eden space 293376K, 100% used [0x000000076cb00000,0x000000077e980000,0x000000077e980000)
  from space 91136K, 59% used [0x0000000784f80000,0x00000007884d2878,0x000000078a880000)
  to   space 97792K, 0% used [0x000000077e980000,0x000000077e980000,0x0000000784900000)
 ParOldGen       total 1107456K, used 149624K [0x00000006c6000000, 0x0000000709980000, 0x000000076cb00000)
  object space 1107456K, 13% used [0x00000006c6000000,0x00000006cf21e1f8,0x0000000709980000)
 Metaspace       used 109498K, capacity 110592K, committed 111744K, reserved 1144832K
  class space    used 16688K, capacity 16957K, committed 17024K, reserved 1048576K
Event: 66858.172 GC heap after
Heap after GC invocations=45 (full 4):
 PSYoungGen      total 334848K, used 44138K [0x000000076cb00000, 0x0000000789e80000, 0x00000007c0000000)
  eden space 290304K, 0% used [0x000000076cb00000,0x000000076cb00000,0x000000077e680000)
  from space 44544K, 99% used [0x000000077e980000,0x000000078149a890,0x0000000781500000)
  to   space 94208K, 0% used [0x0000000784280000,0x0000000784280000,0x0000000789e80000)
 ParOldGen       total 1107456K, used 156094K [0x00000006c6000000, 0x0000000709980000, 0x000000076cb00000)
  object space 1107456K, 14% used [0x00000006c6000000,0x00000006cf86f8f8,0x0000000709980000)
 Metaspace       used 109498K, capacity 110592K, committed 111744K, reserved 1144832K
  class space    used 16688K, capacity 16957K, committed 17024K, reserved 1048576K
}
Event: 66870.572 GC heap before
{Heap before GC invocations=46 (full 4):
 PSYoungGen      total 334848K, used 334442K [0x000000076cb00000, 0x0000000789e80000, 0x00000007c0000000)
  eden space 290304K, 100% used [0x000000076cb00000,0x000000077e680000,0x000000077e680000)
  from space 44544K, 99% used [0x000000077e980000,0x000000078149a890,0x0000000781500000)
  to   space 94208K, 0% used [0x0000000784280000,0x0000000784280000,0x0000000789e80000)
 ParOldGen       total 1107456K, used 156094K [0x00000006c6000000, 0x0000000709980000, 0x000000076cb00000)
  object space 1107456K, 14% used [0x00000006c6000000,0x00000006cf86f8f8,0x0000000709980000)
 Metaspace       used 109605K, capacity 110720K, committed 111744K, reserved 1144832K
  class space    used 16688K, capacity 16957K, committed 17024K, reserved 1048576K
Event: 66870.590 GC heap after
Heap after GC invocations=46 (full 4):
 PSYoungGen      total 372224K, used 45152K [0x000000076cb00000, 0x0000000789580000, 0x00000007c0000000)
  eden space 287232K, 0% used [0x000000076cb00000,0x000000076cb00000,0x000000077e380000)
  from space 84992K, 53% used [0x0000000784280000,0x0000000786e983d8,0x0000000789580000)
  to   space 91136K, 0% used [0x000000077e380000,0x000000077e380000,0x0000000783c80000)
 ParOldGen       total 1107456K, used 159228K [0x00000006c6000000, 0x0000000709980000, 0x000000076cb00000)
  object space 1107456K, 14% used [0x00000006c6000000,0x00000006cfb7f218,0x0000000709980000)
 Metaspace       used 109605K, capacity 110720K, committed 111744K, reserved 1144832K
  class space    used 16688K, capacity 16957K, committed 17024K, reserved 1048576K
}
Event: 67018.645 GC heap before
{Heap before GC invocations=47 (full 4):
 PSYoungGen      total 372224K, used 332384K [0x000000076cb00000, 0x0000000789580000, 0x00000007c0000000)
  eden space 287232K, 100% used [0x000000076cb00000,0x000000077e380000,0x000000077e380000)
  from space 84992K, 53% used [0x0000000784280000,0x0000000786e983d8,0x0000000789580000)
  to   space 91136K, 0% used [0x000000077e380000,0x000000077e380000,0x0000000783c80000)
 ParOldGen       total 1107456K, used 159228K [0x00000006c6000000, 0x0000000709980000, 0x000000076cb00000)
  object space 1107456K, 14% used [0x00000006c6000000,0x00000006cfb7f218,0x0000000709980000)
 Metaspace       used 109664K, capacity 110762K, committed 111744K, reserved 1144832K
  class space    used 16691K, capacity 16964K, committed 17024K, reserved 1048576K
Event: 67018.664 GC heap after
Heap after GC invocations=47 (full 4):
 PSYoungGen      total 312832K, used 28550K [0x000000076cb00000, 0x0000000789180000, 0x00000007c0000000)
  eden space 284160K, 0% used [0x000000076cb00000,0x000000076cb00000,0x000000077e080000)
  from space 28672K, 99% used [0x000000077e380000,0x000000077ff61a28,0x000000077ff80000)
  to   space 90624K, 0% used [0x0000000783900000,0x0000000783900000,0x0000000789180000)
 ParOldGen       total 1107456K, used 179609K [0x00000006c6000000, 0x0000000709980000, 0x000000076cb00000)
  object space 1107456K, 16% used [0x00000006c6000000,0x00000006d0f66558,0x0000000709980000)
 Metaspace       used 109664K, capacity 110762K, committed 111744K, reserved 1144832K
  class space    used 16691K, capacity 16964K, committed 17024K, reserved 1048576K
}
Event: 67037.314 GC heap before
{Heap before GC invocations=48 (full 4):
 PSYoungGen      total 312832K, used 312710K [0x000000076cb00000, 0x0000000789180000, 0x00000007c0000000)
  eden space 284160K, 100% used [0x000000076cb00000,0x000000077e080000,0x000000077e080000)
  from space 28672K, 99% used [0x000000077e380000,0x000000077ff61a28,0x000000077ff80000)
  to   space 90624K, 0% used [0x0000000783900000,0x0000000783900000,0x0000000789180000)
 ParOldGen       total 1107456K, used 179609K [0x00000006c6000000, 0x0000000709980000, 0x000000076cb00000)
  object space 1107456K, 16% used [0x00000006c6000000,0x00000006d0f66558,0x0000000709980000)
 Metaspace       used 109735K, capacity 110826K, committed 111744K, reserved 1144832K
  class space    used 16691K, capacity 16964K, committed 17024K, reserved 1048576K
Event: 67037.323 GC heap after
Heap after GC invocations=48 (full 4):
 PSYoungGen      total 368640K, used 21596K [0x000000076cb00000, 0x0000000788e80000, 0x00000007c0000000)
  eden space 281088K, 0% used [0x000000076cb00000,0x000000076cb00000,0x000000077dd80000)
  from space 87552K, 24% used [0x0000000783900000,0x0000000784e170e8,0x0000000788e80000)
  to   space 90624K, 0% used [0x000000077dd80000,0x000000077dd80000,0x0000000783600000)
 ParOldGen       total 1107456K, used 187933K [0x00000006c6000000, 0x0000000709980000, 0x000000076cb00000)
  object space 1107456K, 16% used [0x00000006c6000000,0x00000006d1787668,0x0000000709980000)
 Metaspace       used 109735K, capacity 110826K, committed 111744K, reserved 1144832K
  class space    used 16691K, capacity 16964K, committed 17024K, reserved 1048576K
}

