# JRE version: Java(TM) SE Runtime Environment (8.0_202-b08) (build 1.8.0_202-b08)
# Java VM: Java HotSpot(TM) 64-Bit Server VM (25.202-b08 mixed mode windows-amd64 compressed oops)
Heap:
 PSYoungGen      total 394752K, used 225223K [0x000000076cb00000, 0x000000078a080000, 0x00000007c0000000)
  eden space 352768K, 52% used [0x000000076cb00000,0x0000000777e4eba8,0x0000000782380000)
  from space 41984K, 99% used [0x0000000782880000,0x00000007851233d0,0x0000000785180000)
  to   space 64000K, 0% used [0x0000000786200000,0x0000000786200000,0x000000078a080000)
 ParOldGen       total 1048576K, used 164858K [0x00000006c6000000, 0x0000000706000000, 0x000000076cb00000)
  object space 1048576K, 15% used [0x00000006c6000000,0x00000006d00feb50,0x0000000706000000)
 Metaspace       used 111434K, capacity 112620K, committed 113408K, reserved 1144832K
  class space    used 16796K, capacity 17065K, committed 17152K, reserved 1048576K
GC Heap History (10 events):
Event: 1045.979 GC heap before
{Heap before GC invocations=35 (full 4):
 PSYoungGen      total 445440K, used 424991K [0x000000076cb00000, 0x000000078cd00000, 0x00000007c0000000)
  eden space 378880K, 100% used [0x000000076cb00000,0x0000000783d00000,0x0000000783d00000)
  from space 66560K, 69% used [0x0000000788c00000,0x000000078b907d20,0x000000078cd00000)
  to   space 73728K, 0% used [0x0000000783d00000,0x0000000783d00000,0x0000000788500000)
 ParOldGen       total 1048576K, used 142618K [0x00000006c6000000, 0x0000000706000000, 0x000000076cb00000)
  object space 1048576K, 13% used [0x00000006c6000000,0x00000006ceb46938,0x0000000706000000)
 Metaspace       used 110747K, capacity 111862K, committed 112512K, reserved 1144832K
  class space    used 16771K, capacity 17020K, committed 17024K, reserved 1048576K
Event: 1045.998 GC heap after
Heap after GC invocations=35 (full 4):
 PSYoungGen      total 421888K, used 48415K [0x000000076cb00000, 0x000000078c680000, 0x00000007c0000000)
  eden space 373248K, 0% used [0x000000076cb00000,0x000000076cb00000,0x0000000783780000)
  from space 48640K, 99% used [0x0000000783d00000,0x0000000786c47d10,0x0000000786c80000)
  to   space 73216K, 0% used [0x0000000787f00000,0x0000000787f00000,0x000000078c680000)
 ParOldGen       total 1048576K, used 142626K [0x00000006c6000000, 0x0000000706000000, 0x000000076cb00000)
  object space 1048576K, 13% used [0x00000006c6000000,0x00000006ceb48938,0x0000000706000000)
 Metaspace       used 110747K, capacity 111862K, committed 112512K, reserved 1144832K
  class space    used 16771K, capacity 17020K, committed 17024K, reserved 1048576K
}
Event: 1433.117 GC heap before
{Heap before GC invocations=36 (full 4):
 PSYoungGen      total 421888K, used 421663K [0x000000076cb00000, 0x000000078c680000, 0x00000007c0000000)
  eden space 373248K, 100% used [0x000000076cb00000,0x0000000783780000,0x0000000783780000)
  from space 48640K, 99% used [0x0000000783d00000,0x0000000786c47d10,0x0000000786c80000)
  to   space 73216K, 0% used [0x0000000787f00000,0x0000000787f00000,0x000000078c680000)
 ParOldGen       total 1048576K, used 142626K [0x00000006c6000000, 0x0000000706000000, 0x000000076cb00000)
  object space 1048576K, 13% used [0x00000006c6000000,0x00000006ceb48938,0x0000000706000000)
 Metaspace       used 110810K, capacity 112000K, committed 112768K, reserved 1144832K
  class space    used 16771K, capacity 17021K, committed 17024K, reserved 1048576K
Event: 1433.136 GC heap after
Heap after GC invocations=36 (full 4):
 PSYoungGen      total 431104K, used 37580K [0x000000076cb00000, 0x000000078bc80000, 0x00000007c0000000)
  eden space 368128K, 0% used [0x000000076cb00000,0x000000076cb00000,0x0000000783280000)
  from space 62976K, 59% used [0x0000000787f00000,0x000000078a3b3248,0x000000078bc80000)
  to   space 70656K, 0% used [0x0000000783280000,0x0000000783280000,0x0000000787780000)
 ParOldGen       total 1048576K, used 153935K [0x00000006c6000000, 0x0000000706000000, 0x000000076cb00000)
  object space 1048576K, 14% used [0x00000006c6000000,0x00000006cf653f20,0x0000000706000000)
 Metaspace       used 110810K, capacity 112000K, committed 112768K, reserved 1144832K
  class space    used 16771K, capacity 17021K, committed 17024K, reserved 1048576K
}
Event: 1468.903 GC heap before
{Heap before GC invocations=37 (full 4):
 PSYoungGen      total 431104K, used 405708K [0x000000076cb00000, 0x000000078bc80000, 0x00000007c0000000)
  eden space 368128K, 100% used [0x000000076cb00000,0x0000000783280000,0x0000000783280000)
  from space 62976K, 59% used [0x0000000787f00000,0x000000078a3b3248,0x000000078bc80000)
  to   space 70656K, 0% used [0x0000000783280000,0x0000000783280000,0x0000000787780000)
 ParOldGen       total 1048576K, used 153935K [0x00000006c6000000, 0x0000000706000000, 0x000000076cb00000)
  object space 1048576K, 14% used [0x00000006c6000000,0x00000006cf653f20,0x0000000706000000)
 Metaspace       used 110923K, capacity 112040K, committed 112896K, reserved 1144832K
  class space    used 16775K, capacity 17027K, committed 17152K, reserved 1048576K
Event: 1468.928 GC heap after
Heap after GC invocations=37 (full 4):
 PSYoungGen      total 402944K, used 39574K [0x000000076cb00000, 0x000000078b280000, 0x00000007c0000000)
  eden space 363008K, 0% used [0x000000076cb00000,0x000000076cb00000,0x0000000782d80000)
  from space 39936K, 99% used [0x0000000783280000,0x0000000785925b70,0x0000000785980000)
  to   space 68096K, 0% used [0x0000000787000000,0x0000000787000000,0x000000078b280000)
 ParOldGen       total 1048576K, used 159299K [0x00000006c6000000, 0x0000000706000000, 0x000000076cb00000)
  object space 1048576K, 15% used [0x00000006c6000000,0x00000006cfb90f68,0x0000000706000000)
 Metaspace       used 110923K, capacity 112040K, committed 112896K, reserved 1144832K
  class space    used 16775K, capacity 17027K, committed 17152K, reserved 1048576K
}
Event: 1502.454 GC heap before
{Heap before GC invocations=38 (full 4):
 PSYoungGen      total 402944K, used 402582K [0x000000076cb00000, 0x000000078b280000, 0x00000007c0000000)
  eden space 363008K, 100% used [0x000000076cb00000,0x0000000782d80000,0x0000000782d80000)
  from space 39936K, 99% used [0x0000000783280000,0x0000000785925b70,0x0000000785980000)
  to   space 68096K, 0% used [0x0000000787000000,0x0000000787000000,0x000000078b280000)
 ParOldGen       total 1048576K, used 159299K [0x00000006c6000000, 0x0000000706000000, 0x000000076cb00000)
  object space 1048576K, 15% used [0x00000006c6000000,0x00000006cfb90f68,0x0000000706000000)
 Metaspace       used 111017K, capacity 112168K, committed 112896K, reserved 1144832K
  class space    used 16775K, capacity 17027K, committed 17152K, reserved 1048576K
Event: 1502.467 GC heap after
Heap after GC invocations=38 (full 4):
 PSYoungGen      total 417792K, used 36379K [0x000000076cb00000, 0x000000078aa80000, 0x00000007c0000000)
  eden space 357888K, 0% used [0x000000076cb00000,0x000000076cb00000,0x0000000782880000)
  from space 59904K, 60% used [0x0000000787000000,0x0000000789386f68,0x000000078aa80000)
  to   space 66560K, 0% used [0x0000000782880000,0x0000000782880000,0x0000000786980000)
 ParOldGen       total 1048576K, used 163131K [0x00000006c6000000, 0x0000000706000000, 0x000000076cb00000)
  object space 1048576K, 15% used [0x00000006c6000000,0x00000006cff4ec10,0x0000000706000000)
 Metaspace       used 111017K, capacity 112168K, committed 112896K, reserved 1144832K
  class space    used 16775K, capacity 17027K, committed 17152K, reserved 1048576K
}
Event: 1922.203 GC heap before
{Heap before GC invocations=39 (full 4):
 PSYoungGen      total 417792K, used 394267K [0x000000076cb00000, 0x000000078aa80000, 0x00000007c0000000)
  eden space 357888K, 100% used [0x000000076cb00000,0x0000000782880000,0x0000000782880000)
  from space 59904K, 60% used [0x0000000787000000,0x0000000789386f68,0x000000078aa80000)
  to   space 66560K, 0% used [0x0000000782880000,0x0000000782880000,0x0000000786980000)
 ParOldGen       total 1048576K, used 163131K [0x00000006c6000000, 0x0000000706000000, 0x000000076cb00000)
  object space 1048576K, 15% used [0x00000006c6000000,0x00000006cff4ec10,0x0000000706000000)
 Metaspace       used 111186K, capacity 112360K, committed 113152K, reserved 1144832K
  class space    used 16775K, capacity 17027K, committed 17152K, reserved 1048576K
Event: 1922.217 GC heap after
Heap after GC invocations=39 (full 4):
 PSYoungGen      total 394752K, used 41612K [0x000000076cb00000, 0x000000078a080000, 0x00000007c0000000)
  eden space 352768K, 0% used [0x000000076cb00000,0x000000076cb00000,0x0000000782380000)
  from space 41984K, 99% used [0x0000000782880000,0x00000007851233d0,0x0000000785180000)
  to   space 64000K, 0% used [0x0000000786200000,0x0000000786200000,0x000000078a080000)
 ParOldGen       total 1048576K, used 164858K [0x00000006c6000000, 0x0000000706000000, 0x000000076cb00000)
  object space 1048576K, 15% used [0x00000006c6000000,0x00000006d00feb50,0x0000000706000000)
 Metaspace       used 111186K, capacity 112360K, committed 113152K, reserved 1144832K
  class space    used 16775K, capacity 17027K, committed 17152K, reserved 1048576K
}

