# JRE version: Java(TM) SE Runtime Environment (8.0_202-b08) (build 1.8.0_202-b08)
# Java VM: Java HotSpot(TM) 64-Bit Server VM (25.202-b08 mixed mode windows-amd64 compressed oops)
Heap:
 PSYoungGen      total 347136K, used 197629K [0x000000076cb00000, 0x0000000786380000, 0x00000007c0000000)
  eden space 284160K, 54% used [0x000000076cb00000,0x00000007762f7dd8,0x000000077e080000)
  from space 62976K, 66% used [0x0000000782600000,0x0000000784f07838,0x0000000786380000)
  to   space 67072K, 0% used [0x000000077e080000,0x000000077e080000,0x0000000782200000)
 ParOldGen       total 716800K, used 172721K [0x00000006c6000000, 0x00000006f1c00000, 0x000000076cb00000)
  object space 716800K, 24% used [0x00000006c6000000,0x00000006d08ac410,0x00000006f1c00000)
 Metaspace       used 106837K, capacity 107920K, committed 108672K, reserved 1140736K
  class space    used 16410K, capacity 16667K, committed 16768K, reserved 1048576K
GC Heap History (10 events):
Event: 1342.939 GC heap before
{Heap before GC invocations=36 (full 4):
 PSYoungGen      total 335360K, used 335212K [0x000000076cb00000, 0x0000000787780000, 0x00000007c0000000)
  eden space 309760K, 100% used [0x000000076cb00000,0x000000077f980000,0x000000077f980000)
  from space 25600K, 99% used [0x000000077ff00000,0x00000007817db008,0x0000000781800000)
  to   space 64512K, 0% used [0x0000000783880000,0x0000000783880000,0x0000000787780000)
 ParOldGen       total 716800K, used 162889K [0x00000006c6000000, 0x00000006f1c00000, 0x000000076cb00000)
  object space 716800K, 22% used [0x00000006c6000000,0x00000006cff12738,0x00000006f1c00000)
 Metaspace       used 106407K, capacity 107506K, committed 108416K, reserved 1140736K
  class space    used 16400K, capacity 16652K, committed 16768K, reserved 1048576K
Event: 1342.950 GC heap after
Heap after GC invocations=36 (full 4):
 PSYoungGen      total 358912K, used 32207K [0x000000076cb00000, 0x0000000786e00000, 0x00000007c0000000)
  eden space 304128K, 0% used [0x000000076cb00000,0x000000076cb00000,0x000000077f400000)
  from space 54784K, 58% used [0x0000000783880000,0x00000007857f3f90,0x0000000786e00000)
  to   space 62464K, 0% used [0x000000077f400000,0x000000077f400000,0x0000000783100000)
 ParOldGen       total 716800K, used 162897K [0x00000006c6000000, 0x00000006f1c00000, 0x000000076cb00000)
  object space 716800K, 22% used [0x00000006c6000000,0x00000006cff14738,0x00000006f1c00000)
 Metaspace       used 106407K, capacity 107506K, committed 108416K, reserved 1140736K
  class space    used 16400K, capacity 16652K, committed 16768K, reserved 1048576K
}
Event: 1358.457 GC heap before
{Heap before GC invocations=37 (full 4):
 PSYoungGen      total 358912K, used 336335K [0x000000076cb00000, 0x0000000786e00000, 0x00000007c0000000)
  eden space 304128K, 100% used [0x000000076cb00000,0x000000077f400000,0x000000077f400000)
  from space 54784K, 58% used [0x0000000783880000,0x00000007857f3f90,0x0000000786e00000)
  to   space 62464K, 0% used [0x000000077f400000,0x000000077f400000,0x0000000783100000)
 ParOldGen       total 716800K, used 162897K [0x00000006c6000000, 0x00000006f1c00000, 0x000000076cb00000)
  object space 716800K, 22% used [0x00000006c6000000,0x00000006cff14738,0x00000006f1c00000)
 Metaspace       used 106504K, capacity 107576K, committed 108416K, reserved 1140736K
  class space    used 16400K, capacity 16653K, committed 16768K, reserved 1048576K
Event: 1358.466 GC heap after
Heap after GC invocations=37 (full 4):
 PSYoungGen      total 322048K, used 22932K [0x000000076cb00000, 0x0000000786400000, 0x00000007c0000000)
  eden space 299008K, 0% used [0x000000076cb00000,0x000000076cb00000,0x000000077ef00000)
  from space 23040K, 99% used [0x000000077f400000,0x0000000780a65318,0x0000000780a80000)
  to   space 59904K, 0% used [0x0000000782980000,0x0000000782980000,0x0000000786400000)
 ParOldGen       total 716800K, used 169041K [0x00000006c6000000, 0x00000006f1c00000, 0x000000076cb00000)
  object space 716800K, 23% used [0x00000006c6000000,0x00000006d05146b0,0x00000006f1c00000)
 Metaspace       used 106504K, capacity 107576K, committed 108416K, reserved 1140736K
  class space    used 16400K, capacity 16653K, committed 16768K, reserved 1048576K
}
Event: 1676.756 GC heap before
{Heap before GC invocations=38 (full 4):
 PSYoungGen      total 322048K, used 321940K [0x000000076cb00000, 0x0000000786400000, 0x00000007c0000000)
  eden space 299008K, 100% used [0x000000076cb00000,0x000000077ef00000,0x000000077ef00000)
  from space 23040K, 99% used [0x000000077f400000,0x0000000780a65318,0x0000000780a80000)
  to   space 59904K, 0% used [0x0000000782980000,0x0000000782980000,0x0000000786400000)
 ParOldGen       total 716800K, used 169041K [0x00000006c6000000, 0x00000006f1c00000, 0x000000076cb00000)
  object space 716800K, 23% used [0x00000006c6000000,0x00000006d05146b0,0x00000006f1c00000)
 Metaspace       used 106598K, capacity 107682K, committed 108416K, reserved 1140736K
  class space    used 16406K, capacity 16660K, committed 16768K, reserved 1048576K
Event: 1676.769 GC heap after
Heap after GC invocations=38 (full 4):
 PSYoungGen      total 353792K, used 44428K [0x000000076cb00000, 0x0000000786500000, 0x00000007c0000000)
  eden space 293888K, 0% used [0x000000076cb00000,0x000000076cb00000,0x000000077ea00000)
  from space 59904K, 74% used [0x0000000782980000,0x00000007854e31e0,0x0000000786400000)
  to   space 62976K, 0% used [0x000000077ea00000,0x000000077ea00000,0x0000000782780000)
 ParOldGen       total 716800K, used 172521K [0x00000006c6000000, 0x00000006f1c00000, 0x000000076cb00000)
  object space 716800K, 24% used [0x00000006c6000000,0x00000006d087a410,0x00000006f1c00000)
 Metaspace       used 106598K, capacity 107682K, committed 108416K, reserved 1140736K
  class space    used 16406K, capacity 16660K, committed 16768K, reserved 1048576K
}
Event: 1808.804 GC heap before
{Heap before GC invocations=39 (full 4):
 PSYoungGen      total 353792K, used 338316K [0x000000076cb00000, 0x0000000786500000, 0x00000007c0000000)
  eden space 293888K, 100% used [0x000000076cb00000,0x000000077ea00000,0x000000077ea00000)
  from space 59904K, 74% used [0x0000000782980000,0x00000007854e31e0,0x0000000786400000)
  to   space 62976K, 0% used [0x000000077ea00000,0x000000077ea00000,0x0000000782780000)
 ParOldGen       total 716800K, used 172521K [0x00000006c6000000, 0x00000006f1c00000, 0x000000076cb00000)
  object space 716800K, 24% used [0x00000006c6000000,0x00000006d087a410,0x00000006f1c00000)
 Metaspace       used 106657K, capacity 107746K, committed 108672K, reserved 1140736K
  class space    used 16406K, capacity 16660K, committed 16768K, reserved 1048576K
Event: 1808.818 GC heap after
Heap after GC invocations=39 (full 4):
 PSYoungGen      total 337408K, used 48247K [0x000000076cb00000, 0x0000000786700000, 0x00000007c0000000)
  eden space 288768K, 0% used [0x000000076cb00000,0x000000076cb00000,0x000000077e500000)
  from space 48640K, 99% used [0x000000077ea00000,0x000000078191de18,0x0000000781980000)
  to   space 66560K, 0% used [0x0000000782600000,0x0000000782600000,0x0000000786700000)
 ParOldGen       total 716800K, used 172625K [0x00000006c6000000, 0x00000006f1c00000, 0x000000076cb00000)
  object space 716800K, 24% used [0x00000006c6000000,0x00000006d0894410,0x00000006f1c00000)
 Metaspace       used 106657K, capacity 107746K, committed 108672K, reserved 1140736K
  class space    used 16406K, capacity 16660K, committed 16768K, reserved 1048576K
}
Event: 1953.501 GC heap before
{Heap before GC invocations=40 (full 4):
 PSYoungGen      total 337408K, used 337015K [0x000000076cb00000, 0x0000000786700000, 0x00000007c0000000)
  eden space 288768K, 100% used [0x000000076cb00000,0x000000077e500000,0x000000077e500000)
  from space 48640K, 99% used [0x000000077ea00000,0x000000078191de18,0x0000000781980000)
  to   space 66560K, 0% used [0x0000000782600000,0x0000000782600000,0x0000000786700000)
 ParOldGen       total 716800K, used 172625K [0x00000006c6000000, 0x00000006f1c00000, 0x000000076cb00000)
  object space 716800K, 24% used [0x00000006c6000000,0x00000006d0894410,0x00000006f1c00000)
 Metaspace       used 106814K, capacity 107856K, committed 108672K, reserved 1140736K
  class space    used 16410K, capacity 16667K, committed 16768K, reserved 1048576K
Event: 1953.516 GC heap after
Heap after GC invocations=40 (full 4):
 PSYoungGen      total 347136K, used 42014K [0x000000076cb00000, 0x0000000786380000, 0x00000007c0000000)
  eden space 284160K, 0% used [0x000000076cb00000,0x000000076cb00000,0x000000077e080000)
  from space 62976K, 66% used [0x0000000782600000,0x0000000784f07838,0x0000000786380000)
  to   space 67072K, 0% used [0x000000077e080000,0x000000077e080000,0x0000000782200000)
 ParOldGen       total 716800K, used 172721K [0x00000006c6000000, 0x00000006f1c00000, 0x000000076cb00000)
  object space 716800K, 24% used [0x00000006c6000000,0x00000006d08ac410,0x00000006f1c00000)
 Metaspace       used 106814K, capacity 107856K, committed 108672K, reserved 1140736K
  class space    used 16410K, capacity 16667K, committed 16768K, reserved 1048576K
}

