# JRE version: Java(TM) SE Runtime Environment (8.0_202-b08) (build 1.8.0_202-b08)
# Java VM: Java HotSpot(TM) 64-Bit Server VM (25.202-b08 mixed mode windows-amd64 compressed oops)
Heap:
 PSYoungGen      total 471040K, used 294356K [0x000000076cb00000, 0x000000078c880000, 0x00000007c0000000)
  eden space 429568K, 63% used [0x000000076cb00000,0x000000077d5ce9e0,0x0000000786e80000)
  from space 41472K, 50% used [0x000000078a000000,0x000000078b4a68a0,0x000000078c880000)
  to   space 46080K, 0% used [0x0000000786e80000,0x0000000786e80000,0x0000000789b80000)
 ParOldGen       total 562176K, used 128944K [0x00000006c6000000, 0x00000006e8500000, 0x000000076cb00000)
  object space 562176K, 22% used [0x00000006c6000000,0x00000006cddec2d0,0x00000006e8500000)
 Metaspace       used 107348K, capacity 108416K, committed 109184K, reserved 1142784K
  class space    used 16449K, capacity 16713K, committed 16768K, reserved 1048576K
GC Heap History (10 events):
Event: 939.078 GC heap before
{Heap before GC invocations=30 (full 4):
 PSYoungGen      total 440320K, used 401378K [0x000000076cb00000, 0x000000078ca00000, 0x00000007c0000000)
  eden space 379904K, 100% used [0x000000076cb00000,0x0000000783e00000,0x0000000783e00000)
  from space 60416K, 35% used [0x0000000783e00000,0x00000007852f8860,0x0000000787900000)
  to   space 57344K, 0% used [0x0000000789200000,0x0000000789200000,0x000000078ca00000)
 ParOldGen       total 562176K, used 128904K [0x00000006c6000000, 0x00000006e8500000, 0x000000076cb00000)
  object space 562176K, 22% used [0x00000006c6000000,0x00000006cdde22d0,0x00000006e8500000)
 Metaspace       used 106499K, capacity 107578K, committed 108416K, reserved 1140736K
  class space    used 16435K, capacity 16712K, committed 16768K, reserved 1048576K
Event: 939.108 GC heap after
Heap after GC invocations=30 (full 4):
 PSYoungGen      total 450560K, used 18885K [0x000000076cb00000, 0x000000078c080000, 0x00000007c0000000)
  eden space 402944K, 0% used [0x000000076cb00000,0x000000076cb00000,0x0000000785480000)
  from space 47616K, 39% used [0x0000000789200000,0x000000078a4716d0,0x000000078c080000)
  to   space 55296K, 0% used [0x0000000785480000,0x0000000785480000,0x0000000788a80000)
 ParOldGen       total 562176K, used 128912K [0x00000006c6000000, 0x00000006e8500000, 0x000000076cb00000)
  object space 562176K, 22% used [0x00000006c6000000,0x00000006cdde42d0,0x00000006e8500000)
 Metaspace       used 106499K, capacity 107578K, committed 108416K, reserved 1140736K
  class space    used 16435K, capacity 16712K, committed 16768K, reserved 1048576K
}
Event: 1286.119 GC heap before
{Heap before GC invocations=31 (full 4):
 PSYoungGen      total 450560K, used 421829K [0x000000076cb00000, 0x000000078c080000, 0x00000007c0000000)
  eden space 402944K, 100% used [0x000000076cb00000,0x0000000785480000,0x0000000785480000)
  from space 47616K, 39% used [0x0000000789200000,0x000000078a4716d0,0x000000078c080000)
  to   space 55296K, 0% used [0x0000000785480000,0x0000000785480000,0x0000000788a80000)
 ParOldGen       total 562176K, used 128912K [0x00000006c6000000, 0x00000006e8500000, 0x000000076cb00000)
  object space 562176K, 22% used [0x00000006c6000000,0x00000006cdde42d0,0x00000006e8500000)
 Metaspace       used 106750K, capacity 107834K, committed 108672K, reserved 1140736K
  class space    used 16443K, capacity 16712K, committed 16768K, reserved 1048576K
Event: 1286.156 GC heap after
Heap after GC invocations=31 (full 4):
 PSYoungGen      total 458240K, used 19685K [0x000000076cb00000, 0x000000078ce80000, 0x00000007c0000000)
  eden space 402944K, 0% used [0x000000076cb00000,0x000000076cb00000,0x0000000785480000)
  from space 55296K, 35% used [0x0000000785480000,0x00000007867b96d0,0x0000000788a80000)
  to   space 52736K, 0% used [0x0000000789b00000,0x0000000789b00000,0x000000078ce80000)
 ParOldGen       total 562176K, used 128920K [0x00000006c6000000, 0x00000006e8500000, 0x000000076cb00000)
  object space 562176K, 22% used [0x00000006c6000000,0x00000006cdde62d0,0x00000006e8500000)
 Metaspace       used 106750K, capacity 107834K, committed 108672K, reserved 1140736K
  class space    used 16443K, capacity 16712K, committed 16768K, reserved 1048576K
}
Event: 1401.880 GC heap before
{Heap before GC invocations=32 (full 4):
 PSYoungGen      total 458240K, used 422629K [0x000000076cb00000, 0x000000078ce80000, 0x00000007c0000000)
  eden space 402944K, 100% used [0x000000076cb00000,0x0000000785480000,0x0000000785480000)
  from space 55296K, 35% used [0x0000000785480000,0x00000007867b96d0,0x0000000788a80000)
  to   space 52736K, 0% used [0x0000000789b00000,0x0000000789b00000,0x000000078ce80000)
 ParOldGen       total 562176K, used 128920K [0x00000006c6000000, 0x00000006e8500000, 0x000000076cb00000)
  object space 562176K, 22% used [0x00000006c6000000,0x00000006cdde62d0,0x00000006e8500000)
 Metaspace       used 106874K, capacity 107898K, committed 108672K, reserved 1140736K
  class space    used 16443K, capacity 16712K, committed 16768K, reserved 1048576K
Event: 1401.913 GC heap after
Heap after GC invocations=32 (full 4):
 PSYoungGen      total 463872K, used 19642K [0x000000076cb00000, 0x000000078c700000, 0x00000007c0000000)
  eden space 418816K, 0% used [0x000000076cb00000,0x000000076cb00000,0x0000000786400000)
  from space 45056K, 43% used [0x0000000789b00000,0x000000078ae2e8a0,0x000000078c700000)
  to   space 50688K, 0% used [0x0000000786400000,0x0000000786400000,0x0000000789580000)
 ParOldGen       total 562176K, used 128928K [0x00000006c6000000, 0x00000006e8500000, 0x000000076cb00000)
  object space 562176K, 22% used [0x00000006c6000000,0x00000006cdde82d0,0x00000006e8500000)
 Metaspace       used 106874K, capacity 107898K, committed 108672K, reserved 1140736K
  class space    used 16443K, capacity 16712K, committed 16768K, reserved 1048576K
}
Event: 1600.512 GC heap before
{Heap before GC invocations=33 (full 4):
 PSYoungGen      total 463872K, used 438458K [0x000000076cb00000, 0x000000078c700000, 0x00000007c0000000)
  eden space 418816K, 100% used [0x000000076cb00000,0x0000000786400000,0x0000000786400000)
  from space 45056K, 43% used [0x0000000789b00000,0x000000078ae2e8a0,0x000000078c700000)
  to   space 50688K, 0% used [0x0000000786400000,0x0000000786400000,0x0000000789580000)
 ParOldGen       total 562176K, used 128928K [0x00000006c6000000, 0x00000006e8500000, 0x000000076cb00000)
  object space 562176K, 22% used [0x00000006c6000000,0x00000006cdde82d0,0x00000006e8500000)
 Metaspace       used 107094K, capacity 108154K, committed 108928K, reserved 1140736K
  class space    used 16444K, capacity 16712K, committed 16768K, reserved 1048576K
Event: 1600.531 GC heap after
Heap after GC invocations=33 (full 4):
 PSYoungGen      total 469504K, used 19429K [0x000000076cb00000, 0x000000078cf80000, 0x00000007c0000000)
  eden space 418816K, 0% used [0x000000076cb00000,0x000000076cb00000,0x0000000786400000)
  from space 50688K, 38% used [0x0000000786400000,0x00000007876f96d0,0x0000000789580000)
  to   space 48640K, 0% used [0x000000078a000000,0x000000078a000000,0x000000078cf80000)
 ParOldGen       total 562176K, used 128936K [0x00000006c6000000, 0x00000006e8500000, 0x000000076cb00000)
  object space 562176K, 22% used [0x00000006c6000000,0x00000006cddea2d0,0x00000006e8500000)
 Metaspace       used 107094K, capacity 108154K, committed 108928K, reserved 1140736K
  class space    used 16444K, capacity 16712K, committed 16768K, reserved 1048576K
}
Event: 1649.937 GC heap before
{Heap before GC invocations=34 (full 4):
 PSYoungGen      total 469504K, used 438245K [0x000000076cb00000, 0x000000078cf80000, 0x00000007c0000000)
  eden space 418816K, 100% used [0x000000076cb00000,0x0000000786400000,0x0000000786400000)
  from space 50688K, 38% used [0x0000000786400000,0x00000007876f96d0,0x0000000789580000)
  to   space 48640K, 0% used [0x000000078a000000,0x000000078a000000,0x000000078cf80000)
 ParOldGen       total 562176K, used 128936K [0x00000006c6000000, 0x00000006e8500000, 0x000000076cb00000)
  object space 562176K, 22% used [0x00000006c6000000,0x00000006cddea2d0,0x00000006e8500000)
 Metaspace       used 107291K, capacity 108282K, committed 109184K, reserved 1142784K
  class space    used 16448K, capacity 16712K, committed 16768K, reserved 1048576K
Event: 1649.980 GC heap after
Heap after GC invocations=34 (full 4):
 PSYoungGen      total 471040K, used 21146K [0x000000076cb00000, 0x000000078c880000, 0x00000007c0000000)
  eden space 429568K, 0% used [0x000000076cb00000,0x000000076cb00000,0x0000000786e80000)
  from space 41472K, 50% used [0x000000078a000000,0x000000078b4a68a0,0x000000078c880000)
  to   space 46080K, 0% used [0x0000000786e80000,0x0000000786e80000,0x0000000789b80000)
 ParOldGen       total 562176K, used 128944K [0x00000006c6000000, 0x00000006e8500000, 0x000000076cb00000)
  object space 562176K, 22% used [0x00000006c6000000,0x00000006cddec2d0,0x00000006e8500000)
 Metaspace       used 107291K, capacity 108282K, committed 109184K, reserved 1142784K
  class space    used 16448K, capacity 16712K, committed 16768K, reserved 1048576K
}

