# JRE version: Java(TM) SE Runtime Environment (8.0_202-b08) (build 1.8.0_202-b08)
# Java VM: Java HotSpot(TM) 64-Bit Server VM (25.202-b08 mixed mode windows-amd64 compressed oops)
Heap:
 PSYoungGen      total 222720K, used 123144K [0x000000076cb00000, 0x000000077dd80000, 0x00000007c0000000)
  eden space 167424K, 65% used [0x000000076cb00000,0x0000000773581f10,0x0000000776e80000)
  from space 55296K, 25% used [0x000000077a780000,0x000000077b540308,0x000000077dd80000)
  to   space 56832K, 0% used [0x0000000776e80000,0x0000000776e80000,0x000000077a600000)
 ParOldGen       total 1086464K, used 210414K [0x00000006c6000000, 0x0000000708500000, 0x000000076cb00000)
  object space 1086464K, 19% used [0x00000006c6000000,0x00000006d2d7bb58,0x0000000708500000)
 Metaspace       used 112208K, capacity 113534K, committed 114176K, reserved 1146880K
  class space    used 16774K, capacity 17094K, committed 17152K, reserved 1048576K
GC Heap History (10 events):
Event: 46425.747 GC heap before
{Heap before GC invocations=68 (full 4):
 PSYoungGen      total 196096K, used 195976K [0x000000076cb00000, 0x000000077ee80000, 0x00000007c0000000)
  eden space 172544K, 100% used [0x000000076cb00000,0x0000000777380000,0x0000000777380000)
  from space 23552K, 99% used [0x0000000777480000,0x0000000778b62060,0x0000000778b80000)
  to   space 62976K, 0% used [0x000000077b100000,0x000000077b100000,0x000000077ee80000)
 ParOldGen       total 1086464K, used 204292K [0x00000006c6000000, 0x0000000708500000, 0x000000076cb00000)
  object space 1086464K, 18% used [0x00000006c6000000,0x00000006d2781058,0x0000000708500000)
 Metaspace       used 112037K, capacity 113306K, committed 114176K, reserved 1146880K
  class space    used 16770K, capacity 17088K, committed 17152K, reserved 1048576K
Event: 46425.755 GC heap after
Heap after GC invocations=68 (full 4):
 PSYoungGen      total 231424K, used 17894K [0x000000076cb00000, 0x000000077eb80000, 0x00000007c0000000)
  eden space 171520K, 0% used [0x000000076cb00000,0x000000076cb00000,0x0000000777280000)
  from space 59904K, 29% used [0x000000077b100000,0x000000077c2799d0,0x000000077eb80000)
  to   space 61952K, 0% used [0x0000000777280000,0x0000000777280000,0x000000077af00000)
 ParOldGen       total 1086464K, used 205528K [0x00000006c6000000, 0x0000000708500000, 0x000000076cb00000)
  object space 1086464K, 18% used [0x00000006c6000000,0x00000006d28b63e0,0x0000000708500000)
 Metaspace       used 112037K, capacity 113306K, committed 114176K, reserved 1146880K
  class space    used 16770K, capacity 17088K, committed 17152K, reserved 1048576K
}
Event: 46529.766 GC heap before
{Heap before GC invocations=69 (full 4):
 PSYoungGen      total 231424K, used 189414K [0x000000076cb00000, 0x000000077eb80000, 0x00000007c0000000)
  eden space 171520K, 100% used [0x000000076cb00000,0x0000000777280000,0x0000000777280000)
  from space 59904K, 29% used [0x000000077b100000,0x000000077c2799d0,0x000000077eb80000)
  to   space 61952K, 0% used [0x0000000777280000,0x0000000777280000,0x000000077af00000)
 ParOldGen       total 1086464K, used 205528K [0x00000006c6000000, 0x0000000708500000, 0x000000076cb00000)
  object space 1086464K, 18% used [0x00000006c6000000,0x00000006d28b63e0,0x0000000708500000)
 Metaspace       used 112084K, capacity 113370K, committed 114176K, reserved 1146880K
  class space    used 16770K, capacity 17088K, committed 17152K, reserved 1048576K
Event: 46529.778 GC heap after
Heap after GC invocations=69 (full 4):
 PSYoungGen      total 190976K, used 20308K [0x000000076cb00000, 0x000000077e780000, 0x00000007c0000000)
  eden space 170496K, 0% used [0x000000076cb00000,0x000000076cb00000,0x0000000777180000)
  from space 20480K, 99% used [0x0000000777280000,0x0000000778655160,0x0000000778680000)
  to   space 60416K, 0% used [0x000000077ac80000,0x000000077ac80000,0x000000077e780000)
 ParOldGen       total 1086464K, used 207926K [0x00000006c6000000, 0x0000000708500000, 0x000000076cb00000)
  object space 1086464K, 19% used [0x00000006c6000000,0x00000006d2b0da38,0x0000000708500000)
 Metaspace       used 112084K, capacity 113370K, committed 114176K, reserved 1146880K
  class space    used 16770K, capacity 17088K, committed 17152K, reserved 1048576K
}
Event: 46540.872 GC heap before
{Heap before GC invocations=70 (full 4):
 PSYoungGen      total 190976K, used 190804K [0x000000076cb00000, 0x000000077e780000, 0x00000007c0000000)
  eden space 170496K, 100% used [0x000000076cb00000,0x0000000777180000,0x0000000777180000)
  from space 20480K, 99% used [0x0000000777280000,0x0000000778655160,0x0000000778680000)
  to   space 60416K, 0% used [0x000000077ac80000,0x000000077ac80000,0x000000077e780000)
 ParOldGen       total 1086464K, used 207926K [0x00000006c6000000, 0x0000000708500000, 0x000000076cb00000)
  object space 1086464K, 19% used [0x00000006c6000000,0x00000006d2b0da38,0x0000000708500000)
 Metaspace       used 112100K, capacity 113370K, committed 114176K, reserved 1146880K
  class space    used 16770K, capacity 17088K, committed 17152K, reserved 1048576K
Event: 46540.888 GC heap after
Heap after GC invocations=70 (full 4):
 PSYoungGen      total 226816K, used 18376K [0x000000076cb00000, 0x000000077e480000, 0x00000007c0000000)
  eden space 169472K, 0% used [0x000000076cb00000,0x000000076cb00000,0x0000000777080000)
  from space 57344K, 32% used [0x000000077ac80000,0x000000077be72180,0x000000077e480000)
  to   space 59392K, 0% used [0x0000000777080000,0x0000000777080000,0x000000077aa80000)
 ParOldGen       total 1086464K, used 208062K [0x00000006c6000000, 0x0000000708500000, 0x000000076cb00000)
  object space 1086464K, 19% used [0x00000006c6000000,0x00000006d2b2fa38,0x0000000708500000)
 Metaspace       used 112100K, capacity 113370K, committed 114176K, reserved 1146880K
  class space    used 16770K, capacity 17088K, committed 17152K, reserved 1048576K
}
Event: 46547.563 GC heap before
{Heap before GC invocations=71 (full 4):
 PSYoungGen      total 226816K, used 187848K [0x000000076cb00000, 0x000000077e480000, 0x00000007c0000000)
  eden space 169472K, 100% used [0x000000076cb00000,0x0000000777080000,0x0000000777080000)
  from space 57344K, 32% used [0x000000077ac80000,0x000000077be72180,0x000000077e480000)
  to   space 59392K, 0% used [0x0000000777080000,0x0000000777080000,0x000000077aa80000)
 ParOldGen       total 1086464K, used 208062K [0x00000006c6000000, 0x0000000708500000, 0x000000076cb00000)
  object space 1086464K, 19% used [0x00000006c6000000,0x00000006d2b2fa38,0x0000000708500000)
 Metaspace       used 112151K, capacity 113498K, committed 114176K, reserved 1146880K
  class space    used 16770K, capacity 17088K, committed 17152K, reserved 1048576K
Event: 46547.575 GC heap after
Heap after GC invocations=71 (full 4):
 PSYoungGen      total 188416K, used 19931K [0x000000076cb00000, 0x000000077df80000, 0x00000007c0000000)
  eden space 168448K, 0% used [0x000000076cb00000,0x000000076cb00000,0x0000000776f80000)
  from space 19968K, 99% used [0x0000000777080000,0x00000007783f6e68,0x0000000778400000)
  to   space 57344K, 0% used [0x000000077a780000,0x000000077a780000,0x000000077df80000)
 ParOldGen       total 1086464K, used 208158K [0x00000006c6000000, 0x0000000708500000, 0x000000076cb00000)
  object space 1086464K, 19% used [0x00000006c6000000,0x00000006d2b47a48,0x0000000708500000)
 Metaspace       used 112151K, capacity 113498K, committed 114176K, reserved 1146880K
  class space    used 16770K, capacity 17088K, committed 17152K, reserved 1048576K
}
Event: 46563.288 GC heap before
{Heap before GC invocations=72 (full 4):
 PSYoungGen      total 188416K, used 188379K [0x000000076cb00000, 0x000000077df80000, 0x00000007c0000000)
  eden space 168448K, 100% used [0x000000076cb00000,0x0000000776f80000,0x0000000776f80000)
  from space 19968K, 99% used [0x0000000777080000,0x00000007783f6e68,0x0000000778400000)
  to   space 57344K, 0% used [0x000000077a780000,0x000000077a780000,0x000000077df80000)
 ParOldGen       total 1086464K, used 208158K [0x00000006c6000000, 0x0000000708500000, 0x000000076cb00000)
  object space 1086464K, 19% used [0x00000006c6000000,0x00000006d2b47a48,0x0000000708500000)
 Metaspace       used 112176K, capacity 113498K, committed 114176K, reserved 1146880K
  class space    used 16770K, capacity 17088K, committed 17152K, reserved 1048576K
Event: 46563.296 GC heap after
Heap after GC invocations=72 (full 4):
 PSYoungGen      total 222720K, used 14080K [0x000000076cb00000, 0x000000077dd80000, 0x00000007c0000000)
  eden space 167424K, 0% used [0x000000076cb00000,0x000000076cb00000,0x0000000776e80000)
  from space 55296K, 25% used [0x000000077a780000,0x000000077b540308,0x000000077dd80000)
  to   space 56832K, 0% used [0x0000000776e80000,0x0000000776e80000,0x000000077a600000)
 ParOldGen       total 1086464K, used 210414K [0x00000006c6000000, 0x0000000708500000, 0x000000076cb00000)
  object space 1086464K, 19% used [0x00000006c6000000,0x00000006d2d7bb58,0x0000000708500000)
 Metaspace       used 112176K, capacity 113498K, committed 114176K, reserved 1146880K
  class space    used 16770K, capacity 17088K, committed 17152K, reserved 1048576K
}

