# JRE version: Java(TM) SE Runtime Environment (8.0_202-b08) (build 1.8.0_202-b08)
# Java VM: Java HotSpot(TM) 64-Bit Server VM (25.202-b08 mixed mode windows-amd64 compressed oops)
Heap:
 PSYoungGen      total 1067520K, used 668304K [0x000000076cb00000, 0x00000007b5300000, 0x00000007c0000000)
  eden space 1013760K, 61% used [0x000000076cb00000,0x0000000792b94278,0x00000007aa900000)
  from space 53760K, 83% used [0x00000007b1e80000,0x00000007b4a8fe50,0x00000007b5300000)
  to   space 87040K, 0% used [0x00000007aa900000,0x00000007aa900000,0x00000007afe00000)
 ParOldGen       total 521728K, used 170296K [0x00000006c6000000, 0x00000006e5d80000, 0x000000076cb00000)
  object space 521728K, 32% used [0x00000006c6000000,0x00000006d064e0f8,0x00000006e5d80000)
 Metaspace       used 106183K, capacity 107204K, committed 107980K, reserved 1140736K
  class space    used 16468K, capacity 16745K, committed 16844K, reserved 1048576K
GC Heap History (10 events):
Event: 45.730 GC heap before
{Heap before GC invocations=14 (full 3):
 PSYoungGen      total 789504K, used 312772K [0x000000076cb00000, 0x00000007a2480000, 0x00000007c0000000)
  eden space 721408K, 33% used [0x000000076cb00000,0x000000077ba25638,0x0000000798b80000)
  from space 68096K, 99% used [0x000000079de80000,0x00000007a20cbbf8,0x00000007a2100000)
  to   space 78336K, 0% used [0x0000000798b80000,0x0000000798b80000,0x000000079d800000)
 ParOldGen       total 284672K, used 103973K [0x00000006c6000000, 0x00000006d7600000, 0x000000076cb00000)
  object space 284672K, 36% used [0x00000006c6000000,0x00000006cc5894b8,0x00000006d7600000)
 Metaspace       used 98451K, capacity 99430K, committed 100128K, reserved 1134592K
  class space    used 15803K, capacity 16066K, committed 16076K, reserved 1048576K
Event: 45.766 GC heap after
Heap after GC invocations=14 (full 3):
 PSYoungGen      total 799744K, used 78321K [0x000000076cb00000, 0x00000007af080000, 0x00000007c0000000)
  eden space 721408K, 0% used [0x000000076cb00000,0x000000076cb00000,0x0000000798b80000)
  from space 78336K, 99% used [0x0000000798b80000,0x000000079d7fc600,0x000000079d800000)
  to   space 93696K, 0% used [0x00000007a9500000,0x00000007a9500000,0x00000007af080000)
 ParOldGen       total 284672K, used 111795K [0x00000006c6000000, 0x00000006d7600000, 0x000000076cb00000)
  object space 284672K, 39% used [0x00000006c6000000,0x00000006ccd2cdc0,0x00000006d7600000)
 Metaspace       used 98451K, capacity 99430K, committed 100128K, reserved 1134592K
  class space    used 15803K, capacity 16066K, committed 16076K, reserved 1048576K
}
Event: 45.766 GC heap before
{Heap before GC invocations=15 (full 4):
 PSYoungGen      total 799744K, used 78321K [0x000000076cb00000, 0x00000007af080000, 0x00000007c0000000)
  eden space 721408K, 0% used [0x000000076cb00000,0x000000076cb00000,0x0000000798b80000)
  from space 78336K, 99% used [0x0000000798b80000,0x000000079d7fc600,0x000000079d800000)
  to   space 93696K, 0% used [0x00000007a9500000,0x00000007a9500000,0x00000007af080000)
 ParOldGen       total 284672K, used 111795K [0x00000006c6000000, 0x00000006d7600000, 0x000000076cb00000)
  object space 284672K, 39% used [0x00000006c6000000,0x00000006ccd2cdc0,0x00000006d7600000)
 Metaspace       used 98451K, capacity 99430K, committed 100128K, reserved 1134592K
  class space    used 15803K, capacity 16066K, committed 16076K, reserved 1048576K
Event: 46.045 GC heap after
Heap after GC invocations=15 (full 4):
 PSYoungGen      total 799744K, used 0K [0x000000076cb00000, 0x00000007af080000, 0x00000007c0000000)
  eden space 721408K, 0% used [0x000000076cb00000,0x000000076cb00000,0x0000000798b80000)
  from space 78336K, 0% used [0x0000000798b80000,0x0000000798b80000,0x000000079d800000)
  to   space 93696K, 0% used [0x00000007a9500000,0x00000007a9500000,0x00000007af080000)
 ParOldGen       total 521728K, used 169976K [0x00000006c6000000, 0x00000006e5d80000, 0x000000076cb00000)
  object space 521728K, 32% used [0x00000006c6000000,0x00000006d05fe1e0,0x00000006e5d80000)
 Metaspace       used 98406K, capacity 99358K, committed 100128K, reserved 1134592K
  class space    used 15794K, capacity 16050K, committed 16076K, reserved 1048576K
}
Event: 122.409 GC heap before
{Heap before GC invocations=16 (full 4):
 PSYoungGen      total 799744K, used 721408K [0x000000076cb00000, 0x00000007af080000, 0x00000007c0000000)
  eden space 721408K, 100% used [0x000000076cb00000,0x0000000798b80000,0x0000000798b80000)
  from space 78336K, 0% used [0x0000000798b80000,0x0000000798b80000,0x000000079d800000)
  to   space 93696K, 0% used [0x00000007a9500000,0x00000007a9500000,0x00000007af080000)
 ParOldGen       total 521728K, used 169976K [0x00000006c6000000, 0x00000006e5d80000, 0x000000076cb00000)
  object space 521728K, 32% used [0x00000006c6000000,0x00000006d05fe1e0,0x00000006e5d80000)
 Metaspace       used 102610K, capacity 103574K, committed 104268K, reserved 1136640K
  class space    used 16197K, capacity 16444K, committed 16460K, reserved 1048576K
Event: 122.448 GC heap after
Heap after GC invocations=16 (full 4):
 PSYoungGen      total 953344K, used 47533K [0x000000076cb00000, 0x00000007adb00000, 0x00000007c0000000)
  eden space 881664K, 0% used [0x000000076cb00000,0x000000076cb00000,0x00000007a2800000)
  from space 71680K, 66% used [0x00000007a9500000,0x00000007ac36b6a0,0x00000007adb00000)
  to   space 91648K, 0% used [0x00000007a2800000,0x00000007a2800000,0x00000007a8180000)
 ParOldGen       total 521728K, used 170048K [0x00000006c6000000, 0x00000006e5d80000, 0x000000076cb00000)
  object space 521728K, 32% used [0x00000006c6000000,0x00000006d06101f0,0x00000006e5d80000)
 Metaspace       used 102610K, capacity 103574K, committed 104268K, reserved 1136640K
  class space    used 16197K, capacity 16444K, committed 16460K, reserved 1048576K
}
Event: 311.594 GC heap before
{Heap before GC invocations=17 (full 4):
 PSYoungGen      total 953344K, used 929197K [0x000000076cb00000, 0x00000007adb00000, 0x00000007c0000000)
  eden space 881664K, 100% used [0x000000076cb00000,0x00000007a2800000,0x00000007a2800000)
  from space 71680K, 66% used [0x00000007a9500000,0x00000007ac36b6a0,0x00000007adb00000)
  to   space 91648K, 0% used [0x00000007a2800000,0x00000007a2800000,0x00000007a8180000)
 ParOldGen       total 521728K, used 170048K [0x00000006c6000000, 0x00000006e5d80000, 0x000000076cb00000)
  object space 521728K, 32% used [0x00000006c6000000,0x00000006d06101f0,0x00000006e5d80000)
 Metaspace       used 105061K, capacity 106136K, committed 106828K, reserved 1138688K
  class space    used 16453K, capacity 16711K, committed 16716K, reserved 1048576K
Event: 311.614 GC heap after
Heap after GC invocations=17 (full 4):
 PSYoungGen      total 973312K, used 48672K [0x000000076cb00000, 0x00000007b7680000, 0x00000007c0000000)
  eden space 881664K, 0% used [0x000000076cb00000,0x000000076cb00000,0x00000007a2800000)
  from space 91648K, 53% used [0x00000007a2800000,0x00000007a57883f8,0x00000007a8180000)
  to   space 90112K, 0% used [0x00000007b1e80000,0x00000007b1e80000,0x00000007b7680000)
 ParOldGen       total 521728K, used 170056K [0x00000006c6000000, 0x00000006e5d80000, 0x000000076cb00000)
  object space 521728K, 32% used [0x00000006c6000000,0x00000006d06121f0,0x00000006e5d80000)
 Metaspace       used 105061K, capacity 106136K, committed 106828K, reserved 1138688K
  class space    used 16453K, capacity 16711K, committed 16716K, reserved 1048576K
}
Event: 578.611 GC heap before
{Heap before GC invocations=18 (full 4):
 PSYoungGen      total 973312K, used 930336K [0x000000076cb00000, 0x00000007b7680000, 0x00000007c0000000)
  eden space 881664K, 100% used [0x000000076cb00000,0x00000007a2800000,0x00000007a2800000)
  from space 91648K, 53% used [0x00000007a2800000,0x00000007a57883f8,0x00000007a8180000)
  to   space 90112K, 0% used [0x00000007b1e80000,0x00000007b1e80000,0x00000007b7680000)
 ParOldGen       total 521728K, used 170056K [0x00000006c6000000, 0x00000006e5d80000, 0x000000076cb00000)
  object space 521728K, 32% used [0x00000006c6000000,0x00000006d06121f0,0x00000006e5d80000)
 Metaspace       used 105831K, capacity 106846K, committed 107596K, reserved 1140736K
  class space    used 16457K, capacity 16712K, committed 16716K, reserved 1048576K
Event: 578.640 GC heap after
Heap after GC invocations=18 (full 4):
 PSYoungGen      total 1067520K, used 45119K [0x000000076cb00000, 0x00000007b5300000, 0x00000007c0000000)
  eden space 1013760K, 0% used [0x000000076cb00000,0x000000076cb00000,0x00000007aa900000)
  from space 53760K, 83% used [0x00000007b1e80000,0x00000007b4a8fe50,0x00000007b5300000)
  to   space 87040K, 0% used [0x00000007aa900000,0x00000007aa900000,0x00000007afe00000)
 ParOldGen       total 521728K, used 170296K [0x00000006c6000000, 0x00000006e5d80000, 0x000000076cb00000)
  object space 521728K, 32% used [0x00000006c6000000,0x00000006d064e0f8,0x00000006e5d80000)
 Metaspace       used 105831K, capacity 106846K, committed 107596K, reserved 1140736K
  class space    used 16457K, capacity 16712K, committed 16716K, reserved 1048576K
}

