# JRE version: Java(TM) SE Runtime Environment (8.0_202-b08) (build 1.8.0_202-b08)
# Java VM: Java HotSpot(TM) 64-Bit Server VM (25.202-b08 mixed mode windows-amd64 compressed oops)
Heap:
 PSYoungGen      total 440832K, used 282644K [0x000000076cb00000, 0x000000078d980000, 0x00000007c0000000)
  eden space 343552K, 78% used [0x000000076cb00000,0x000000077d346ab0,0x0000000781a80000)
  from space 97280K, 12% used [0x0000000787a80000,0x000000078863e5f0,0x000000078d980000)
  to   space 97792K, 0% used [0x0000000781a80000,0x0000000781a80000,0x0000000787a00000)
 ParOldGen       total 1101312K, used 141403K [0x00000006c6000000, 0x0000000709380000, 0x000000076cb00000)
  object space 1101312K, 12% used [0x00000006c6000000,0x00000006cea16f18,0x0000000709380000)
 Metaspace       used 97880K, capacity 98898K, committed 99968K, reserved 1134592K
  class space    used 15409K, capacity 15650K, committed 15744K, reserved 1048576K
GC Heap History (10 events):
Event: 66.881 GC heap before
{Heap before GC invocations=18 (full 3):
 PSYoungGen      total 336896K, used 336871K [0x000000076cb00000, 0x0000000787300000, 0x00000007c0000000)
  eden space 271360K, 100% used [0x000000076cb00000,0x000000077d400000,0x000000077d400000)
  from space 65536K, 99% used [0x0000000781f00000,0x0000000785ef9e48,0x0000000785f00000)
  to   space 76800K, 0% used [0x000000077d400000,0x000000077d400000,0x0000000781f00000)
 ParOldGen       total 701952K, used 82018K [0x00000006c6000000, 0x00000006f0d80000, 0x000000076cb00000)
  object space 701952K, 11% used [0x00000006c6000000,0x00000006cb0189a8,0x00000006f0d80000)
 Metaspace       used 93463K, capacity 94476K, committed 95360K, reserved 1130496K
  class space    used 14971K, capacity 15231K, committed 15232K, reserved 1048576K
Event: 66.914 GC heap after
Heap after GC invocations=18 (full 3):
 PSYoungGen      total 348160K, used 76796K [0x000000076cb00000, 0x000000078c300000, 0x00000007c0000000)
  eden space 271360K, 0% used [0x000000076cb00000,0x000000076cb00000,0x000000077d400000)
  from space 76800K, 99% used [0x000000077d400000,0x0000000781eff120,0x0000000781f00000)
  to   space 98304K, 0% used [0x0000000786300000,0x0000000786300000,0x000000078c300000)
 ParOldGen       total 701952K, used 107883K [0x00000006c6000000, 0x00000006f0d80000, 0x000000076cb00000)
  object space 701952K, 15% used [0x00000006c6000000,0x00000006cc95ad38,0x00000006f0d80000)
 Metaspace       used 93463K, capacity 94476K, committed 95360K, reserved 1130496K
  class space    used 14971K, capacity 15231K, committed 15232K, reserved 1048576K
}
Event: 90.043 GC heap before
{Heap before GC invocations=19 (full 3):
 PSYoungGen      total 348160K, used 348156K [0x000000076cb00000, 0x000000078c300000, 0x00000007c0000000)
  eden space 271360K, 100% used [0x000000076cb00000,0x000000077d400000,0x000000077d400000)
  from space 76800K, 99% used [0x000000077d400000,0x0000000781eff120,0x0000000781f00000)
  to   space 98304K, 0% used [0x0000000786300000,0x0000000786300000,0x000000078c300000)
 ParOldGen       total 701952K, used 107883K [0x00000006c6000000, 0x00000006f0d80000, 0x000000076cb00000)
  object space 701952K, 15% used [0x00000006c6000000,0x00000006cc95ad38,0x00000006f0d80000)
 Metaspace       used 96454K, capacity 97500K, committed 98432K, reserved 1132544K
  class space    used 15378K, capacity 15627K, committed 15744K, reserved 1048576K
Event: 90.072 GC heap after
Heap after GC invocations=19 (full 3):
 PSYoungGen      total 401408K, used 55664K [0x000000076cb00000, 0x000000078bb00000, 0x00000007c0000000)
  eden space 311296K, 0% used [0x000000076cb00000,0x000000076cb00000,0x000000077fb00000)
  from space 90112K, 61% used [0x0000000786300000,0x000000078995c1a0,0x000000078bb00000)
  to   space 98304K, 0% used [0x000000077fb00000,0x000000077fb00000,0x0000000785b00000)
 ParOldGen       total 701952K, used 127158K [0x00000006c6000000, 0x00000006f0d80000, 0x000000076cb00000)
  object space 701952K, 18% used [0x00000006c6000000,0x00000006cdc2d8a8,0x00000006f0d80000)
 Metaspace       used 96454K, capacity 97500K, committed 98432K, reserved 1132544K
  class space    used 15378K, capacity 15627K, committed 15744K, reserved 1048576K
}
Event: 91.334 GC heap before
{Heap before GC invocations=20 (full 3):
 PSYoungGen      total 401408K, used 114993K [0x000000076cb00000, 0x000000078bb00000, 0x00000007c0000000)
  eden space 311296K, 19% used [0x000000076cb00000,0x00000007704f04f0,0x000000077fb00000)
  from space 90112K, 61% used [0x0000000786300000,0x000000078995c1a0,0x000000078bb00000)
  to   space 98304K, 0% used [0x000000077fb00000,0x000000077fb00000,0x0000000785b00000)
 ParOldGen       total 701952K, used 127158K [0x00000006c6000000, 0x00000006f0d80000, 0x000000076cb00000)
  object space 701952K, 18% used [0x00000006c6000000,0x00000006cdc2d8a8,0x00000006f0d80000)
 Metaspace       used 96621K, capacity 97628K, committed 98560K, reserved 1132544K
  class space    used 15380K, capacity 15627K, committed 15744K, reserved 1048576K
Event: 91.352 GC heap after
Heap after GC invocations=20 (full 3):
 PSYoungGen      total 409600K, used 56053K [0x000000076cb00000, 0x000000078da00000, 0x00000007c0000000)
  eden space 311296K, 0% used [0x000000076cb00000,0x000000076cb00000,0x000000077fb00000)
  from space 98304K, 57% used [0x000000077fb00000,0x00000007831bd4e8,0x0000000785b00000)
  to   space 97792K, 0% used [0x0000000787a80000,0x0000000787a80000,0x000000078da00000)
 ParOldGen       total 701952K, used 127166K [0x00000006c6000000, 0x00000006f0d80000, 0x000000076cb00000)
  object space 701952K, 18% used [0x00000006c6000000,0x00000006cdc2f8a8,0x00000006f0d80000)
 Metaspace       used 96621K, capacity 97628K, committed 98560K, reserved 1132544K
  class space    used 15380K, capacity 15627K, committed 15744K, reserved 1048576K
}
Event: 91.352 GC heap before
{Heap before GC invocations=21 (full 4):
 PSYoungGen      total 409600K, used 56053K [0x000000076cb00000, 0x000000078da00000, 0x00000007c0000000)
  eden space 311296K, 0% used [0x000000076cb00000,0x000000076cb00000,0x000000077fb00000)
  from space 98304K, 57% used [0x000000077fb00000,0x00000007831bd4e8,0x0000000785b00000)
  to   space 97792K, 0% used [0x0000000787a80000,0x0000000787a80000,0x000000078da00000)
 ParOldGen       total 701952K, used 127166K [0x00000006c6000000, 0x00000006f0d80000, 0x000000076cb00000)
  object space 701952K, 18% used [0x00000006c6000000,0x00000006cdc2f8a8,0x00000006f0d80000)
 Metaspace       used 96621K, capacity 97628K, committed 98560K, reserved 1132544K
  class space    used 15380K, capacity 15627K, committed 15744K, reserved 1048576K
Event: 91.587 GC heap after
Heap after GC invocations=21 (full 4):
 PSYoungGen      total 409600K, used 0K [0x000000076cb00000, 0x000000078da00000, 0x00000007c0000000)
  eden space 311296K, 0% used [0x000000076cb00000,0x000000076cb00000,0x000000077fb00000)
  from space 98304K, 0% used [0x000000077fb00000,0x000000077fb00000,0x0000000785b00000)
  to   space 97792K, 0% used [0x0000000787a80000,0x0000000787a80000,0x000000078da00000)
 ParOldGen       total 1101312K, used 141395K [0x00000006c6000000, 0x0000000709380000, 0x000000076cb00000)
  object space 1101312K, 12% used [0x00000006c6000000,0x00000006cea14f18,0x0000000709380000)
 Metaspace       used 96539K, capacity 97496K, committed 98560K, reserved 1132544K
  class space    used 15366K, capacity 15601K, committed 15744K, reserved 1048576K
}
Event: 210.284 GC heap before
{Heap before GC invocations=22 (full 4):
 PSYoungGen      total 409600K, used 311296K [0x000000076cb00000, 0x000000078da00000, 0x00000007c0000000)
  eden space 311296K, 100% used [0x000000076cb00000,0x000000077fb00000,0x000000077fb00000)
  from space 98304K, 0% used [0x000000077fb00000,0x000000077fb00000,0x0000000785b00000)
  to   space 97792K, 0% used [0x0000000787a80000,0x0000000787a80000,0x000000078da00000)
 ParOldGen       total 1101312K, used 141395K [0x00000006c6000000, 0x0000000709380000, 0x000000076cb00000)
  object space 1101312K, 12% used [0x00000006c6000000,0x00000006cea14f18,0x0000000709380000)
 Metaspace       used 97290K, capacity 98362K, committed 99328K, reserved 1132544K
  class space    used 15392K, capacity 15646K, committed 15744K, reserved 1048576K
Event: 210.298 GC heap after
Heap after GC invocations=22 (full 4):
 PSYoungGen      total 440832K, used 12025K [0x000000076cb00000, 0x000000078d980000, 0x00000007c0000000)
  eden space 343552K, 0% used [0x000000076cb00000,0x000000076cb00000,0x0000000781a80000)
  from space 97280K, 12% used [0x0000000787a80000,0x000000078863e5f0,0x000000078d980000)
  to   space 97792K, 0% used [0x0000000781a80000,0x0000000781a80000,0x0000000787a00000)
 ParOldGen       total 1101312K, used 141403K [0x00000006c6000000, 0x0000000709380000, 0x000000076cb00000)
  object space 1101312K, 12% used [0x00000006c6000000,0x00000006cea16f18,0x0000000709380000)
 Metaspace       used 97290K, capacity 98362K, committed 99328K, reserved 1132544K
  class space    used 15392K, capacity 15646K, committed 15744K, reserved 1048576K
}

