# JRE version: Java(TM) SE Runtime Environment (8.0_202-b08) (build 1.8.0_202-b08)
# Java VM: Java HotSpot(TM) 64-Bit Server VM (25.202-b08 mixed mode windows-amd64 compressed oops)
Heap:
 PSYoungGen      total 779264K, used 759323K [0x000000076cb00000, 0x00000007a4e00000, 0x00000007c0000000)
  eden space 720896K, 97% used [0x000000076cb00000,0x00000007977b6d58,0x0000000798b00000)
  from space 58368K, 99% used [0x000000079a480000,0x000000079dd50128,0x000000079dd80000)
  to   space 99840K, 0% used [0x000000079ec80000,0x000000079ec80000,0x00000007a4e00000)
 ParOldGen       total 556032K, used 187582K [0x00000006c6000000, 0x00000006e7f00000, 0x000000076cb00000)
  object space 556032K, 33% used [0x00000006c6000000,0x00000006d172f8c0,0x00000006e7f00000)
 Metaspace       used 107828K, capacity 108888K, committed 109740K, reserved 1142784K
  class space    used 16431K, capacity 16703K, committed 16812K, reserved 1048576K
GC Heap History (10 events):
Event: 165.694 GC heap before
{Heap before GC invocations=15 (full 4):
 PSYoungGen      total 768512K, used 35249K [0x000000076cb00000, 0x00000007a8680000, 0x00000007c0000000)
  eden space 676352K, 0% used [0x000000076cb00000,0x000000076cb00000,0x0000000795f80000)
  from space 92160K, 38% used [0x0000000795f80000,0x00000007981ec5e0,0x000000079b980000)
  to   space 87040K, 0% used [0x00000007a3180000,0x00000007a3180000,0x00000007a8680000)
 ParOldGen       total 280576K, used 208062K [0x00000006c6000000, 0x00000006d7200000, 0x000000076cb00000)
  object space 280576K, 74% used [0x00000006c6000000,0x00000006d2b2fbf0,0x00000006d7200000)
 Metaspace       used 98287K, capacity 99254K, committed 100128K, reserved 1134592K
  class space    used 15487K, capacity 15726K, committed 15788K, reserved 1048576K
Event: 165.965 GC heap after
Heap after GC invocations=15 (full 4):
 PSYoungGen      total 768512K, used 0K [0x000000076cb00000, 0x00000007a8680000, 0x00000007c0000000)
  eden space 676352K, 0% used [0x000000076cb00000,0x000000076cb00000,0x0000000795f80000)
  from space 92160K, 0% used [0x0000000795f80000,0x0000000795f80000,0x000000079b980000)
  to   space 87040K, 0% used [0x00000007a3180000,0x00000007a3180000,0x00000007a8680000)
 ParOldGen       total 556032K, used 187318K [0x00000006c6000000, 0x00000006e7f00000, 0x000000076cb00000)
  object space 556032K, 33% used [0x00000006c6000000,0x00000006d16ed9b8,0x00000006e7f00000)
 Metaspace       used 98158K, capacity 99050K, committed 100128K, reserved 1134592K
  class space    used 15466K, capacity 15688K, committed 15788K, reserved 1048576K
}
Event: 4360.425 GC heap before
{Heap before GC invocations=16 (full 4):
 PSYoungGen      total 768512K, used 676352K [0x000000076cb00000, 0x00000007a8680000, 0x00000007c0000000)
  eden space 676352K, 100% used [0x000000076cb00000,0x0000000795f80000,0x0000000795f80000)
  from space 92160K, 0% used [0x0000000795f80000,0x0000000795f80000,0x000000079b980000)
  to   space 87040K, 0% used [0x00000007a3180000,0x00000007a3180000,0x00000007a8680000)
 ParOldGen       total 556032K, used 187318K [0x00000006c6000000, 0x00000006e7f00000, 0x000000076cb00000)
  object space 556032K, 33% used [0x00000006c6000000,0x00000006d16ed9b8,0x00000006e7f00000)
 Metaspace       used 103199K, capacity 104202K, committed 105132K, reserved 1138688K
  class space    used 16202K, capacity 16448K, committed 16556K, reserved 1048576K
Event: 4360.441 GC heap after
Heap after GC invocations=16 (full 4):
 PSYoungGen      total 883200K, used 22183K [0x000000076cb00000, 0x00000007a8000000, 0x00000007c0000000)
  eden space 802816K, 0% used [0x000000076cb00000,0x000000076cb00000,0x000000079db00000)
  from space 80384K, 27% used [0x00000007a3180000,0x00000007a4729f10,0x00000007a8000000)
  to   space 84480K, 0% used [0x000000079db00000,0x000000079db00000,0x00000007a2d80000)
 ParOldGen       total 556032K, used 187326K [0x00000006c6000000, 0x00000006e7f00000, 0x000000076cb00000)
  object space 556032K, 33% used [0x00000006c6000000,0x00000006d16ef9b8,0x00000006e7f00000)
 Metaspace       used 103199K, capacity 104202K, committed 105132K, reserved 1138688K
  class space    used 16202K, capacity 16448K, committed 16556K, reserved 1048576K
}
Event: 21292.222 GC heap before
{Heap before GC invocations=17 (full 4):
 PSYoungGen      total 883200K, used 824999K [0x000000076cb00000, 0x00000007a8000000, 0x00000007c0000000)
  eden space 802816K, 100% used [0x000000076cb00000,0x000000079db00000,0x000000079db00000)
  from space 80384K, 27% used [0x00000007a3180000,0x00000007a4729f10,0x00000007a8000000)
  to   space 84480K, 0% used [0x000000079db00000,0x000000079db00000,0x00000007a2d80000)
 ParOldGen       total 556032K, used 187326K [0x00000006c6000000, 0x00000006e7f00000, 0x000000076cb00000)
  object space 556032K, 33% used [0x00000006c6000000,0x00000006d16ef9b8,0x00000006e7f00000)
 Metaspace       used 104566K, capacity 105542K, committed 106412K, reserved 1138688K
  class space    used 16235K, capacity 16484K, committed 16556K, reserved 1048576K
Event: 21292.239 GC heap after
Heap after GC invocations=17 (full 4):
 PSYoungGen      total 832512K, used 58198K [0x000000076cb00000, 0x00000007a6b00000, 0x00000007c0000000)
  eden space 774144K, 0% used [0x000000076cb00000,0x000000076cb00000,0x000000079bf00000)
  from space 58368K, 99% used [0x000000079db00000,0x00000007a13d5978,0x00000007a1400000)
  to   space 88064K, 0% used [0x00000007a1500000,0x00000007a1500000,0x00000007a6b00000)
 ParOldGen       total 556032K, used 187334K [0x00000006c6000000, 0x00000006e7f00000, 0x000000076cb00000)
  object space 556032K, 33% used [0x00000006c6000000,0x00000006d16f19b8,0x00000006e7f00000)
 Metaspace       used 104566K, capacity 105542K, committed 106412K, reserved 1138688K
  class space    used 16235K, capacity 16484K, committed 16556K, reserved 1048576K
}
Event: 21835.649 GC heap before
{Heap before GC invocations=18 (full 4):
 PSYoungGen      total 832512K, used 832342K [0x000000076cb00000, 0x00000007a6b00000, 0x00000007c0000000)
  eden space 774144K, 100% used [0x000000076cb00000,0x000000079bf00000,0x000000079bf00000)
  from space 58368K, 99% used [0x000000079db00000,0x00000007a13d5978,0x00000007a1400000)
  to   space 88064K, 0% used [0x00000007a1500000,0x00000007a1500000,0x00000007a6b00000)
 ParOldGen       total 556032K, used 187334K [0x00000006c6000000, 0x00000006e7f00000, 0x000000076cb00000)
  object space 556032K, 33% used [0x00000006c6000000,0x00000006d16f19b8,0x00000006e7f00000)
 Metaspace       used 105465K, capacity 106378K, committed 107436K, reserved 1140736K
  class space    used 16258K, capacity 16484K, committed 16556K, reserved 1048576K
Event: 21835.692 GC heap after
Heap after GC invocations=18 (full 4):
 PSYoungGen      total 830464K, used 81323K [0x000000076cb00000, 0x00000007a6680000, 0x00000007c0000000)
  eden space 747008K, 0% used [0x000000076cb00000,0x000000076cb00000,0x000000079a480000)
  from space 83456K, 97% used [0x00000007a1500000,0x00000007a646ad88,0x00000007a6680000)
  to   space 99328K, 0% used [0x000000079a480000,0x000000079a480000,0x00000007a0580000)
 ParOldGen       total 556032K, used 187342K [0x00000006c6000000, 0x00000006e7f00000, 0x000000076cb00000)
  object space 556032K, 33% used [0x00000006c6000000,0x00000006d16f39b8,0x00000006e7f00000)
 Metaspace       used 105465K, capacity 106378K, committed 107436K, reserved 1140736K
  class space    used 16258K, capacity 16484K, committed 16556K, reserved 1048576K
}
Event: 23549.337 GC heap before
{Heap before GC invocations=19 (full 4):
 PSYoungGen      total 830464K, used 828331K [0x000000076cb00000, 0x00000007a6680000, 0x00000007c0000000)
  eden space 747008K, 100% used [0x000000076cb00000,0x000000079a480000,0x000000079a480000)
  from space 83456K, 97% used [0x00000007a1500000,0x00000007a646ad88,0x00000007a6680000)
  to   space 99328K, 0% used [0x000000079a480000,0x000000079a480000,0x00000007a0580000)
 ParOldGen       total 556032K, used 187342K [0x00000006c6000000, 0x00000006e7f00000, 0x000000076cb00000)
  object space 556032K, 33% used [0x00000006c6000000,0x00000006d16f39b8,0x00000006e7f00000)
 Metaspace       used 106160K, capacity 107164K, committed 108204K, reserved 1140736K
  class space    used 16262K, capacity 16487K, committed 16556K, reserved 1048576K
Event: 23549.355 GC heap after
Heap after GC invocations=19 (full 4):
 PSYoungGen      total 779264K, used 58176K [0x000000076cb00000, 0x00000007a4e00000, 0x00000007c0000000)
  eden space 720896K, 0% used [0x000000076cb00000,0x000000076cb00000,0x0000000798b00000)
  from space 58368K, 99% used [0x000000079a480000,0x000000079dd50128,0x000000079dd80000)
  to   space 99840K, 0% used [0x000000079ec80000,0x000000079ec80000,0x00000007a4e00000)
 ParOldGen       total 556032K, used 187582K [0x00000006c6000000, 0x00000006e7f00000, 0x000000076cb00000)
  object space 556032K, 33% used [0x00000006c6000000,0x00000006d172f8c0,0x00000006e7f00000)
 Metaspace       used 106160K, capacity 107164K, committed 108204K, reserved 1140736K
  class space    used 16262K, capacity 16487K, committed 16556K, reserved 1048576K
}

