# JRE version: Java(TM) SE Runtime Environment (8.0_202-b08) (build 1.8.0_202-b08)
# Java VM: Java HotSpot(TM) 64-Bit Server VM (25.202-b08 mixed mode windows-amd64 compressed oops)
Heap:
 PSYoungGen      total 148480K, used 81730K [0x000000076cb00000, 0x0000000779780000, 0x00000007c0000000)
  eden space 132608K, 49% used [0x000000076cb00000,0x0000000770b80690,0x0000000774c80000)
  from space 15872K, 98% used [0x0000000774e00000,0x0000000775d50248,0x0000000775d80000)
  to   space 38400K, 0% used [0x0000000777200000,0x0000000777200000,0x0000000779780000)
 ParOldGen       total 580608K, used 357261K [0x00000006c6000000, 0x00000006e9700000, 0x000000076cb00000)
  object space 580608K, 61% used [0x00000006c6000000,0x00000006dbce3588,0x00000006e9700000)
 Metaspace       used 121698K, capacity 122884K, committed 123808K, reserved 1155072K
  class space    used 17817K, capacity 18089K, committed 18092K, reserved 1048576K
GC Heap History (10 events):
Event: 16759.255 GC heap before
{Heap before GC invocations=119 (full 10):
 PSYoungGen      total 179200K, used 161052K [0x000000076cb00000, 0x000000077a700000, 0x00000007c0000000)
  eden space 140288K, 100% used [0x000000076cb00000,0x0000000775400000,0x0000000775400000)
  from space 38912K, 53% used [0x0000000778100000,0x0000000779547330,0x000000077a700000)
  to   space 42496K, 0% used [0x0000000775400000,0x0000000775400000,0x0000000777d80000)
 ParOldGen       total 580608K, used 346510K [0x00000006c6000000, 0x00000006e9700000, 0x000000076cb00000)
  object space 580608K, 59% used [0x00000006c6000000,0x00000006db263910,0x00000006e9700000)
 Metaspace       used 121643K, capacity 122778K, committed 123552K, reserved 1155072K
  class space    used 17813K, capacity 18082K, committed 18092K, reserved 1048576K
Event: 16759.268 GC heap after
Heap after GC invocations=119 (full 10):
 PSYoungGen      total 165376K, used 26517K [0x000000076cb00000, 0x000000077a480000, 0x00000007c0000000)
  eden space 138752K, 0% used [0x000000076cb00000,0x000000076cb00000,0x0000000775280000)
  from space 26624K, 99% used [0x0000000775400000,0x0000000776de57d0,0x0000000776e00000)
  to   space 41984K, 0% used [0x0000000777b80000,0x0000000777b80000,0x000000077a480000)
 ParOldGen       total 580608K, used 346886K [0x00000006c6000000, 0x00000006e9700000, 0x000000076cb00000)
  object space 580608K, 59% used [0x00000006c6000000,0x00000006db2c1920,0x00000006e9700000)
 Metaspace       used 121643K, capacity 122778K, committed 123552K, reserved 1155072K
  class space    used 17813K, capacity 18082K, committed 18092K, reserved 1048576K
}
Event: 16857.266 GC heap before
{Heap before GC invocations=120 (full 10):
 PSYoungGen      total 165376K, used 165269K [0x000000076cb00000, 0x000000077a480000, 0x00000007c0000000)
  eden space 138752K, 100% used [0x000000076cb00000,0x0000000775280000,0x0000000775280000)
  from space 26624K, 99% used [0x0000000775400000,0x0000000776de57d0,0x0000000776e00000)
  to   space 41984K, 0% used [0x0000000777b80000,0x0000000777b80000,0x000000077a480000)
 ParOldGen       total 580608K, used 346886K [0x00000006c6000000, 0x00000006e9700000, 0x000000076cb00000)
  object space 580608K, 59% used [0x00000006c6000000,0x00000006db2c1920,0x00000006e9700000)
 Metaspace       used 121647K, capacity 122778K, committed 123552K, reserved 1155072K
  class space    used 17813K, capacity 18082K, committed 18092K, reserved 1048576K
Event: 16857.274 GC heap after
Heap after GC invocations=120 (full 10):
 PSYoungGen      total 176640K, used 15019K [0x000000076cb00000, 0x000000077a200000, 0x00000007c0000000)
  eden space 137216K, 0% used [0x000000076cb00000,0x000000076cb00000,0x0000000775100000)
  from space 39424K, 38% used [0x0000000777b80000,0x0000000778a2ac60,0x000000077a200000)
  to   space 41472K, 0% used [0x0000000775100000,0x0000000775100000,0x0000000777980000)
 ParOldGen       total 580608K, used 352406K [0x00000006c6000000, 0x00000006e9700000, 0x000000076cb00000)
  object space 580608K, 60% used [0x00000006c6000000,0x00000006db8258e0,0x00000006e9700000)
 Metaspace       used 121647K, capacity 122778K, committed 123552K, reserved 1155072K
  class space    used 17813K, capacity 18082K, committed 18092K, reserved 1048576K
}
Event: 20317.383 GC heap before
{Heap before GC invocations=121 (full 10):
 PSYoungGen      total 176640K, used 152235K [0x000000076cb00000, 0x000000077a200000, 0x00000007c0000000)
  eden space 137216K, 100% used [0x000000076cb00000,0x0000000775100000,0x0000000775100000)
  from space 39424K, 38% used [0x0000000777b80000,0x0000000778a2ac60,0x000000077a200000)
  to   space 41472K, 0% used [0x0000000775100000,0x0000000775100000,0x0000000777980000)
 ParOldGen       total 580608K, used 352406K [0x00000006c6000000, 0x00000006e9700000, 0x000000076cb00000)
  object space 580608K, 60% used [0x00000006c6000000,0x00000006db8258e0,0x00000006e9700000)
 Metaspace       used 121648K, capacity 122778K, committed 123552K, reserved 1155072K
  class space    used 17813K, capacity 18082K, committed 18092K, reserved 1048576K
Event: 20317.392 GC heap after
Heap after GC invocations=121 (full 10):
 PSYoungGen      total 148992K, used 12818K [0x000000076cb00000, 0x0000000779f80000, 0x00000007c0000000)
  eden space 135680K, 0% used [0x000000076cb00000,0x000000076cb00000,0x0000000774f80000)
  from space 13312K, 96% used [0x0000000775100000,0x0000000775d84988,0x0000000775e00000)
  to   space 40960K, 0% used [0x0000000777780000,0x0000000777780000,0x0000000779f80000)
 ParOldGen       total 580608K, used 354690K [0x00000006c6000000, 0x00000006e9700000, 0x000000076cb00000)
  object space 580608K, 61% used [0x00000006c6000000,0x00000006dba60b60,0x00000006e9700000)
 Metaspace       used 121648K, capacity 122778K, committed 123552K, reserved 1155072K
  class space    used 17813K, capacity 18082K, committed 18092K, reserved 1048576K
}
Event: 20335.184 GC heap before
{Heap before GC invocations=122 (full 10):
 PSYoungGen      total 148992K, used 148498K [0x000000076cb00000, 0x0000000779f80000, 0x00000007c0000000)
  eden space 135680K, 100% used [0x000000076cb00000,0x0000000774f80000,0x0000000774f80000)
  from space 13312K, 96% used [0x0000000775100000,0x0000000775d84988,0x0000000775e00000)
  to   space 40960K, 0% used [0x0000000777780000,0x0000000777780000,0x0000000779f80000)
 ParOldGen       total 580608K, used 354690K [0x00000006c6000000, 0x00000006e9700000, 0x000000076cb00000)
  object space 580608K, 61% used [0x00000006c6000000,0x00000006dba60b60,0x00000006e9700000)
 Metaspace       used 121667K, capacity 122842K, committed 123808K, reserved 1155072K
  class space    used 17813K, capacity 18082K, committed 18092K, reserved 1048576K
Event: 20335.195 GC heap after
Heap after GC invocations=122 (full 10):
 PSYoungGen      total 170496K, used 16698K [0x000000076cb00000, 0x0000000779b00000, 0x00000007c0000000)
  eden space 134144K, 0% used [0x000000076cb00000,0x000000076cb00000,0x0000000774e00000)
  from space 36352K, 45% used [0x0000000777780000,0x00000007787ce9a0,0x0000000779b00000)
  to   space 39424K, 0% used [0x0000000774e00000,0x0000000774e00000,0x0000000777480000)
 ParOldGen       total 580608K, used 354762K [0x00000006c6000000, 0x00000006e9700000, 0x000000076cb00000)
  object space 580608K, 61% used [0x00000006c6000000,0x00000006dba72b60,0x00000006e9700000)
 Metaspace       used 121667K, capacity 122842K, committed 123808K, reserved 1155072K
  class space    used 17813K, capacity 18082K, committed 18092K, reserved 1048576K
}
Event: 20373.672 GC heap before
{Heap before GC invocations=123 (full 10):
 PSYoungGen      total 170496K, used 150842K [0x000000076cb00000, 0x0000000779b00000, 0x00000007c0000000)
  eden space 134144K, 100% used [0x000000076cb00000,0x0000000774e00000,0x0000000774e00000)
  from space 36352K, 45% used [0x0000000777780000,0x00000007787ce9a0,0x0000000779b00000)
  to   space 39424K, 0% used [0x0000000774e00000,0x0000000774e00000,0x0000000777480000)
 ParOldGen       total 580608K, used 354762K [0x00000006c6000000, 0x00000006e9700000, 0x000000076cb00000)
  object space 580608K, 61% used [0x00000006c6000000,0x00000006dba72b60,0x00000006e9700000)
 Metaspace       used 121698K, capacity 122884K, committed 123808K, reserved 1155072K
  class space    used 17817K, capacity 18089K, committed 18092K, reserved 1048576K
Event: 20373.683 GC heap after
Heap after GC invocations=123 (full 10):
 PSYoungGen      total 148480K, used 15680K [0x000000076cb00000, 0x0000000779780000, 0x00000007c0000000)
  eden space 132608K, 0% used [0x000000076cb00000,0x000000076cb00000,0x0000000774c80000)
  from space 15872K, 98% used [0x0000000774e00000,0x0000000775d50248,0x0000000775d80000)
  to   space 38400K, 0% used [0x0000000777200000,0x0000000777200000,0x0000000779780000)
 ParOldGen       total 580608K, used 357261K [0x00000006c6000000, 0x00000006e9700000, 0x000000076cb00000)
  object space 580608K, 61% used [0x00000006c6000000,0x00000006dbce3588,0x00000006e9700000)
 Metaspace       used 121698K, capacity 122884K, committed 123808K, reserved 1155072K
  class space    used 17817K, capacity 18089K, committed 18092K, reserved 1048576K
}

